2025-02-25 17:15:11 - INFO - Testando: circuit_type1 - SPSAOptimizer - 2 camadas
2025-02-25 17:15:13 - INFO - Iter:     1 | Cost: 0.4546028 | Best Cost: 0.4546028
2025-02-25 17:15:15 - INFO - Iter:     2 | Cost: 0.4496432 | Best Cost: 0.4496432
2025-02-25 17:15:17 - INFO - Iter:     3 | Cost: 0.4626990 | Best Cost: 0.4496432
2025-02-25 17:15:19 - INFO - Iter:     4 | Cost: 0.4681105 | Best Cost: 0.4496432
2025-02-25 17:15:20 - INFO - Iter:     5 | Cost: 0.4479933 | Best Cost: 0.4479933
2025-02-25 17:15:23 - INFO - Iter:     6 | Cost: 0.4497081 | Best Cost: 0.4479933
2025-02-25 17:15:24 - INFO - Iter:     7 | Cost: 0.4420862 | Best Cost: 0.4420862
2025-02-25 17:15:26 - INFO - Iter:     8 | Cost: 0.4654903 | Best Cost: 0.4420862
2025-02-25 17:15:27 - INFO - Iter:     9 | Cost: 0.4522354 | Best Cost: 0.4420862
2025-02-25 17:15:28 - INFO - Iter:    10 | Cost: 0.4546852 | Best Cost: 0.4420862
2025-02-25 17:15:29 - INFO - Iter:    11 | Cost: 0.4387983 | Best Cost: 0.4387983
2025-02-25 17:15:31 - INFO - Iter:    12 | Cost: 0.4321199 | Best Cost: 0.4321199
2025-02-25 17:15:32 - INFO - Iter:    13 | Cost: 0.4545007 | Best Cost: 0.4321199
2025-02-25 17:15:34 - INFO - Iter:    14 | Cost: 0.4413087 | Best Cost: 0.4321199
2025-02-25 17:15:35 - INFO - Iter:    15 | Cost: 0.4428626 | Best Cost: 0.4321199
2025-02-25 17:15:37 - INFO - Iter:    16 | Cost: 0.4515544 | Best Cost: 0.4321199
2025-02-25 17:15:39 - INFO - Iter:    17 | Cost: 0.4742793 | Best Cost: 0.4321199
2025-02-25 17:15:41 - INFO - Iter:    18 | Cost: 0.4263983 | Best Cost: 0.4263983
2025-02-25 17:15:43 - INFO - Iter:    19 | Cost: 0.4447403 | Best Cost: 0.4263983
2025-02-25 17:15:44 - INFO - Iter:    20 | Cost: 0.4394607 | Best Cost: 0.4263983
2025-02-25 17:15:46 - INFO - Iter:    21 | Cost: 0.4379390 | Best Cost: 0.4263983
2025-02-25 17:15:48 - INFO - Iter:    22 | Cost: 0.4513444 | Best Cost: 0.4263983
2025-02-25 17:15:50 - INFO - Iter:    23 | Cost: 0.4446679 | Best Cost: 0.4263983
2025-02-25 17:15:51 - INFO - Iter:    24 | Cost: 0.4586076 | Best Cost: 0.4263983
2025-02-25 17:15:53 - INFO - Iter:    25 | Cost: 0.4754684 | Best Cost: 0.4263983
2025-02-25 17:15:55 - INFO - Iter:    26 | Cost: 0.4643017 | Best Cost: 0.4263983
2025-02-25 17:15:56 - INFO - Iter:    27 | Cost: 0.4603472 | Best Cost: 0.4263983
2025-02-25 17:15:57 - INFO - Iter:    28 | Cost: 0.4410987 | Best Cost: 0.4263983
2025-02-25 17:15:58 - INFO - Iter:    29 | Cost: 0.4645395 | Best Cost: 0.4263983
2025-02-25 17:15:59 - INFO - Iter:    30 | Cost: 0.4402971 | Best Cost: 0.4263983
2025-02-25 17:16:01 - INFO - Iter:    31 | Cost: 0.4320446 | Best Cost: 0.4263983
2025-02-25 17:16:02 - INFO - Iter:    32 | Cost: 0.4401468 | Best Cost: 0.4263983
2025-02-25 17:16:04 - INFO - Iter:    33 | Cost: 0.4446733 | Best Cost: 0.4263983
2025-02-25 17:16:05 - INFO - Iter:    34 | Cost: 0.4420449 | Best Cost: 0.4263983
2025-02-25 17:16:07 - INFO - Iter:    35 | Cost: 0.4295105 | Best Cost: 0.4263983
2025-02-25 17:16:08 - INFO - Iter:    36 | Cost: 0.4562895 | Best Cost: 0.4263983
2025-02-25 17:16:09 - INFO - Iter:    37 | Cost: 0.4314760 | Best Cost: 0.4263983
2025-02-25 17:16:10 - INFO - Iter:    38 | Cost: 0.4528473 | Best Cost: 0.4263983
2025-02-25 17:16:18 - INFO - Custo Final: 0.42639834685577116
2025-02-25 17:16:18 - INFO - Silhouette: 0.31473167684961706
2025-02-25 17:16:18 - INFO - Davies Bouldin: 1.2565202391430694
2025-02-25 17:16:18 - INFO - Calinski Harabasz: 142.68382737906455
2025-02-25 17:16:18 - INFO - 
Melhores Resultados:
2025-02-25 17:16:18 - INFO - Otimizador: SPSAOptimizer
2025-02-25 17:16:18 - INFO - Tipo de Circuito: circuit_type1
2025-02-25 17:16:18 - INFO - Número de Camadas: 2
2025-02-25 17:16:18 - INFO - Custo: 0.42639834685577116
2025-02-25 17:16:18 - INFO - Score Davies: 1.2565202391430694
2025-02-25 17:16:18 - INFO - Score Calinski: 142.68382737906455
2025-02-25 17:16:18 - INFO - Score Silhouette: 0.31473167684961706
2025-02-25 17:16:18 - INFO - [[[-0.793062236144538, 2.8614122073940447, 1.4803673445158816], [0.5987877141903656, -2.1522470774943137, -2.1778102227613]], [[-2.764892880747854, 2.320198257011265, 0.6454279337676477], [1.3138116265588804, -3.002399156450621, 2.9519080348737887]]]
2025-02-25 17:18:03 - INFO - Testando: circuit_type1 - SPSAOptimizer - 2 camadas
2025-02-25 17:18:05 - INFO - Iter:     1 | Cost: 0.4496720 | Best Cost: 0.4496720
2025-02-25 17:18:07 - INFO - Iter:     2 | Cost: 0.4365032 | Best Cost: 0.4365032
2025-02-25 17:18:09 - INFO - Iter:     3 | Cost: 0.4521229 | Best Cost: 0.4365032
2025-02-25 17:18:10 - INFO - Iter:     4 | Cost: 0.4358556 | Best Cost: 0.4358556
2025-02-25 17:18:11 - INFO - Iter:     5 | Cost: 0.4562729 | Best Cost: 0.4358556
2025-02-25 17:18:12 - INFO - Iter:     6 | Cost: 0.4623638 | Best Cost: 0.4358556
2025-02-25 17:18:14 - INFO - Iter:     7 | Cost: 0.4238036 | Best Cost: 0.4238036
2025-02-25 17:18:15 - INFO - Iter:     8 | Cost: 0.4570613 | Best Cost: 0.4238036
2025-02-25 17:18:17 - INFO - Iter:     9 | Cost: 0.4509427 | Best Cost: 0.4238036
2025-02-25 17:18:18 - INFO - Iter:    10 | Cost: 0.4377913 | Best Cost: 0.4238036
2025-02-25 17:18:20 - INFO - Iter:    11 | Cost: 0.4346964 | Best Cost: 0.4238036
2025-02-25 17:18:21 - INFO - Iter:    12 | Cost: 0.4653001 | Best Cost: 0.4238036
2025-02-25 17:18:23 - INFO - Iter:    13 | Cost: 0.4518260 | Best Cost: 0.4238036
2025-02-25 17:18:24 - INFO - Iter:    14 | Cost: 0.4272824 | Best Cost: 0.4238036
2025-02-25 17:18:26 - INFO - Iter:    15 | Cost: 0.4491160 | Best Cost: 0.4238036
2025-02-25 17:18:27 - INFO - Iter:    16 | Cost: 0.4378929 | Best Cost: 0.4238036
2025-02-25 17:18:29 - INFO - Iter:    17 | Cost: 0.4402398 | Best Cost: 0.4238036
2025-02-25 17:18:32 - INFO - Iter:    18 | Cost: 0.4444742 | Best Cost: 0.4238036
2025-02-25 17:18:34 - INFO - Iter:    19 | Cost: 0.4439094 | Best Cost: 0.4238036
2025-02-25 17:18:36 - INFO - Iter:    20 | Cost: 0.4278184 | Best Cost: 0.4238036
2025-02-25 17:18:38 - INFO - Iter:    21 | Cost: 0.4418350 | Best Cost: 0.4238036
2025-02-25 17:18:40 - INFO - Iter:    22 | Cost: 0.4684797 | Best Cost: 0.4238036
2025-02-25 17:18:42 - INFO - Iter:    23 | Cost: 0.4621721 | Best Cost: 0.4238036
2025-02-25 17:18:44 - INFO - Iter:    24 | Cost: 0.4441571 | Best Cost: 0.4238036
2025-02-25 17:18:46 - INFO - Iter:    25 | Cost: 0.4331576 | Best Cost: 0.4238036
2025-02-25 17:18:49 - INFO - Iter:    26 | Cost: 0.4643462 | Best Cost: 0.4238036
2025-02-25 17:18:51 - INFO - Iter:    27 | Cost: 0.4482260 | Best Cost: 0.4238036
2025-02-25 17:18:59 - INFO - Custo Final: 0.42380360715127874
2025-02-25 17:18:59 - INFO - Silhouette: 0.32498169439632707
2025-02-25 17:18:59 - INFO - Davies Bouldin: 1.2618134987243197
2025-02-25 17:18:59 - INFO - Calinski Harabasz: 146.82484064095908
2025-02-25 17:18:59 - INFO - 
Melhores Resultados:
2025-02-25 17:18:59 - INFO - Otimizador: SPSAOptimizer
2025-02-25 17:18:59 - INFO - Tipo de Circuito: circuit_type1
2025-02-25 17:18:59 - INFO - Número de Camadas: 2
2025-02-25 17:18:59 - INFO - Custo: 0.42380360715127874
2025-02-25 17:18:59 - INFO - Score Davies: 1.2618134987243197
2025-02-25 17:18:59 - INFO - Score Calinski: 146.82484064095908
2025-02-25 17:18:59 - INFO - Score Silhouette: 0.32498169439632707
2025-02-25 17:18:59 - INFO - [[[0.494820913452714, -0.45829668985977207, -2.691281618323962], [2.4681372582782566, 0.6983480903656398, -2.414533012280956]], [[0.06572178354911971, -0.018882283928565936, -2.760284198688093], [0.6692746504743692, 1.933105340137327, 1.5611917959788522]]]
2025-02-25 17:19:07 - INFO - Testando: circuit_type1 - SPSAOptimizer - 2 camadas
2025-02-25 17:19:10 - INFO - Iter:     1 | Cost: 0.2312264 | Best Cost: 0.2312264
2025-02-25 17:19:12 - INFO - Iter:     2 | Cost: 0.2176210 | Best Cost: 0.2176210
2025-02-25 17:19:14 - INFO - Iter:     3 | Cost: 0.2255020 | Best Cost: 0.2176210
2025-02-25 17:19:16 - INFO - Iter:     4 | Cost: 0.2269920 | Best Cost: 0.2176210
2025-02-25 17:19:17 - INFO - Iter:     5 | Cost: 0.2170709 | Best Cost: 0.2170709
2025-02-25 17:19:18 - INFO - Iter:     6 | Cost: 0.2223203 | Best Cost: 0.2170709
2025-02-25 17:19:20 - INFO - Iter:     7 | Cost: 0.2135396 | Best Cost: 0.2135396
2025-02-25 17:19:21 - INFO - Iter:     8 | Cost: 0.2269991 | Best Cost: 0.2135396
2025-02-25 17:19:23 - INFO - Iter:     9 | Cost: 0.2113369 | Best Cost: 0.2113369
2025-02-25 17:19:25 - INFO - Iter:    10 | Cost: 0.2251861 | Best Cost: 0.2113369
2025-02-25 17:19:27 - INFO - Iter:    11 | Cost: 0.2316849 | Best Cost: 0.2113369
2025-02-25 17:19:29 - INFO - Iter:    12 | Cost: 0.2156370 | Best Cost: 0.2113369
2025-02-25 17:19:31 - INFO - Iter:    13 | Cost: 0.2277347 | Best Cost: 0.2113369
2025-02-25 17:19:33 - INFO - Iter:    14 | Cost: 0.2147918 | Best Cost: 0.2113369
2025-02-25 17:19:35 - INFO - Iter:    15 | Cost: 0.2285209 | Best Cost: 0.2113369
2025-02-25 17:19:37 - INFO - Iter:    16 | Cost: 0.2327465 | Best Cost: 0.2113369
2025-02-25 17:19:39 - INFO - Iter:    17 | Cost: 0.2266778 | Best Cost: 0.2113369
2025-02-25 17:19:42 - INFO - Iter:    18 | Cost: 0.2257031 | Best Cost: 0.2113369
2025-02-25 17:19:44 - INFO - Iter:    19 | Cost: 0.2255616 | Best Cost: 0.2113369
2025-02-25 17:19:46 - INFO - Iter:    20 | Cost: 0.2108188 | Best Cost: 0.2108188
2025-02-25 17:19:48 - INFO - Iter:    21 | Cost: 0.2187326 | Best Cost: 0.2108188
2025-02-25 17:19:50 - INFO - Iter:    22 | Cost: 0.2089536 | Best Cost: 0.2089536
2025-02-25 17:19:52 - INFO - Iter:    23 | Cost: 0.1910792 | Best Cost: 0.1910792
2025-02-25 17:19:54 - INFO - Iter:    24 | Cost: 0.2148914 | Best Cost: 0.1910792
2025-02-25 17:19:56 - INFO - Iter:    25 | Cost: 0.2029168 | Best Cost: 0.1910792
2025-02-25 17:19:58 - INFO - Iter:    26 | Cost: 0.2294393 | Best Cost: 0.1910792
2025-02-25 17:20:00 - INFO - Iter:    27 | Cost: 0.2171604 | Best Cost: 0.1910792
2025-02-25 17:20:03 - INFO - Iter:    28 | Cost: 0.2170860 | Best Cost: 0.1910792
2025-02-25 17:20:05 - INFO - Iter:    29 | Cost: 0.2217447 | Best Cost: 0.1910792
2025-02-25 17:20:07 - INFO - Iter:    30 | Cost: 0.2208777 | Best Cost: 0.1910792
2025-02-25 17:20:09 - INFO - Iter:    31 | Cost: 0.2259361 | Best Cost: 0.1910792
2025-02-25 17:20:11 - INFO - Iter:    32 | Cost: 0.2285053 | Best Cost: 0.1910792
2025-02-25 17:20:12 - INFO - Iter:    33 | Cost: 0.2290846 | Best Cost: 0.1910792
2025-02-25 17:20:13 - INFO - Iter:    34 | Cost: 0.2187898 | Best Cost: 0.1910792
2025-02-25 17:20:14 - INFO - Iter:    35 | Cost: 0.2166156 | Best Cost: 0.1910792
2025-02-25 17:20:16 - INFO - Iter:    36 | Cost: 0.2082899 | Best Cost: 0.1910792
2025-02-25 17:20:17 - INFO - Iter:    37 | Cost: 0.2295206 | Best Cost: 0.1910792
2025-02-25 17:20:18 - INFO - Iter:    38 | Cost: 0.2241844 | Best Cost: 0.1910792
2025-02-25 17:20:20 - INFO - Iter:    39 | Cost: 0.2149689 | Best Cost: 0.1910792
2025-02-25 17:20:21 - INFO - Iter:    40 | Cost: 0.2163849 | Best Cost: 0.1910792
2025-02-25 17:20:23 - INFO - Iter:    41 | Cost: 0.2230990 | Best Cost: 0.1910792
2025-02-25 17:20:25 - INFO - Iter:    42 | Cost: 0.2133352 | Best Cost: 0.1910792
2025-02-25 17:20:27 - INFO - Iter:    43 | Cost: 0.2333401 | Best Cost: 0.1910792
2025-02-25 17:20:31 - INFO - Custo Final: 0.19107924473987747
2025-02-25 17:20:31 - INFO - Silhouette: 0.8236914617561262
2025-02-25 17:20:31 - INFO - Davies Bouldin: 0.24611524814219152
2025-02-25 17:20:31 - INFO - Calinski Harabasz: 1520.2651293681783
2025-02-25 17:20:31 - INFO - 
Melhores Resultados:
2025-02-25 17:20:31 - INFO - Otimizador: SPSAOptimizer
2025-02-25 17:20:31 - INFO - Tipo de Circuito: circuit_type1
2025-02-25 17:20:31 - INFO - Número de Camadas: 2
2025-02-25 17:20:31 - INFO - Custo: 0.19107924473987747
2025-02-25 17:20:31 - INFO - Score Davies: 0.24611524814219152
2025-02-25 17:20:31 - INFO - Score Calinski: 1520.2651293681783
2025-02-25 17:20:31 - INFO - Score Silhouette: 0.8236914617561262
2025-02-25 17:20:31 - INFO - [[[-2.338392412115724, -0.09154156538785442, -2.137864980989521], [1.2202349494772387, 0.4779932940666071, 1.5269058066145362]], [[-2.7252870387942236, 2.9317617230042607, -3.1443482623035606], [-1.1076902054708189, 1.1166978553979572, -2.8699374773027535]]]
