2025-03-09 04:31:43 - INFO - Testando: circuit_type1 - SPSAOptimizer - 2 camadas
2025-03-09 04:31:43 - ERROR - Erro ao testar circuit_type1 - SPSAOptimizer - 2 camadas: genetic_algorithm_train() got an unexpected keyword argument 'optimizer'
2025-03-09 04:33:07 - INFO - Testando: circuit_type1 - SPSAOptimizer - 2 camadas
2025-03-09 04:35:17 - INFO - Gen 1: Best Fitness = 0.4228
2025-03-09 04:37:22 - INFO - Gen 2: Best Fitness = 0.4228
2025-03-09 04:39:29 - INFO - Gen 3: Best Fitness = 0.4228
2025-03-09 04:41:26 - INFO - Gen 4: Best Fitness = 0.4228
2025-03-09 04:43:27 - INFO - Gen 5: Best Fitness = 0.4228
2025-03-09 04:45:22 - INFO - Gen 6: Best Fitness = 0.4228
2025-03-09 04:47:10 - INFO - Gen 7: Best Fitness = 0.4228
2025-03-09 04:48:56 - INFO - Gen 8: Best Fitness = 0.4228
2025-03-09 04:50:48 - INFO - Gen 9: Best Fitness = 0.4228
2025-03-09 04:52:39 - INFO - Gen 10: Best Fitness = 0.4228
2025-03-09 04:54:31 - INFO - Gen 11: Best Fitness = 0.4227
2025-03-09 04:56:25 - INFO - Gen 12: Best Fitness = 0.4224
2025-03-09 04:58:11 - INFO - Gen 13: Best Fitness = 0.4224
2025-03-09 04:59:57 - INFO - Gen 14: Best Fitness = 0.4224
2025-03-09 05:01:45 - INFO - Gen 15: Best Fitness = 0.4224
2025-03-09 05:03:34 - INFO - Gen 16: Best Fitness = 0.4224
2025-03-09 05:05:28 - INFO - Gen 17: Best Fitness = 0.4224
2025-03-09 05:07:19 - INFO - Gen 18: Best Fitness = 0.4224
2025-03-09 05:09:08 - INFO - Gen 19: Best Fitness = 0.4224
2025-03-09 05:10:57 - INFO - Gen 20: Best Fitness = 0.4224
2025-03-09 05:12:47 - INFO - Gen 21: Best Fitness = 0.4223
2025-03-09 05:14:38 - INFO - Gen 22: Best Fitness = 0.4223
2025-03-09 05:16:33 - INFO - Gen 23: Best Fitness = 0.4223
2025-03-09 05:18:40 - INFO - Gen 24: Best Fitness = 0.4223
2025-03-09 05:21:02 - INFO - Gen 25: Best Fitness = 0.4223
2025-03-09 05:23:25 - INFO - Gen 26: Best Fitness = 0.4223
2025-03-09 05:25:22 - INFO - Gen 27: Best Fitness = 0.4223
2025-03-09 05:27:19 - INFO - Gen 28: Best Fitness = 0.4223
2025-03-09 05:29:15 - INFO - Gen 29: Best Fitness = 0.4223
2025-03-09 05:31:11 - INFO - Gen 30: Best Fitness = 0.4223
2025-03-09 05:33:08 - INFO - Gen 31: Best Fitness = 0.4223
2025-03-09 05:35:02 - INFO - Gen 32: Best Fitness = 0.4223
2025-03-09 05:36:51 - INFO - Gen 33: Best Fitness = 0.4223
2025-03-09 05:38:39 - INFO - Gen 34: Best Fitness = 0.4223
2025-03-09 05:40:27 - INFO - Gen 35: Best Fitness = 0.4223
2025-03-09 05:42:16 - INFO - Gen 36: Best Fitness = 0.4223
2025-03-09 05:44:05 - INFO - Gen 37: Best Fitness = 0.4223
2025-03-09 05:45:52 - INFO - Gen 38: Best Fitness = 0.4223
2025-03-09 05:47:40 - INFO - Gen 39: Best Fitness = 0.4223
2025-03-09 05:49:28 - INFO - Gen 40: Best Fitness = 0.4223
2025-03-09 14:59:35 - INFO - Gen 41: Best Fitness = 0.4223
2025-03-09 15:01:54 - INFO - Gen 42: Best Fitness = 0.4223
2025-03-09 15:04:17 - INFO - Gen 43: Best Fitness = 0.4223
2025-03-09 15:06:39 - INFO - Gen 44: Best Fitness = 0.4223
2025-03-09 15:09:04 - INFO - Gen 45: Best Fitness = 0.4223
2025-03-09 15:11:27 - INFO - Gen 46: Best Fitness = 0.4223
2025-03-09 15:14:00 - INFO - Gen 47: Best Fitness = 0.4223
2025-03-09 15:16:30 - INFO - Gen 48: Best Fitness = 0.4223
2025-03-09 15:18:55 - INFO - Gen 49: Best Fitness = 0.4223
2025-03-09 15:21:24 - INFO - Gen 50: Best Fitness = 0.4223
2025-03-09 15:23:38 - INFO - Gen 51: Best Fitness = 0.4223
2025-03-09 15:25:35 - INFO - Gen 52: Best Fitness = 0.4223
2025-03-09 15:27:32 - INFO - Gen 53: Best Fitness = 0.4223
2025-03-09 15:29:29 - INFO - Gen 54: Best Fitness = 0.4223
2025-03-09 15:31:26 - INFO - Gen 55: Best Fitness = 0.4223
2025-03-09 15:33:24 - INFO - Gen 56: Best Fitness = 0.4223
2025-03-09 15:35:22 - INFO - Gen 57: Best Fitness = 0.4223
2025-03-09 15:37:19 - INFO - Gen 58: Best Fitness = 0.4223
2025-03-09 15:39:15 - INFO - Gen 59: Best Fitness = 0.4223
2025-03-09 15:41:12 - INFO - Gen 60: Best Fitness = 0.4223
2025-03-09 15:43:17 - INFO - Gen 61: Best Fitness = 0.4223
2025-03-09 15:45:48 - INFO - Gen 62: Best Fitness = 0.4223
2025-03-09 15:48:17 - INFO - Gen 63: Best Fitness = 0.4223
2025-03-09 15:50:32 - INFO - Gen 64: Best Fitness = 0.4223
2025-03-09 15:52:59 - INFO - Gen 65: Best Fitness = 0.4223
2025-03-09 15:55:23 - INFO - Gen 66: Best Fitness = 0.4223
2025-03-09 15:57:28 - INFO - Gen 67: Best Fitness = 0.4223
2025-03-09 15:59:16 - INFO - Gen 68: Best Fitness = 0.4223
2025-03-09 16:01:05 - INFO - Gen 69: Best Fitness = 0.4223
2025-03-09 16:03:18 - INFO - Gen 70: Best Fitness = 0.4223
2025-03-09 16:05:23 - INFO - Gen 71: Best Fitness = 0.4223
2025-03-09 16:07:28 - INFO - Gen 72: Best Fitness = 0.4223
2025-03-09 16:09:19 - INFO - Gen 73: Best Fitness = 0.4223
2025-03-09 16:11:08 - INFO - Gen 74: Best Fitness = 0.4223
2025-03-09 16:13:01 - INFO - Gen 75: Best Fitness = 0.4223
2025-03-09 16:14:53 - INFO - Gen 76: Best Fitness = 0.4223
2025-03-09 16:16:46 - INFO - Gen 77: Best Fitness = 0.4223
2025-03-09 16:18:38 - INFO - Gen 78: Best Fitness = 0.4223
2025-03-09 16:20:30 - INFO - Gen 79: Best Fitness = 0.4223
2025-03-09 16:22:22 - INFO - Gen 80: Best Fitness = 0.4223
2025-03-09 16:24:14 - INFO - Gen 81: Best Fitness = 0.4223
2025-03-09 16:26:06 - INFO - Gen 82: Best Fitness = 0.4223
2025-03-09 16:27:58 - INFO - Gen 83: Best Fitness = 0.4223
2025-03-09 16:29:50 - INFO - Gen 84: Best Fitness = 0.4223
2025-03-09 16:32:57 - INFO - Gen 85: Best Fitness = 0.4223
2025-03-09 16:35:18 - INFO - Gen 86: Best Fitness = 0.4223
2025-03-09 16:38:15 - INFO - Gen 87: Best Fitness = 0.4223
2025-03-09 16:41:06 - INFO - Gen 88: Best Fitness = 0.4223
2025-03-09 16:43:43 - INFO - Gen 89: Best Fitness = 0.4223
2025-03-09 16:46:06 - INFO - Gen 90: Best Fitness = 0.4223
2025-03-09 16:48:31 - INFO - Gen 91: Best Fitness = 0.4223
2025-03-09 16:50:54 - INFO - Gen 92: Best Fitness = 0.4223
2025-03-09 16:53:17 - INFO - Gen 93: Best Fitness = 0.4223
2025-03-09 16:55:34 - INFO - Gen 94: Best Fitness = 0.4223
2025-03-09 16:57:58 - INFO - Gen 95: Best Fitness = 0.4223
2025-03-09 17:00:17 - INFO - Gen 96: Best Fitness = 0.4223
2025-03-09 17:02:41 - INFO - Gen 97: Best Fitness = 0.4223
2025-03-09 17:05:09 - INFO - Gen 98: Best Fitness = 0.4223
2025-03-09 17:07:30 - INFO - Gen 99: Best Fitness = 0.4223
2025-03-09 17:09:47 - INFO - Gen 100: Best Fitness = 0.4223
2025-03-09 17:09:48 - INFO - 
Melhores Resultados:
2025-03-09 17:09:48 - INFO - Otimizador: SPSAOptimizer
2025-03-09 17:09:48 - INFO - Tipo de Circuito: circuit_type1
2025-03-09 17:09:48 - INFO - Número de Camadas: 2
2025-03-09 17:09:48 - INFO - Custo: 0.4223280645829156
2025-03-09 17:09:48 - INFO - Score Davies: 1.3033961135793208
2025-03-09 17:09:48 - INFO - Score Calinski: 143.92044885746284
2025-03-09 17:09:48 - INFO - Score Silhouette: 0.32012988394580905
2025-03-09 17:09:48 - INFO - [[[2.644742103851252, 0.018739073196189088, -0.22017440258372842], [1.8761269576089272, 1.1388800463790951, 1.0619693540394877]], [[2.306232837442641, 2.345207896689232, -1.0371268490162298], [-0.4259032092853827, -2.387271972982449, 0.4918486317511066]]]
2025-03-09 17:13:27 - INFO - Testando: circuit_type1 - SPSAOptimizer - 2 camadas
2025-03-09 17:13:45 - INFO - Testando: circuit_type1 - SPSAOptimizer - 2 camadas
2025-03-09 17:15:14 - INFO - Epoch 1: Best Fitness = 0.4228
2025-03-09 17:16:42 - INFO - Epoch 2: Best Fitness = 0.4228
2025-03-09 17:18:14 - INFO - Epoch 3: Best Fitness = 0.4228
2025-03-09 17:19:46 - INFO - Epoch 4: Best Fitness = 0.4228
2025-03-09 17:21:15 - INFO - Epoch 5: Best Fitness = 0.4228
2025-03-09 17:22:46 - INFO - Epoch 6: Best Fitness = 0.4228
2025-03-09 17:24:15 - INFO - Epoch 7: Best Fitness = 0.4228
2025-03-09 17:25:42 - INFO - Epoch 8: Best Fitness = 0.4228
2025-03-09 17:27:09 - INFO - Epoch 9: Best Fitness = 0.4228
2025-03-09 17:28:38 - INFO - Epoch 10: Best Fitness = 0.4225
2025-03-09 17:30:02 - INFO - Epoch 11: Best Fitness = 0.4225
2025-03-09 17:31:23 - INFO - Epoch 12: Best Fitness = 0.4225
2025-03-09 17:32:43 - INFO - Epoch 13: Best Fitness = 0.4225
2025-03-09 17:34:07 - INFO - Epoch 14: Best Fitness = 0.4225
2025-03-09 17:35:37 - INFO - Epoch 15: Best Fitness = 0.4225
2025-03-09 17:37:00 - INFO - Epoch 16: Best Fitness = 0.4225
2025-03-09 17:38:28 - INFO - Epoch 17: Best Fitness = 0.4225
2025-03-09 17:39:52 - INFO - Epoch 18: Best Fitness = 0.4225
2025-03-09 17:41:19 - INFO - Epoch 19: Best Fitness = 0.4225
2025-03-09 17:42:49 - INFO - Epoch 20: Best Fitness = 0.4225
2025-03-09 17:44:14 - INFO - Epoch 21: Best Fitness = 0.4224
2025-03-09 17:45:39 - INFO - Epoch 22: Best Fitness = 0.4224
2025-03-09 17:47:11 - INFO - Epoch 23: Best Fitness = 0.4224
2025-03-09 17:48:37 - INFO - Epoch 24: Best Fitness = 0.4224
2025-03-09 17:50:02 - INFO - Epoch 25: Best Fitness = 0.4224
2025-03-09 17:51:36 - INFO - Epoch 26: Best Fitness = 0.4224
2025-03-09 17:53:13 - INFO - Epoch 27: Best Fitness = 0.4224
2025-03-09 17:54:47 - INFO - Epoch 28: Best Fitness = 0.4224
2025-03-09 17:56:23 - INFO - Epoch 29: Best Fitness = 0.4224
2025-03-09 17:57:59 - INFO - Epoch 30: Best Fitness = 0.4224
2025-03-09 17:59:25 - INFO - Epoch 31: Best Fitness = 0.4224
2025-03-09 18:00:51 - INFO - Epoch 32: Best Fitness = 0.4224
2025-03-09 18:02:14 - INFO - Epoch 33: Best Fitness = 0.4224
2025-03-09 18:03:40 - INFO - Epoch 34: Best Fitness = 0.4224
2025-03-09 18:05:19 - INFO - Epoch 35: Best Fitness = 0.4224
2025-03-09 18:06:52 - INFO - Epoch 36: Best Fitness = 0.4224
2025-03-09 18:08:26 - INFO - Epoch 37: Best Fitness = 0.4224
2025-03-09 18:09:54 - INFO - Epoch 38: Best Fitness = 0.4224
2025-03-09 18:11:20 - INFO - Epoch 39: Best Fitness = 0.4224
2025-03-09 18:12:47 - INFO - Epoch 40: Best Fitness = 0.4224
2025-03-09 18:14:18 - INFO - Epoch 41: Best Fitness = 0.4224
2025-03-09 18:15:46 - INFO - Epoch 42: Best Fitness = 0.4224
2025-03-09 18:17:16 - INFO - Epoch 43: Best Fitness = 0.4224
2025-03-09 18:18:57 - INFO - Epoch 44: Best Fitness = 0.4224
2025-03-09 18:20:40 - INFO - Epoch 45: Best Fitness = 0.4224
2025-03-09 18:22:18 - INFO - Epoch 46: Best Fitness = 0.4224
2025-03-09 18:24:00 - INFO - Epoch 47: Best Fitness = 0.4224
2025-03-09 18:25:42 - INFO - Epoch 48: Best Fitness = 0.4224
2025-03-09 18:27:26 - INFO - Epoch 49: Best Fitness = 0.4224
2025-03-09 18:29:06 - INFO - Epoch 50: Best Fitness = 0.4224
2025-03-09 18:30:50 - INFO - Epoch 51: Best Fitness = 0.4224
2025-03-09 18:32:35 - INFO - Epoch 52: Best Fitness = 0.4224
2025-03-09 18:34:20 - INFO - Epoch 53: Best Fitness = 0.4224
2025-03-09 18:36:04 - INFO - Epoch 54: Best Fitness = 0.4224
2025-03-09 18:37:45 - INFO - Epoch 55: Best Fitness = 0.4224
2025-03-09 18:39:25 - INFO - Epoch 56: Best Fitness = 0.4224
2025-03-09 18:41:04 - INFO - Epoch 57: Best Fitness = 0.4224
2025-03-09 18:42:49 - INFO - Epoch 58: Best Fitness = 0.4224
2025-03-09 18:44:35 - INFO - Epoch 59: Best Fitness = 0.4224
2025-03-09 18:46:19 - INFO - Epoch 60: Best Fitness = 0.4224
2025-03-09 18:48:00 - INFO - Epoch 61: Best Fitness = 0.4224
2025-03-09 18:49:41 - INFO - Epoch 62: Best Fitness = 0.4224
2025-03-09 18:51:21 - INFO - Epoch 63: Best Fitness = 0.4224
2025-03-09 18:53:02 - INFO - Epoch 64: Best Fitness = 0.4224
2025-03-09 18:54:44 - INFO - Epoch 65: Best Fitness = 0.4224
2025-03-09 18:56:25 - INFO - Epoch 66: Best Fitness = 0.4224
2025-03-09 18:58:06 - INFO - Epoch 67: Best Fitness = 0.4224
2025-03-09 18:59:45 - INFO - Epoch 68: Best Fitness = 0.4224
2025-03-09 19:01:29 - INFO - Epoch 69: Best Fitness = 0.4224
2025-03-09 19:03:13 - INFO - Epoch 70: Best Fitness = 0.4224
2025-03-09 19:04:54 - INFO - Epoch 71: Best Fitness = 0.4224
2025-03-09 19:06:33 - INFO - Epoch 72: Best Fitness = 0.4224
2025-03-09 19:08:15 - INFO - Epoch 73: Best Fitness = 0.4224
2025-03-09 19:09:56 - INFO - Epoch 74: Best Fitness = 0.4224
2025-03-09 19:11:34 - INFO - Epoch 75: Best Fitness = 0.4224
2025-03-09 19:13:15 - INFO - Epoch 76: Best Fitness = 0.4224
2025-03-09 19:14:55 - INFO - Epoch 77: Best Fitness = 0.4224
2025-03-09 19:16:35 - INFO - Epoch 78: Best Fitness = 0.4224
2025-03-09 19:18:12 - INFO - Epoch 79: Best Fitness = 0.4224
2025-03-09 19:19:50 - INFO - Epoch 80: Best Fitness = 0.4224
2025-03-09 19:21:29 - INFO - Epoch 81: Best Fitness = 0.4224
2025-03-09 19:23:09 - INFO - Epoch 82: Best Fitness = 0.4224
2025-03-09 19:24:50 - INFO - Epoch 83: Best Fitness = 0.4224
2025-03-09 19:26:30 - INFO - Epoch 84: Best Fitness = 0.4224
2025-03-09 19:28:09 - INFO - Epoch 85: Best Fitness = 0.4224
2025-03-09 19:29:45 - INFO - Epoch 86: Best Fitness = 0.4224
2025-03-09 19:31:26 - INFO - Epoch 87: Best Fitness = 0.4224
2025-03-09 19:33:06 - INFO - Epoch 88: Best Fitness = 0.4224
2025-03-09 19:34:45 - INFO - Epoch 89: Best Fitness = 0.4224
2025-03-09 19:36:25 - INFO - Epoch 90: Best Fitness = 0.4224
2025-03-09 19:38:04 - INFO - Epoch 91: Best Fitness = 0.4224
2025-03-09 19:39:44 - INFO - Epoch 92: Best Fitness = 0.4224
2025-03-09 19:41:19 - INFO - Epoch 93: Best Fitness = 0.4224
2025-03-09 19:42:55 - INFO - Epoch 94: Best Fitness = 0.4224
2025-03-09 19:44:32 - INFO - Epoch 95: Best Fitness = 0.4224
2025-03-09 19:46:08 - INFO - Epoch 96: Best Fitness = 0.4224
2025-03-09 19:47:45 - INFO - Epoch 97: Best Fitness = 0.4224
2025-03-09 19:49:22 - INFO - Epoch 98: Best Fitness = 0.4224
2025-03-09 19:50:59 - INFO - Epoch 99: Best Fitness = 0.4224
2025-03-09 19:52:35 - INFO - Epoch 100: Best Fitness = 0.4224
2025-03-09 19:52:36 - INFO - 
Melhores Resultados:
2025-03-09 19:52:36 - INFO - Otimizador: SPSAOptimizer
2025-03-09 19:52:36 - INFO - Tipo de Circuito: circuit_type1
2025-03-09 19:52:36 - INFO - Número de Camadas: 2
2025-03-09 19:52:36 - INFO - Custo: 0.4223707483930238
2025-03-09 19:52:36 - INFO - Score Davies: 1.306874499909053
2025-03-09 19:52:36 - INFO - Score Calinski: 144.14803122086732
2025-03-09 19:52:36 - INFO - Score Silhouette: 0.32056588086085136
2025-03-09 19:52:36 - INFO - [[[-0.05589569719966945, 0.12195771522178292, -2.0674094590989154], [1.0742146371678303, -0.4492371080066273, -0.9745666390584926]], [[-0.24562603656062293, 1.2402654708356458, -1.9996559708621167], [0.07234329396403491, -0.4993023510860748, 0.3880282337867039]]]
2025-03-09 20:50:49 - INFO - Testando: circuit_type1 - SPSAOptimizer - 2 camadas
2025-03-09 20:50:55 - INFO - Iter 1: Temp = 950.00 | Current Cost = 0.6527 | Best Cost = 0.4380
2025-03-09 20:55:04 - INFO - 
Melhores Resultados:
2025-03-09 20:55:04 - INFO - Otimizador: SPSAOptimizer
2025-03-09 20:55:04 - INFO - Tipo de Circuito: circuit_type1
2025-03-09 20:55:04 - INFO - Número de Camadas: 2
2025-03-09 20:55:04 - INFO - Custo: 0.4380080933760244
2025-03-09 20:55:04 - INFO - Score Davies: 1.241308499700929
2025-03-09 20:55:04 - INFO - Score Calinski: 138.9569102525064
2025-03-09 20:55:04 - INFO - Score Silhouette: 0.30845926432669113
2025-03-09 20:55:04 - INFO - [[[-0.788287681898749, 2.8319215077704234, 1.4576609265440963], [0.6198895383354297, -2.1612986243157413, -2.1614501754128375]], [[-2.776642555026645, 2.3007525789727232, 0.6353243561202211], [1.3073585636350948, -3.012256461474685, 2.952530678803174]]]
2025-03-09 21:07:09 - INFO - Testando: circuit_type1 - SPSAOptimizer - 2 camadas
2025-03-09 21:07:15 - INFO - Iter 1: Temp = 950.00 | Current Cost = 0.6527 | Best Cost = 0.4380
2025-03-09 21:11:52 - INFO - Iter 101: Temp = 5.62 | Current Cost = 1.0000 | Best Cost = 0.4380
2025-03-09 21:16:27 - INFO - Iter 201: Temp = 0.03 | Current Cost = 1.0000 | Best Cost = 0.4380
2025-03-09 21:20:58 - INFO - Iter 301: Temp = 0.00 | Current Cost = 1.0000 | Best Cost = 0.4380
2025-03-09 21:24:57 - INFO - Iter 401: Temp = 0.00 | Current Cost = 1.0000 | Best Cost = 0.4380
2025-03-09 21:28:29 - INFO - Iter 501: Temp = 0.00 | Current Cost = 1.0000 | Best Cost = 0.4380
2025-03-09 21:32:00 - INFO - Iter 601: Temp = 0.00 | Current Cost = 1.0000 | Best Cost = 0.4380
2025-03-09 21:35:32 - INFO - Iter 701: Temp = 0.00 | Current Cost = 1.0000 | Best Cost = 0.4380
2025-03-09 21:39:04 - INFO - Iter 801: Temp = 0.00 | Current Cost = 1.0000 | Best Cost = 0.4380
2025-03-09 21:43:40 - INFO - Iter 901: Temp = 0.00 | Current Cost = 1.0000 | Best Cost = 0.4380
2025-03-09 21:48:00 - INFO - 
Melhores Resultados:
2025-03-09 21:48:00 - INFO - Otimizador: SPSAOptimizer
2025-03-09 21:48:00 - INFO - Tipo de Circuito: circuit_type1
2025-03-09 21:48:00 - INFO - Número de Camadas: 2
2025-03-09 21:48:00 - INFO - Custo: 0.4380080933760244
2025-03-09 21:48:00 - INFO - Score Davies: 1.241308499700929
2025-03-09 21:48:00 - INFO - Score Calinski: 138.9569102525064
2025-03-09 21:48:00 - INFO - Score Silhouette: 0.30845926432669113
2025-03-09 21:48:00 - INFO - [[[-0.788287681898749, 2.8319215077704234, 1.4576609265440963], [0.6198895383354297, -2.1612986243157413, -2.1614501754128375]], [[-2.776642555026645, 2.3007525789727232, 0.6353243561202211], [1.3073585636350948, -3.012256461474685, 2.952530678803174]]]
2025-03-09 22:09:27 - INFO - Testando: circuit_type1 - SPSAOptimizer - 2 camadas
2025-03-09 22:09:27 - ERROR - Erro ao testar circuit_type1 - SPSAOptimizer - 2 camadas: bayesian_optimization_train() got an unexpected keyword argument 'iterations'
2025-03-09 22:10:00 - INFO - Testando: circuit_type1 - SPSAOptimizer - 2 camadas
2025-03-09 22:12:53 - INFO - 
Melhores Resultados:
2025-03-09 22:12:53 - INFO - Otimizador: SPSAOptimizer
2025-03-09 22:12:53 - INFO - Tipo de Circuito: circuit_type1
2025-03-09 22:12:53 - INFO - Número de Camadas: 2
2025-03-09 22:12:53 - INFO - Custo: 0.4228406995058891
2025-03-09 22:12:53 - INFO - Score Davies: None
2025-03-09 22:12:53 - INFO - Score Calinski: None
2025-03-09 22:12:53 - INFO - Score Silhouette: None
2025-03-09 22:12:53 - INFO - [[[-3.141592653589793, 3.141592653589793, -1.7899750427957237], [-1.5577341242370257, 3.141592653589793, -1.7950001764131371]], [[1.3455363704569017, -2.3491914996290686, -3.141592653589793], [3.141592653589793, -3.141592653589793, -3.141592653589793]]]
2025-03-09 22:28:03 - INFO - Testando: circuit_type1 - SPSAOptimizer - 2 camadas
2025-03-09 22:34:03 - INFO - Generation 1: Best Fitness = 0.4228
2025-03-09 22:37:24 - INFO - Generation 2: Best Fitness = 0.4228
2025-03-09 22:40:41 - INFO - Generation 3: Best Fitness = 0.4228
2025-03-09 22:44:02 - INFO - Generation 4: Best Fitness = 0.4228
2025-03-09 22:47:23 - INFO - Generation 5: Best Fitness = 0.4228
2025-03-09 22:50:42 - INFO - Generation 6: Best Fitness = 0.4228
2025-03-09 22:53:38 - INFO - Generation 7: Best Fitness = 0.4228
2025-03-09 22:56:16 - INFO - Generation 8: Best Fitness = 0.4228
2025-03-09 22:58:41 - INFO - Generation 9: Best Fitness = 0.4228
2025-03-09 23:01:10 - INFO - Generation 10: Best Fitness = 0.4228
2025-03-09 23:03:34 - INFO - Generation 11: Best Fitness = 0.4228
2025-03-09 23:05:55 - INFO - Generation 12: Best Fitness = 0.4228
2025-03-09 23:08:14 - INFO - Generation 13: Best Fitness = 0.4227
2025-03-09 23:10:24 - INFO - Generation 14: Best Fitness = 0.4227
2025-03-09 23:13:03 - INFO - Generation 15: Best Fitness = 0.4227
2025-03-09 23:15:53 - INFO - Generation 16: Best Fitness = 0.4227
2025-03-09 23:18:35 - INFO - Generation 17: Best Fitness = 0.4227
2025-03-09 23:21:11 - INFO - Generation 18: Best Fitness = 0.4227
2025-03-09 23:23:41 - INFO - Generation 19: Best Fitness = 0.4227
2025-03-09 23:25:56 - INFO - Generation 20: Best Fitness = 0.4227
2025-03-09 23:28:14 - INFO - Generation 21: Best Fitness = 0.4227
2025-03-09 23:30:45 - INFO - Generation 22: Best Fitness = 0.4227
2025-03-09 23:33:16 - INFO - Generation 23: Best Fitness = 0.4227
2025-03-09 23:35:16 - INFO - Generation 24: Best Fitness = 0.4227
2025-03-09 23:37:11 - INFO - Generation 25: Best Fitness = 0.4227
2025-03-09 23:38:59 - INFO - Generation 26: Best Fitness = 0.4227
2025-03-09 23:40:46 - INFO - Generation 27: Best Fitness = 0.4227
2025-03-09 23:42:34 - INFO - Generation 28: Best Fitness = 0.4227
2025-03-09 23:44:27 - INFO - Generation 29: Best Fitness = 0.4227
2025-03-09 23:46:45 - INFO - Generation 30: Best Fitness = 0.4227
2025-03-09 23:48:44 - INFO - Generation 31: Best Fitness = 0.4227
2025-03-09 23:50:43 - INFO - Generation 32: Best Fitness = 0.4227
2025-03-09 23:53:21 - INFO - Generation 33: Best Fitness = 0.4227
2025-03-09 23:56:27 - INFO - Generation 34: Best Fitness = 0.4227
2025-03-09 23:59:33 - INFO - Generation 35: Best Fitness = 0.4227
2025-03-10 00:02:30 - INFO - Generation 36: Best Fitness = 0.4227
2025-03-10 00:05:36 - INFO - Generation 37: Best Fitness = 0.4227
2025-03-10 00:08:35 - INFO - Generation 38: Best Fitness = 0.4227
2025-03-10 00:11:31 - INFO - Generation 39: Best Fitness = 0.4227
2025-03-10 00:14:28 - INFO - Generation 40: Best Fitness = 0.4227
2025-03-10 00:17:27 - INFO - Generation 41: Best Fitness = 0.4227
2025-03-10 00:20:23 - INFO - Generation 42: Best Fitness = 0.4227
2025-03-10 00:23:19 - INFO - Generation 43: Best Fitness = 0.4227
2025-03-10 00:26:17 - INFO - Generation 44: Best Fitness = 0.4227
2025-03-10 00:29:17 - INFO - Generation 45: Best Fitness = 0.4227
2025-03-10 00:32:17 - INFO - Generation 46: Best Fitness = 0.4227
2025-03-10 00:35:16 - INFO - Generation 47: Best Fitness = 0.4227
2025-03-10 00:38:13 - INFO - Generation 48: Best Fitness = 0.4227
2025-03-10 00:40:34 - INFO - Generation 49: Best Fitness = 0.4227
2025-03-10 00:42:49 - INFO - Generation 50: Best Fitness = 0.4227
2025-03-10 00:45:13 - INFO - Generation 51: Best Fitness = 0.4227
2025-03-10 00:47:52 - INFO - Generation 52: Best Fitness = 0.4227
2025-03-10 00:50:46 - INFO - Generation 53: Best Fitness = 0.4227
2025-03-10 00:53:40 - INFO - Generation 54: Best Fitness = 0.4227
2025-03-10 00:56:33 - INFO - Generation 55: Best Fitness = 0.4227
2025-03-10 16:53:48 - INFO - Generation 56: Best Fitness = 0.4227
2025-03-10 16:56:08 - INFO - Generation 57: Best Fitness = 0.4227
2025-03-10 16:58:01 - INFO - Generation 58: Best Fitness = 0.4227
2025-03-10 17:00:22 - INFO - Generation 59: Best Fitness = 0.4227
2025-03-10 17:02:51 - INFO - Generation 60: Best Fitness = 0.4227
2025-03-10 17:05:12 - INFO - Generation 61: Best Fitness = 0.4227
2025-03-10 17:07:27 - INFO - Generation 62: Best Fitness = 0.4227
2025-03-10 17:09:44 - INFO - Generation 63: Best Fitness = 0.4227
2025-03-10 17:12:03 - INFO - Generation 64: Best Fitness = 0.4227
2025-03-10 17:14:17 - INFO - Generation 65: Best Fitness = 0.4227
2025-03-10 17:16:31 - INFO - Generation 66: Best Fitness = 0.4227
2025-03-10 17:18:40 - INFO - Generation 67: Best Fitness = 0.4227
2025-03-10 17:20:49 - INFO - Generation 68: Best Fitness = 0.4227
2025-03-10 17:22:56 - INFO - Generation 69: Best Fitness = 0.4227
2025-03-10 17:25:01 - INFO - Generation 70: Best Fitness = 0.4227
2025-03-10 17:27:30 - INFO - Generation 71: Best Fitness = 0.4227
2025-03-10 17:30:13 - INFO - Generation 72: Best Fitness = 0.4227
2025-03-10 17:32:41 - INFO - Generation 73: Best Fitness = 0.4227
2025-03-10 17:35:22 - INFO - Generation 74: Best Fitness = 0.4227
2025-03-10 17:38:42 - INFO - Generation 75: Best Fitness = 0.4227
2025-03-10 17:42:02 - INFO - Generation 76: Best Fitness = 0.4227
2025-03-10 17:45:15 - INFO - Generation 77: Best Fitness = 0.4227
2025-03-10 17:48:36 - INFO - Generation 78: Best Fitness = 0.4227
2025-03-10 17:51:53 - INFO - Generation 79: Best Fitness = 0.4227
2025-03-10 17:55:17 - INFO - Generation 80: Best Fitness = 0.4227
2025-03-10 17:58:38 - INFO - Generation 81: Best Fitness = 0.4227
2025-03-10 18:02:08 - INFO - Generation 82: Best Fitness = 0.4227
2025-03-10 18:05:20 - INFO - Generation 83: Best Fitness = 0.4227
2025-03-10 18:08:41 - INFO - Generation 84: Best Fitness = 0.4227
2025-03-10 18:11:54 - INFO - Generation 85: Best Fitness = 0.4227
2025-03-10 18:15:10 - INFO - Generation 86: Best Fitness = 0.4227
2025-03-10 18:18:10 - INFO - Generation 87: Best Fitness = 0.4227
2025-03-10 18:20:32 - INFO - Generation 88: Best Fitness = 0.4227
2025-03-10 18:22:29 - INFO - Generation 89: Best Fitness = 0.4227
2025-03-10 18:25:06 - INFO - Generation 90: Best Fitness = 0.4227
2025-03-10 18:27:30 - INFO - Generation 91: Best Fitness = 0.4227
2025-03-10 18:29:53 - INFO - Generation 92: Best Fitness = 0.4227
2025-03-10 18:32:10 - INFO - Generation 93: Best Fitness = 0.4227
2025-03-10 18:34:20 - INFO - Generation 94: Best Fitness = 0.4227
2025-03-10 18:36:37 - INFO - Generation 95: Best Fitness = 0.4227
2025-03-10 18:38:55 - INFO - Generation 96: Best Fitness = 0.4227
