2025-02-01 02:44:16 - INFO - Testando: circuit_type1 - SPSAOptimizer - 2 camadas
2025-02-01 02:44:17 - INFO - Fold: 1 | Iter:     1 | Cost: 0.7653482 | Best Cost: 0.7653482
2025-02-01 02:44:18 - INFO - Fold: 1 | Iter:     2 | Cost: 0.7411628 | Best Cost: 0.7411628
2025-02-01 02:44:19 - INFO - Fold: 1 | Iter:     3 | Cost: 0.7628880 | Best Cost: 0.7411628
2025-02-01 02:44:20 - INFO - Fold: 1 | Iter:     4 | Cost: 0.6585577 | Best Cost: 0.6585577
2025-02-01 02:44:20 - INFO - Fold: 1 | Iter:     5 | Cost: 0.6293659 | Best Cost: 0.6293659
2025-02-01 02:44:21 - INFO - Fold: 1 | Iter:     6 | Cost: 0.7131286 | Best Cost: 0.6293659
2025-02-01 02:44:22 - INFO - Fold: 1 | Iter:     7 | Cost: 0.6815266 | Best Cost: 0.6293659
2025-02-01 02:44:23 - INFO - Fold: 1 | Iter:     8 | Cost: 0.6993323 | Best Cost: 0.6293659
2025-02-01 02:44:23 - INFO - Fold: 1 | Iter:     9 | Cost: 0.6532652 | Best Cost: 0.6293659
2025-02-01 02:44:24 - INFO - Fold: 1 | Iter:    10 | Cost: 0.6497933 | Best Cost: 0.6293659
2025-02-01 02:44:25 - INFO - Fold: 1 | Iter:    11 | Cost: 0.6362896 | Best Cost: 0.6293659
2025-02-01 02:44:26 - INFO - Fold: 1 | Iter:    12 | Cost: 0.6565734 | Best Cost: 0.6293659
2025-02-01 02:44:26 - INFO - Fold: 1 | Iter:    13 | Cost: 0.7212510 | Best Cost: 0.6293659
2025-02-01 02:44:27 - INFO - Fold: 1 | Iter:    14 | Cost: 0.6799630 | Best Cost: 0.6293659
2025-02-01 02:44:28 - INFO - Fold: 1 | Iter:    15 | Cost: 0.6434790 | Best Cost: 0.6293659
2025-02-01 02:44:29 - INFO - Fold: 1 | Iter:    16 | Cost: 0.6834312 | Best Cost: 0.6293659
2025-02-01 02:44:29 - INFO - Fold: 1 | Iter:    17 | Cost: 0.6546639 | Best Cost: 0.6293659
2025-02-01 02:44:30 - INFO - Fold: 1 | Iter:    18 | Cost: 0.6585417 | Best Cost: 0.6293659
2025-02-01 02:44:31 - INFO - Fold: 1 | Iter:    19 | Cost: 0.6078012 | Best Cost: 0.6078012
2025-02-01 02:44:32 - INFO - Fold: 1 | Iter:    20 | Cost: 0.6921195 | Best Cost: 0.6078012
2025-02-01 02:44:32 - INFO - Fold: 1 | Iter:    21 | Cost: 0.7279072 | Best Cost: 0.6078012
2025-02-01 02:44:33 - INFO - Fold: 1 | Iter:    22 | Cost: 0.6580687 | Best Cost: 0.6078012
2025-02-01 02:44:34 - INFO - Fold: 1 | Iter:    23 | Cost: 0.6822948 | Best Cost: 0.6078012
2025-02-01 02:44:35 - INFO - Fold: 1 | Iter:    24 | Cost: 0.6778276 | Best Cost: 0.6078012
2025-02-01 02:44:35 - INFO - Fold: 1 | Iter:    25 | Cost: 0.6679091 | Best Cost: 0.6078012
2025-02-01 02:44:36 - INFO - Fold: 1 | Iter:    26 | Cost: 0.6898395 | Best Cost: 0.6078012
2025-02-01 02:44:37 - INFO - Fold: 1 | Iter:    27 | Cost: 0.6772808 | Best Cost: 0.6078012
2025-02-01 02:44:38 - INFO - Fold: 1 | Iter:    28 | Cost: 0.6556169 | Best Cost: 0.6078012
2025-02-01 02:44:39 - INFO - Fold: 1 | Iter:    29 | Cost: 0.6282572 | Best Cost: 0.6078012
2025-02-01 02:44:39 - INFO - Fold: 1 | Iter:    30 | Cost: 0.6117953 | Best Cost: 0.6078012
2025-02-01 02:44:40 - INFO - Fold: 1 | Iter:    31 | Cost: 0.6924310 | Best Cost: 0.6078012
2025-02-01 02:44:41 - INFO - Fold: 1 | Iter:    32 | Cost: 0.6877754 | Best Cost: 0.6078012
2025-02-01 02:44:42 - INFO - Fold: 1 | Iter:    33 | Cost: 0.6660629 | Best Cost: 0.6078012
2025-02-01 02:44:42 - INFO - Fold: 1 | Iter:    34 | Cost: 0.6277068 | Best Cost: 0.6078012
2025-02-01 02:44:43 - INFO - Fold: 1 | Iter:    35 | Cost: 0.6427459 | Best Cost: 0.6078012
2025-02-01 02:44:44 - INFO - Fold: 1 | Iter:    36 | Cost: 0.7206220 | Best Cost: 0.6078012
2025-02-01 02:44:45 - INFO - Fold: 1 | Iter:    37 | Cost: 0.6401916 | Best Cost: 0.6078012
2025-02-01 02:44:46 - INFO - Fold: 1 | Iter:    38 | Cost: 0.6300299 | Best Cost: 0.6078012
2025-02-01 02:44:46 - INFO - Fold: 1 | Iter:    39 | Cost: 0.5489348 | Best Cost: 0.5489348
2025-02-01 02:44:47 - INFO - Fold: 1 | Iter:    40 | Cost: 0.6379415 | Best Cost: 0.5489348
2025-02-01 02:44:48 - INFO - Fold: 1 | Iter:    41 | Cost: 0.7007184 | Best Cost: 0.5489348
2025-02-01 02:44:49 - INFO - Fold: 1 | Iter:    42 | Cost: 0.6203831 | Best Cost: 0.5489348
2025-02-01 02:44:49 - INFO - Fold: 1 | Iter:    43 | Cost: 0.7160291 | Best Cost: 0.5489348
2025-02-01 02:44:50 - INFO - Fold: 1 | Iter:    44 | Cost: 0.6449556 | Best Cost: 0.5489348
2025-02-01 02:44:51 - INFO - Fold: 1 | Iter:    45 | Cost: 0.6302946 | Best Cost: 0.5489348
2025-02-01 02:44:52 - INFO - Fold: 1 | Iter:    46 | Cost: 0.6080896 | Best Cost: 0.5489348
2025-02-01 02:44:52 - INFO - Fold: 1 | Iter:    47 | Cost: 0.6638269 | Best Cost: 0.5489348
2025-02-01 02:44:53 - INFO - Fold: 1 | Iter:    48 | Cost: 0.6040441 | Best Cost: 0.5489348
2025-02-01 02:44:54 - INFO - Fold: 1 | Iter:    49 | Cost: 0.6758732 | Best Cost: 0.5489348
2025-02-01 02:44:55 - INFO - Fold: 1 | Iter:    50 | Cost: 0.6023864 | Best Cost: 0.5489348
2025-02-01 02:44:56 - INFO - Fold: 1 | Iter:    51 | Cost: 0.5868472 | Best Cost: 0.5489348
2025-02-01 02:44:56 - INFO - Fold: 1 | Iter:    52 | Cost: 0.6550674 | Best Cost: 0.5489348
2025-02-01 02:44:57 - INFO - Fold: 1 | Iter:    53 | Cost: 0.6434645 | Best Cost: 0.5489348
2025-02-01 02:44:58 - INFO - Fold: 1 | Iter:    54 | Cost: 0.7051125 | Best Cost: 0.5489348
2025-02-01 02:44:59 - INFO - Fold: 1 | Iter:    55 | Cost: 0.6424976 | Best Cost: 0.5489348
2025-02-01 02:44:59 - INFO - Fold: 1 | Iter:    56 | Cost: 0.6449267 | Best Cost: 0.5489348
2025-02-01 02:45:00 - INFO - Fold: 1 | Iter:    57 | Cost: 0.7024738 | Best Cost: 0.5489348
2025-02-01 02:45:01 - INFO - Fold: 1 | Iter:    58 | Cost: 0.6043292 | Best Cost: 0.5489348
2025-02-01 02:45:02 - INFO - Fold: 1 | Iter:    59 | Cost: 0.5828564 | Best Cost: 0.5489348
2025-02-01 02:45:02 - INFO - Fold: 1 | Iter:    60 | Cost: 0.6329201 | Best Cost: 0.5489348
2025-02-01 02:45:03 - INFO - Fold: 1 | Iter:    61 | Cost: 0.6456052 | Best Cost: 0.5489348
2025-02-01 02:45:04 - INFO - Fold: 1 | Iter:    62 | Cost: 0.6842274 | Best Cost: 0.5489348
2025-02-01 02:45:05 - INFO - Fold: 1 | Iter:    63 | Cost: 0.6440085 | Best Cost: 0.5489348
2025-02-01 02:45:05 - INFO - Fold: 1 | Iter:    64 | Cost: 0.6583403 | Best Cost: 0.5489348
2025-02-01 02:45:06 - INFO - Fold: 1 | Iter:    65 | Cost: 0.6637539 | Best Cost: 0.5489348
2025-02-01 02:45:07 - INFO - Fold: 1 | Iter:    66 | Cost: 0.6447656 | Best Cost: 0.5489348
2025-02-01 02:45:08 - INFO - Fold: 1 | Iter:    67 | Cost: 0.6378329 | Best Cost: 0.5489348
2025-02-01 02:45:08 - INFO - Fold: 1 | Iter:    68 | Cost: 0.6629652 | Best Cost: 0.5489348
2025-02-01 02:45:09 - INFO - Fold: 1 | Iter:    69 | Cost: 0.6361657 | Best Cost: 0.5489348
2025-02-01 02:45:10 - INFO - Fold: 1 | Iter:    70 | Cost: 0.6274888 | Best Cost: 0.5489348
2025-02-01 02:45:11 - INFO - Fold: 1 | Iter:    71 | Cost: 0.6578487 | Best Cost: 0.5489348
2025-02-01 02:45:12 - INFO - Fold: 1 | Iter:    72 | Cost: 0.6769513 | Best Cost: 0.5489348
2025-02-01 02:45:12 - INFO - Fold: 1 | Iter:    73 | Cost: 0.6156961 | Best Cost: 0.5489348
2025-02-01 02:45:13 - INFO - Fold: 1 | Iter:    74 | Cost: 0.6801469 | Best Cost: 0.5489348
2025-02-01 02:45:14 - INFO - Fold: 1 | Iter:    75 | Cost: 0.6215416 | Best Cost: 0.5489348
2025-02-01 02:45:15 - INFO - Fold: 1 | Iter:    76 | Cost: 0.5879614 | Best Cost: 0.5489348
2025-02-01 02:45:15 - INFO - Fold: 1 | Iter:    77 | Cost: 0.6051390 | Best Cost: 0.5489348
2025-02-01 02:45:16 - INFO - Fold: 1 | Iter:    78 | Cost: 0.5982503 | Best Cost: 0.5489348
2025-02-01 02:45:17 - INFO - Fold: 1 | Iter:    79 | Cost: 0.6208288 | Best Cost: 0.5489348
2025-02-01 02:45:18 - INFO - Fold: 1 | Iter:    80 | Cost: 0.6393485 | Best Cost: 0.5489348
2025-02-01 02:45:18 - INFO - Fold: 1 | Iter:    81 | Cost: 0.6962689 | Best Cost: 0.5489348
2025-02-01 02:45:19 - INFO - Fold: 1 | Iter:    82 | Cost: 0.6401516 | Best Cost: 0.5489348
2025-02-01 02:45:20 - INFO - Fold: 1 | Iter:    83 | Cost: 0.6608992 | Best Cost: 0.5489348
2025-02-01 02:45:21 - INFO - Fold: 1 | Iter:    84 | Cost: 0.6326822 | Best Cost: 0.5489348
2025-02-01 02:45:22 - INFO - Fold: 1 | Iter:    85 | Cost: 0.6687860 | Best Cost: 0.5489348
2025-02-01 02:45:22 - INFO - Fold: 1 | Iter:    86 | Cost: 0.6567443 | Best Cost: 0.5489348
2025-02-01 02:45:23 - INFO - Fold: 1 | Iter:    87 | Cost: 0.5477249 | Best Cost: 0.5477249
2025-02-01 02:45:24 - INFO - Fold: 1 | Iter:    88 | Cost: 0.6212653 | Best Cost: 0.5477249
2025-02-01 02:45:25 - INFO - Fold: 1 | Iter:    89 | Cost: 0.6728541 | Best Cost: 0.5477249
2025-02-01 02:45:25 - INFO - Fold: 1 | Iter:    90 | Cost: 0.6334601 | Best Cost: 0.5477249
2025-02-01 02:45:26 - INFO - Fold: 1 | Iter:    91 | Cost: 0.6420985 | Best Cost: 0.5477249
2025-02-01 02:45:27 - INFO - Fold: 1 | Iter:    92 | Cost: 0.6768823 | Best Cost: 0.5477249
2025-02-01 02:45:27 - INFO - Fold: 1 | Iter:    93 | Cost: 0.6310413 | Best Cost: 0.5477249
2025-02-01 02:45:28 - INFO - Fold: 1 | Iter:    94 | Cost: 0.6550178 | Best Cost: 0.5477249
2025-02-01 02:45:29 - INFO - Fold: 1 | Iter:    95 | Cost: 0.6798359 | Best Cost: 0.5477249
2025-02-01 02:45:30 - INFO - Fold: 1 | Iter:    96 | Cost: 0.6008958 | Best Cost: 0.5477249
2025-02-01 02:45:30 - INFO - Fold: 1 | Iter:    97 | Cost: 0.7175614 | Best Cost: 0.5477249
2025-02-01 02:45:31 - INFO - Fold: 1 | Iter:    98 | Cost: 0.6746690 | Best Cost: 0.5477249
2025-02-01 02:45:32 - INFO - Fold: 1 | Iter:    99 | Cost: 0.6396872 | Best Cost: 0.5477249
2025-02-01 02:45:33 - INFO - Fold: 1 | Iter:   100 | Cost: 0.6197129 | Best Cost: 0.5477249
2025-02-01 02:45:34 - INFO - Fold: 2 | Iter:     1 | Cost: 0.7077324 | Best Cost: 0.7077324
2025-02-01 02:45:35 - INFO - Fold: 2 | Iter:     2 | Cost: 0.5923459 | Best Cost: 0.5923459
2025-02-01 02:45:36 - INFO - Fold: 2 | Iter:     3 | Cost: 0.6448682 | Best Cost: 0.5923459
2025-02-01 02:45:37 - INFO - Fold: 2 | Iter:     4 | Cost: 0.6742019 | Best Cost: 0.5923459
2025-02-01 02:45:38 - INFO - Fold: 2 | Iter:     5 | Cost: 0.6424529 | Best Cost: 0.5923459
2025-02-01 02:45:38 - INFO - Fold: 2 | Iter:     6 | Cost: 0.6407505 | Best Cost: 0.5923459
2025-02-01 02:45:39 - INFO - Fold: 2 | Iter:     7 | Cost: 0.6230595 | Best Cost: 0.5923459
2025-02-01 02:45:40 - INFO - Fold: 2 | Iter:     8 | Cost: 0.6155610 | Best Cost: 0.5923459
2025-02-01 02:45:41 - INFO - Fold: 2 | Iter:     9 | Cost: 0.7182852 | Best Cost: 0.5923459
2025-02-01 02:45:41 - INFO - Fold: 2 | Iter:    10 | Cost: 0.6956715 | Best Cost: 0.5923459
2025-02-01 02:45:42 - INFO - Fold: 2 | Iter:    11 | Cost: 0.6519183 | Best Cost: 0.5923459
2025-02-01 02:45:43 - INFO - Fold: 2 | Iter:    12 | Cost: 0.6003976 | Best Cost: 0.5923459
2025-02-01 02:45:44 - INFO - Fold: 2 | Iter:    13 | Cost: 0.6855488 | Best Cost: 0.5923459
2025-02-01 02:45:45 - INFO - Fold: 2 | Iter:    14 | Cost: 0.6672874 | Best Cost: 0.5923459
2025-02-01 02:45:46 - INFO - Fold: 2 | Iter:    15 | Cost: 0.6707639 | Best Cost: 0.5923459
2025-02-01 02:45:46 - INFO - Fold: 2 | Iter:    16 | Cost: 0.5792757 | Best Cost: 0.5792757
2025-02-01 02:45:47 - INFO - Fold: 2 | Iter:    17 | Cost: 0.6336621 | Best Cost: 0.5792757
2025-02-01 02:45:48 - INFO - Fold: 2 | Iter:    18 | Cost: 0.6120279 | Best Cost: 0.5792757
2025-02-01 02:45:48 - INFO - Fold: 2 | Iter:    19 | Cost: 0.6276573 | Best Cost: 0.5792757
2025-02-01 02:45:49 - INFO - Fold: 2 | Iter:    20 | Cost: 0.5987393 | Best Cost: 0.5792757
2025-02-01 02:45:57 - INFO - Testando: circuit_type1 - SPSAOptimizer - 2 camadas
2025-02-01 02:45:58 - INFO - Fold: 1 | Iter:     1 | Cost: 0.7539328 | Best Cost: 0.7539328
2025-02-01 02:45:59 - INFO - Fold: 1 | Iter:     2 | Cost: 0.7536166 | Best Cost: 0.7536166
2025-02-01 02:46:00 - INFO - Fold: 1 | Iter:     3 | Cost: 0.7113327 | Best Cost: 0.7113327
2025-02-01 02:46:01 - INFO - Fold: 1 | Iter:     4 | Cost: 0.7510622 | Best Cost: 0.7113327
2025-02-01 02:46:01 - INFO - Fold: 1 | Iter:     5 | Cost: 0.7630780 | Best Cost: 0.7113327
2025-02-01 02:46:02 - INFO - Fold: 1 | Iter:     6 | Cost: 0.7261477 | Best Cost: 0.7113327
2025-02-01 02:46:03 - INFO - Fold: 1 | Iter:     7 | Cost: 0.6970416 | Best Cost: 0.6970416
2025-02-01 02:46:04 - INFO - Fold: 1 | Iter:     8 | Cost: 0.7505078 | Best Cost: 0.6970416
2025-02-01 02:46:05 - INFO - Fold: 1 | Iter:     9 | Cost: 0.7688343 | Best Cost: 0.6970416
2025-02-01 02:46:05 - INFO - Fold: 1 | Iter:    10 | Cost: 0.7793805 | Best Cost: 0.6970416
2025-02-01 02:46:06 - INFO - Fold: 1 | Iter:    11 | Cost: 0.6590962 | Best Cost: 0.6590962
2025-02-01 02:46:07 - INFO - Fold: 1 | Iter:    12 | Cost: 0.7742589 | Best Cost: 0.6590962
2025-02-01 02:46:08 - INFO - Fold: 1 | Iter:    13 | Cost: 0.6967580 | Best Cost: 0.6590962
2025-02-01 02:46:09 - INFO - Fold: 1 | Iter:    14 | Cost: 0.7387467 | Best Cost: 0.6590962
2025-02-01 02:46:09 - INFO - Fold: 1 | Iter:    15 | Cost: 0.7635272 | Best Cost: 0.6590962
2025-02-01 02:46:10 - INFO - Fold: 1 | Iter:    16 | Cost: 0.7645290 | Best Cost: 0.6590962
2025-02-01 02:46:11 - INFO - Fold: 1 | Iter:    17 | Cost: 0.6977208 | Best Cost: 0.6590962
2025-02-01 02:46:12 - INFO - Fold: 1 | Iter:    18 | Cost: 0.7985087 | Best Cost: 0.6590962
2025-02-01 02:46:12 - INFO - Fold: 1 | Iter:    19 | Cost: 0.7274296 | Best Cost: 0.6590962
2025-02-01 02:46:13 - INFO - Fold: 1 | Iter:    20 | Cost: 0.7622096 | Best Cost: 0.6590962
2025-02-01 02:46:14 - INFO - Fold: 1 | Iter:    21 | Cost: 0.7690814 | Best Cost: 0.6590962
2025-02-01 02:46:15 - INFO - Fold: 1 | Iter:    22 | Cost: 0.7591383 | Best Cost: 0.6590962
2025-02-01 02:46:15 - INFO - Fold: 1 | Iter:    23 | Cost: 0.7989442 | Best Cost: 0.6590962
2025-02-01 02:46:16 - INFO - Fold: 1 | Iter:    24 | Cost: 0.6888779 | Best Cost: 0.6590962
2025-02-01 02:46:17 - INFO - Fold: 1 | Iter:    25 | Cost: 0.7135531 | Best Cost: 0.6590962
2025-02-01 02:46:18 - INFO - Fold: 1 | Iter:    26 | Cost: 0.7159086 | Best Cost: 0.6590962
2025-02-01 02:46:18 - INFO - Fold: 1 | Iter:    27 | Cost: 0.7122235 | Best Cost: 0.6590962
2025-02-01 02:46:19 - INFO - Fold: 1 | Iter:    28 | Cost: 0.7130536 | Best Cost: 0.6590962
2025-02-01 02:46:20 - INFO - Fold: 1 | Iter:    29 | Cost: 0.7506563 | Best Cost: 0.6590962
2025-02-01 02:46:21 - INFO - Fold: 1 | Iter:    30 | Cost: 0.7496242 | Best Cost: 0.6590962
2025-02-01 02:46:21 - INFO - Fold: 1 | Iter:    31 | Cost: 0.7274078 | Best Cost: 0.6590962
2025-02-01 02:46:22 - INFO - Fold: 1 | Iter:    32 | Cost: 0.7686633 | Best Cost: 0.6590962
2025-02-01 02:46:23 - INFO - Fold: 1 | Iter:    33 | Cost: 0.7544938 | Best Cost: 0.6590962
2025-02-01 02:46:23 - INFO - Fold: 1 | Iter:    34 | Cost: 0.7448011 | Best Cost: 0.6590962
2025-02-01 02:46:24 - INFO - Fold: 1 | Iter:    35 | Cost: 0.7309048 | Best Cost: 0.6590962
2025-02-01 02:46:25 - INFO - Fold: 1 | Iter:    36 | Cost: 0.7335147 | Best Cost: 0.6590962
2025-02-01 02:46:27 - INFO - Fold: 1 | Iter:    37 | Cost: 0.7066738 | Best Cost: 0.6590962
2025-02-01 02:46:27 - INFO - Fold: 1 | Iter:    38 | Cost: 0.7756010 | Best Cost: 0.6590962
2025-02-01 02:46:28 - INFO - Fold: 1 | Iter:    39 | Cost: 0.6772495 | Best Cost: 0.6590962
2025-02-01 02:46:29 - INFO - Fold: 1 | Iter:    40 | Cost: 0.7032632 | Best Cost: 0.6590962
2025-02-01 02:46:30 - INFO - Fold: 1 | Iter:    41 | Cost: 0.7660344 | Best Cost: 0.6590962
2025-02-01 02:46:30 - INFO - Fold: 1 | Iter:    42 | Cost: 0.7475195 | Best Cost: 0.6590962
2025-02-01 02:46:31 - INFO - Fold: 1 | Iter:    43 | Cost: 0.7068429 | Best Cost: 0.6590962
2025-02-01 02:46:31 - INFO - Fold: 1 | Iter:    44 | Cost: 0.6746994 | Best Cost: 0.6590962
2025-02-01 02:46:32 - INFO - Fold: 1 | Iter:    45 | Cost: 0.7490262 | Best Cost: 0.6590962
2025-02-01 02:46:33 - INFO - Fold: 1 | Iter:    46 | Cost: 0.7570786 | Best Cost: 0.6590962
2025-02-01 02:46:34 - INFO - Fold: 1 | Iter:    47 | Cost: 0.7355064 | Best Cost: 0.6590962
2025-02-01 02:46:35 - INFO - Fold: 1 | Iter:    48 | Cost: 0.6730177 | Best Cost: 0.6590962
2025-02-01 02:46:36 - INFO - Fold: 1 | Iter:    49 | Cost: 0.7507355 | Best Cost: 0.6590962
2025-02-01 02:46:36 - INFO - Fold: 1 | Iter:    50 | Cost: 0.6935872 | Best Cost: 0.6590962
2025-02-01 02:46:37 - INFO - Fold: 1 | Iter:    51 | Cost: 0.7462888 | Best Cost: 0.6590962
2025-02-01 02:46:38 - INFO - Fold: 1 | Iter:    52 | Cost: 0.6656948 | Best Cost: 0.6590962
2025-02-01 02:46:39 - INFO - Fold: 1 | Iter:    53 | Cost: 0.7743620 | Best Cost: 0.6590962
2025-02-01 02:46:40 - INFO - Fold: 1 | Iter:    54 | Cost: 0.7876445 | Best Cost: 0.6590962
2025-02-01 02:46:40 - INFO - Fold: 1 | Iter:    55 | Cost: 0.6749823 | Best Cost: 0.6590962
2025-02-01 02:46:41 - INFO - Fold: 1 | Iter:    56 | Cost: 0.7374444 | Best Cost: 0.6590962
2025-02-01 02:46:42 - INFO - Fold: 1 | Iter:    57 | Cost: 0.6905185 | Best Cost: 0.6590962
2025-02-01 02:46:43 - INFO - Fold: 1 | Iter:    58 | Cost: 0.7060108 | Best Cost: 0.6590962
2025-02-01 02:46:44 - INFO - Fold: 1 | Iter:    59 | Cost: 0.6888572 | Best Cost: 0.6590962
2025-02-01 02:46:45 - INFO - Fold: 1 | Iter:    60 | Cost: 0.7871203 | Best Cost: 0.6590962
2025-02-01 02:46:45 - INFO - Fold: 1 | Iter:    61 | Cost: 0.7254951 | Best Cost: 0.6590962
2025-02-01 02:46:46 - INFO - Fold: 1 | Iter:    62 | Cost: 0.6438028 | Best Cost: 0.6438028
2025-02-01 02:46:47 - INFO - Fold: 1 | Iter:    63 | Cost: 0.7455678 | Best Cost: 0.6438028
2025-02-01 02:46:48 - INFO - Fold: 1 | Iter:    64 | Cost: 0.7072702 | Best Cost: 0.6438028
2025-02-01 02:47:01 - INFO - Testando: circuit_type1 - SPSAOptimizer - 2 camadas
2025-02-01 02:47:03 - INFO - Fold: 1 | Iter:     1 | Cost: 1.1690354 | Best Cost: 1.1690354
2025-02-01 02:47:03 - INFO - Fold: 1 | Iter:     2 | Cost: 1.2718573 | Best Cost: 1.1690354
2025-02-01 02:47:04 - INFO - Fold: 1 | Iter:     3 | Cost: 1.2176982 | Best Cost: 1.1690354
2025-02-01 02:47:05 - INFO - Fold: 1 | Iter:     4 | Cost: 1.3029969 | Best Cost: 1.1690354
2025-02-01 02:47:06 - INFO - Fold: 1 | Iter:     5 | Cost: 1.1489986 | Best Cost: 1.1489986
2025-02-01 02:47:06 - INFO - Fold: 1 | Iter:     6 | Cost: 1.1419998 | Best Cost: 1.1419998
2025-02-01 02:47:07 - INFO - Fold: 1 | Iter:     7 | Cost: 1.1932028 | Best Cost: 1.1419998
2025-02-01 02:47:08 - INFO - Fold: 1 | Iter:     8 | Cost: 1.0980161 | Best Cost: 1.0980161
2025-02-01 02:47:09 - INFO - Fold: 1 | Iter:     9 | Cost: 1.1917577 | Best Cost: 1.0980161
2025-02-01 02:47:09 - INFO - Fold: 1 | Iter:    10 | Cost: 1.1937985 | Best Cost: 1.0980161
2025-02-01 02:47:10 - INFO - Fold: 1 | Iter:    11 | Cost: 1.2067693 | Best Cost: 1.0980161
2025-02-01 02:47:11 - INFO - Fold: 1 | Iter:    12 | Cost: 1.1782621 | Best Cost: 1.0980161
2025-02-01 02:47:12 - INFO - Fold: 1 | Iter:    13 | Cost: 1.2130564 | Best Cost: 1.0980161
2025-02-01 02:47:12 - INFO - Fold: 1 | Iter:    14 | Cost: 1.1586736 | Best Cost: 1.0980161
2025-02-01 02:47:13 - INFO - Fold: 1 | Iter:    15 | Cost: 1.1907597 | Best Cost: 1.0980161
2025-02-01 02:47:14 - INFO - Fold: 1 | Iter:    16 | Cost: 1.1555900 | Best Cost: 1.0980161
2025-02-01 02:47:15 - INFO - Fold: 1 | Iter:    17 | Cost: 1.1549891 | Best Cost: 1.0980161
2025-02-01 02:47:15 - INFO - Fold: 1 | Iter:    18 | Cost: 1.0858407 | Best Cost: 1.0858407
2025-02-01 02:47:16 - INFO - Fold: 1 | Iter:    19 | Cost: 1.2091374 | Best Cost: 1.0858407
2025-02-01 02:47:17 - INFO - Fold: 1 | Iter:    20 | Cost: 1.1268712 | Best Cost: 1.0858407
2025-02-01 02:47:18 - INFO - Fold: 1 | Iter:    21 | Cost: 1.2012988 | Best Cost: 1.0858407
2025-02-01 02:47:18 - INFO - Fold: 1 | Iter:    22 | Cost: 1.1539686 | Best Cost: 1.0858407
2025-02-01 02:47:19 - INFO - Fold: 1 | Iter:    23 | Cost: 1.1807561 | Best Cost: 1.0858407
2025-02-01 02:47:20 - INFO - Fold: 1 | Iter:    24 | Cost: 1.1657581 | Best Cost: 1.0858407
2025-02-01 02:47:21 - INFO - Fold: 1 | Iter:    25 | Cost: 1.1284233 | Best Cost: 1.0858407
2025-02-01 02:47:21 - INFO - Fold: 1 | Iter:    26 | Cost: 1.1688181 | Best Cost: 1.0858407
2025-02-01 02:47:22 - INFO - Fold: 1 | Iter:    27 | Cost: 1.1359089 | Best Cost: 1.0858407
2025-02-01 02:47:23 - INFO - Fold: 1 | Iter:    28 | Cost: 1.2036738 | Best Cost: 1.0858407
2025-02-01 02:47:24 - INFO - Fold: 1 | Iter:    29 | Cost: 1.1647985 | Best Cost: 1.0858407
2025-02-01 02:47:24 - INFO - Fold: 1 | Iter:    30 | Cost: 1.1881469 | Best Cost: 1.0858407
2025-02-01 02:47:25 - INFO - Fold: 1 | Iter:    31 | Cost: 1.1741825 | Best Cost: 1.0858407
2025-02-01 02:47:26 - INFO - Fold: 1 | Iter:    32 | Cost: 1.2335099 | Best Cost: 1.0858407
2025-02-01 02:47:26 - INFO - Fold: 1 | Iter:    33 | Cost: 1.1742154 | Best Cost: 1.0858407
2025-02-01 02:47:27 - INFO - Fold: 1 | Iter:    34 | Cost: 1.1205837 | Best Cost: 1.0858407
2025-02-01 02:47:28 - INFO - Fold: 1 | Iter:    35 | Cost: 1.1246107 | Best Cost: 1.0858407
2025-02-01 02:47:28 - INFO - Fold: 1 | Iter:    36 | Cost: 1.1312958 | Best Cost: 1.0858407
2025-02-01 02:47:29 - INFO - Fold: 1 | Iter:    37 | Cost: 1.1567174 | Best Cost: 1.0858407
2025-02-01 02:47:30 - INFO - Fold: 1 | Iter:    38 | Cost: 1.1729495 | Best Cost: 1.0858407
2025-02-01 02:47:31 - INFO - Fold: 1 | Iter:    39 | Cost: 1.1092043 | Best Cost: 1.0858407
2025-02-01 02:47:32 - INFO - Fold: 1 | Iter:    40 | Cost: 1.1421448 | Best Cost: 1.0858407
2025-02-01 02:47:32 - INFO - Fold: 1 | Iter:    41 | Cost: 1.1258351 | Best Cost: 1.0858407
2025-02-01 02:47:33 - INFO - Fold: 1 | Iter:    42 | Cost: 1.0702007 | Best Cost: 1.0702007
2025-02-01 02:47:34 - INFO - Fold: 1 | Iter:    43 | Cost: 1.1895362 | Best Cost: 1.0702007
2025-02-01 02:47:35 - INFO - Fold: 1 | Iter:    44 | Cost: 1.1536529 | Best Cost: 1.0702007
2025-02-01 02:47:35 - INFO - Fold: 1 | Iter:    45 | Cost: 1.1330240 | Best Cost: 1.0702007
2025-02-01 02:47:36 - INFO - Fold: 1 | Iter:    46 | Cost: 1.1613664 | Best Cost: 1.0702007
2025-02-01 02:47:37 - INFO - Fold: 1 | Iter:    47 | Cost: 1.0883477 | Best Cost: 1.0702007
2025-02-01 02:47:38 - INFO - Fold: 1 | Iter:    48 | Cost: 1.2257770 | Best Cost: 1.0702007
2025-02-01 02:47:38 - INFO - Fold: 1 | Iter:    49 | Cost: 1.1340301 | Best Cost: 1.0702007
2025-02-01 02:47:39 - INFO - Fold: 1 | Iter:    50 | Cost: 1.0816642 | Best Cost: 1.0702007
2025-02-01 02:47:40 - INFO - Fold: 1 | Iter:    51 | Cost: 1.1268679 | Best Cost: 1.0702007
2025-02-01 02:47:41 - INFO - Fold: 1 | Iter:    52 | Cost: 1.1822728 | Best Cost: 1.0702007
2025-02-01 02:47:41 - INFO - Fold: 1 | Iter:    53 | Cost: 1.1469814 | Best Cost: 1.0702007
2025-02-01 02:47:42 - INFO - Fold: 1 | Iter:    54 | Cost: 1.1137376 | Best Cost: 1.0702007
2025-02-01 02:47:43 - INFO - Fold: 1 | Iter:    55 | Cost: 1.0824230 | Best Cost: 1.0702007
2025-02-01 02:47:44 - INFO - Fold: 1 | Iter:    56 | Cost: 1.0903699 | Best Cost: 1.0702007
2025-02-01 02:47:44 - INFO - Fold: 1 | Iter:    57 | Cost: 1.0563296 | Best Cost: 1.0563296
2025-02-01 02:47:45 - INFO - Fold: 1 | Iter:    58 | Cost: 1.0124056 | Best Cost: 1.0124056
2025-02-01 02:47:46 - INFO - Fold: 1 | Iter:    59 | Cost: 1.0309986 | Best Cost: 1.0124056
2025-02-01 02:47:47 - INFO - Fold: 1 | Iter:    60 | Cost: 1.0977848 | Best Cost: 1.0124056
2025-02-01 02:47:47 - INFO - Fold: 1 | Iter:    61 | Cost: 1.0065980 | Best Cost: 1.0065980
2025-02-01 02:47:48 - INFO - Fold: 1 | Iter:    62 | Cost: 1.1187110 | Best Cost: 1.0065980
2025-02-01 02:47:49 - INFO - Fold: 1 | Iter:    63 | Cost: 1.0867613 | Best Cost: 1.0065980
2025-02-01 02:47:50 - INFO - Fold: 1 | Iter:    64 | Cost: 1.1100683 | Best Cost: 1.0065980
2025-02-01 02:47:51 - INFO - Fold: 1 | Iter:    65 | Cost: 1.1056187 | Best Cost: 1.0065980
2025-02-01 02:47:51 - INFO - Fold: 1 | Iter:    66 | Cost: 1.1389590 | Best Cost: 1.0065980
2025-02-01 02:47:52 - INFO - Fold: 1 | Iter:    67 | Cost: 1.1165863 | Best Cost: 1.0065980
2025-02-01 02:47:53 - INFO - Fold: 1 | Iter:    68 | Cost: 1.0264753 | Best Cost: 1.0065980
2025-02-01 02:47:54 - INFO - Fold: 1 | Iter:    69 | Cost: 1.0626680 | Best Cost: 1.0065980
2025-02-01 02:47:55 - INFO - Fold: 1 | Iter:    70 | Cost: 1.0374837 | Best Cost: 1.0065980
2025-02-01 02:47:55 - INFO - Fold: 1 | Iter:    71 | Cost: 1.1078408 | Best Cost: 1.0065980
2025-02-01 02:47:56 - INFO - Fold: 1 | Iter:    72 | Cost: 1.0209842 | Best Cost: 1.0065980
2025-02-01 02:47:57 - INFO - Fold: 1 | Iter:    73 | Cost: 0.9470743 | Best Cost: 0.9470743
2025-02-01 02:47:58 - INFO - Fold: 1 | Iter:    74 | Cost: 1.0581452 | Best Cost: 0.9470743
2025-02-01 02:47:59 - INFO - Fold: 1 | Iter:    75 | Cost: 1.0655269 | Best Cost: 0.9470743
2025-02-01 02:47:59 - INFO - Fold: 1 | Iter:    76 | Cost: 1.1057177 | Best Cost: 0.9470743
2025-02-01 02:48:00 - INFO - Fold: 1 | Iter:    77 | Cost: 1.0729271 | Best Cost: 0.9470743
2025-02-01 02:48:00 - INFO - Fold: 1 | Iter:    78 | Cost: 0.9865869 | Best Cost: 0.9470743
2025-02-01 02:48:01 - INFO - Fold: 1 | Iter:    79 | Cost: 1.0740898 | Best Cost: 0.9470743
2025-02-01 02:48:02 - INFO - Fold: 1 | Iter:    80 | Cost: 1.0484712 | Best Cost: 0.9470743
2025-02-01 02:48:02 - INFO - Fold: 1 | Iter:    81 | Cost: 0.9630896 | Best Cost: 0.9470743
2025-02-01 02:48:03 - INFO - Fold: 1 | Iter:    82 | Cost: 0.9890993 | Best Cost: 0.9470743
2025-02-01 02:48:04 - INFO - Fold: 1 | Iter:    83 | Cost: 1.0551200 | Best Cost: 0.9470743
2025-02-01 02:48:04 - INFO - Fold: 1 | Iter:    84 | Cost: 0.9838643 | Best Cost: 0.9470743
2025-02-01 02:48:05 - INFO - Fold: 1 | Iter:    85 | Cost: 1.0272904 | Best Cost: 0.9470743
2025-02-01 02:48:05 - INFO - Fold: 1 | Iter:    86 | Cost: 1.0356119 | Best Cost: 0.9470743
2025-02-01 02:48:06 - INFO - Fold: 1 | Iter:    87 | Cost: 1.0897105 | Best Cost: 0.9470743
2025-02-01 02:48:07 - INFO - Fold: 1 | Iter:    88 | Cost: 1.0478377 | Best Cost: 0.9470743
2025-02-01 02:48:07 - INFO - Fold: 1 | Iter:    89 | Cost: 1.0417951 | Best Cost: 0.9470743
2025-02-01 02:48:08 - INFO - Fold: 1 | Iter:    90 | Cost: 0.9853992 | Best Cost: 0.9470743
2025-02-01 02:48:09 - INFO - Fold: 1 | Iter:    91 | Cost: 1.0781448 | Best Cost: 0.9470743
2025-02-01 02:48:09 - INFO - Fold: 1 | Iter:    92 | Cost: 1.0649218 | Best Cost: 0.9470743
2025-02-01 02:48:10 - INFO - Fold: 1 | Iter:    93 | Cost: 1.0178656 | Best Cost: 0.9470743
2025-02-01 02:48:11 - INFO - Fold: 1 | Iter:    94 | Cost: 0.9845298 | Best Cost: 0.9470743
2025-02-01 02:48:12 - INFO - Fold: 1 | Iter:    95 | Cost: 1.0128369 | Best Cost: 0.9470743
2025-02-01 02:48:13 - INFO - Fold: 1 | Iter:    96 | Cost: 1.0218191 | Best Cost: 0.9470743
2025-02-01 02:48:14 - INFO - Fold: 1 | Iter:    97 | Cost: 1.0392829 | Best Cost: 0.9470743
2025-02-01 02:48:15 - INFO - Fold: 1 | Iter:    98 | Cost: 0.9608469 | Best Cost: 0.9470743
2025-02-01 02:48:15 - INFO - Fold: 1 | Iter:    99 | Cost: 1.0522590 | Best Cost: 0.9470743
2025-02-01 02:48:16 - INFO - Fold: 1 | Iter:   100 | Cost: 1.0059777 | Best Cost: 0.9470743
2025-02-01 02:48:18 - INFO - Fold: 2 | Iter:     1 | Cost: 1.0283720 | Best Cost: 1.0283720
2025-02-01 02:48:19 - INFO - Fold: 2 | Iter:     2 | Cost: 0.9502751 | Best Cost: 0.9502751
2025-02-01 02:48:19 - INFO - Fold: 2 | Iter:     3 | Cost: 1.0063703 | Best Cost: 0.9502751
2025-02-01 02:49:29 - INFO - Testando: circuit_type1 - SPSAOptimizer - 2 camadas
2025-02-01 02:49:29 - INFO - Fold: 1 | Iter:     1 | Cost: 1.3959617 | Best Cost: 1.3959617
2025-02-01 02:49:31 - INFO - Fold: 1 | Iter:     2 | Cost: 1.3646990 | Best Cost: 1.3646990
2025-02-01 02:49:31 - INFO - Fold: 1 | Iter:     3 | Cost: 0.5445076 | Best Cost: 0.5445076
2025-02-01 02:49:32 - INFO - Fold: 1 | Iter:     4 | Cost: 0.5445373 | Best Cost: 0.5445076
2025-02-01 02:49:33 - INFO - Fold: 1 | Iter:     5 | Cost: 0.5436708 | Best Cost: 0.5436708
2025-02-01 02:49:34 - INFO - Fold: 1 | Iter:     6 | Cost: 0.5479725 | Best Cost: 0.5436708
2025-02-01 02:49:34 - INFO - Fold: 1 | Iter:     7 | Cost: 0.5401914 | Best Cost: 0.5401914
2025-02-01 02:49:35 - INFO - Fold: 1 | Iter:     8 | Cost: 0.5929258 | Best Cost: 0.5401914
2025-02-01 02:49:35 - INFO - Fold: 1 | Iter:     9 | Cost: 0.5992104 | Best Cost: 0.5401914
2025-02-01 02:49:36 - INFO - Fold: 1 | Iter:    10 | Cost: 0.5461114 | Best Cost: 0.5401914
2025-02-01 02:50:07 - INFO - Testando: circuit_type1 - SPSAOptimizer - 2 camadas
2025-02-01 02:50:08 - INFO - Fold: 1 | Iter:     1 | Cost: 0.2347508 | Best Cost: 0.2347508
2025-02-01 02:50:08 - INFO - Fold: 1 | Iter:     2 | Cost: 0.1925125 | Best Cost: 0.1925125
2025-02-01 02:50:09 - INFO - Fold: 1 | Iter:     3 | Cost: 0.2379047 | Best Cost: 0.1925125
2025-02-01 02:50:10 - INFO - Fold: 1 | Iter:     4 | Cost: 0.1677321 | Best Cost: 0.1677321
2025-02-01 02:50:11 - INFO - Fold: 1 | Iter:     5 | Cost: 0.1934290 | Best Cost: 0.1677321
2025-02-01 02:50:12 - INFO - Fold: 1 | Iter:     6 | Cost: 0.1728074 | Best Cost: 0.1677321
2025-02-01 02:50:12 - INFO - Fold: 1 | Iter:     7 | Cost: 0.1832687 | Best Cost: 0.1677321
2025-02-01 02:50:13 - INFO - Fold: 1 | Iter:     8 | Cost: 0.1630420 | Best Cost: 0.1630420
2025-02-01 02:50:13 - INFO - Fold: 1 | Iter:     9 | Cost: 0.1723495 | Best Cost: 0.1630420
2025-02-01 02:50:14 - INFO - Fold: 1 | Iter:    10 | Cost: 0.1729041 | Best Cost: 0.1630420
2025-02-01 02:50:14 - INFO - Fold: 1 | Iter:    11 | Cost: 0.1796689 | Best Cost: 0.1630420
2025-02-01 02:50:15 - INFO - Fold: 1 | Iter:    12 | Cost: 0.1763016 | Best Cost: 0.1630420
2025-02-01 02:50:15 - INFO - Fold: 1 | Iter:    13 | Cost: 0.1595304 | Best Cost: 0.1595304
2025-02-01 02:50:16 - INFO - Fold: 1 | Iter:    14 | Cost: 0.1756799 | Best Cost: 0.1595304
2025-02-01 02:50:17 - INFO - Fold: 1 | Iter:    15 | Cost: 0.1804297 | Best Cost: 0.1595304
2025-02-01 02:50:17 - INFO - Fold: 1 | Iter:    16 | Cost: 0.1719306 | Best Cost: 0.1595304
2025-02-01 02:50:18 - INFO - Fold: 1 | Iter:    17 | Cost: 0.1754517 | Best Cost: 0.1595304
2025-02-01 02:50:19 - INFO - Fold: 1 | Iter:    18 | Cost: 0.1744687 | Best Cost: 0.1595304
2025-02-01 02:50:19 - INFO - Fold: 1 | Iter:    19 | Cost: 0.1865366 | Best Cost: 0.1595304
2025-02-01 02:50:20 - INFO - Fold: 1 | Iter:    20 | Cost: 0.1909111 | Best Cost: 0.1595304
2025-02-01 02:50:21 - INFO - Fold: 1 | Iter:    21 | Cost: 0.1918614 | Best Cost: 0.1595304
2025-02-01 02:50:21 - INFO - Fold: 1 | Iter:    22 | Cost: 0.1670048 | Best Cost: 0.1595304
2025-02-01 02:50:22 - INFO - Fold: 1 | Iter:    23 | Cost: 0.1624909 | Best Cost: 0.1595304
2025-02-01 02:50:23 - INFO - Fold: 1 | Iter:    24 | Cost: 0.1858230 | Best Cost: 0.1595304
2025-02-01 02:50:23 - INFO - Fold: 1 | Iter:    25 | Cost: 0.1786216 | Best Cost: 0.1595304
2025-02-01 02:50:24 - INFO - Fold: 1 | Iter:    26 | Cost: 0.1874906 | Best Cost: 0.1595304
2025-02-01 02:50:25 - INFO - Fold: 1 | Iter:    27 | Cost: 0.1667995 | Best Cost: 0.1595304
2025-02-01 02:50:25 - INFO - Fold: 1 | Iter:    28 | Cost: 0.1864865 | Best Cost: 0.1595304
2025-02-01 02:50:26 - INFO - Fold: 1 | Iter:    29 | Cost: 0.1832344 | Best Cost: 0.1595304
2025-02-01 02:50:27 - INFO - Fold: 1 | Iter:    30 | Cost: 0.1679631 | Best Cost: 0.1595304
2025-02-01 02:50:27 - INFO - Fold: 1 | Iter:    31 | Cost: 0.1654407 | Best Cost: 0.1595304
2025-02-01 02:50:28 - INFO - Fold: 1 | Iter:    32 | Cost: 0.1826411 | Best Cost: 0.1595304
2025-02-01 02:50:28 - INFO - Fold: 1 | Iter:    33 | Cost: 0.1720617 | Best Cost: 0.1595304
2025-02-01 02:50:29 - INFO - Fold: 2 | Iter:     1 | Cost: 0.1570084 | Best Cost: 0.1570084
2025-02-01 02:50:30 - INFO - Fold: 2 | Iter:     2 | Cost: 0.1791702 | Best Cost: 0.1570084
2025-02-01 02:50:30 - INFO - Fold: 2 | Iter:     3 | Cost: 0.1615136 | Best Cost: 0.1570084
2025-02-01 02:50:31 - INFO - Fold: 2 | Iter:     4 | Cost: 0.1923597 | Best Cost: 0.1570084
2025-02-01 02:50:32 - INFO - Fold: 2 | Iter:     5 | Cost: 0.1753886 | Best Cost: 0.1570084
2025-02-01 02:50:33 - INFO - Fold: 2 | Iter:     6 | Cost: 0.1787150 | Best Cost: 0.1570084
2025-02-01 02:50:33 - INFO - Fold: 2 | Iter:     7 | Cost: 0.1881035 | Best Cost: 0.1570084
2025-02-01 02:50:34 - INFO - Fold: 2 | Iter:     8 | Cost: 0.1537845 | Best Cost: 0.1537845
2025-02-01 02:50:35 - INFO - Fold: 2 | Iter:     9 | Cost: 0.1740407 | Best Cost: 0.1537845
2025-02-01 02:50:35 - INFO - Fold: 2 | Iter:    10 | Cost: 0.1567082 | Best Cost: 0.1537845
2025-02-01 02:50:36 - INFO - Fold: 2 | Iter:    11 | Cost: 0.1635236 | Best Cost: 0.1537845
2025-02-01 02:50:36 - INFO - Fold: 2 | Iter:    12 | Cost: 0.1705115 | Best Cost: 0.1537845
2025-02-01 02:50:37 - INFO - Fold: 2 | Iter:    13 | Cost: 0.1675289 | Best Cost: 0.1537845
2025-02-01 02:50:38 - INFO - Fold: 2 | Iter:    14 | Cost: 0.1827627 | Best Cost: 0.1537845
2025-02-01 02:50:38 - INFO - Fold: 2 | Iter:    15 | Cost: 0.1733603 | Best Cost: 0.1537845
2025-02-01 02:50:39 - INFO - Fold: 2 | Iter:    16 | Cost: 0.1870995 | Best Cost: 0.1537845
2025-02-01 02:50:40 - INFO - Fold: 2 | Iter:    17 | Cost: 0.1637998 | Best Cost: 0.1537845
2025-02-01 02:50:41 - INFO - Fold: 2 | Iter:    18 | Cost: 0.1782163 | Best Cost: 0.1537845
2025-02-01 02:50:42 - INFO - Fold: 2 | Iter:    19 | Cost: 0.1735625 | Best Cost: 0.1537845
2025-02-01 02:50:43 - INFO - Fold: 2 | Iter:    20 | Cost: 0.1786421 | Best Cost: 0.1537845
2025-02-01 02:50:43 - INFO - Fold: 2 | Iter:    21 | Cost: 0.1698759 | Best Cost: 0.1537845
2025-02-01 02:50:44 - INFO - Fold: 2 | Iter:    22 | Cost: 0.1764426 | Best Cost: 0.1537845
2025-02-01 02:50:45 - INFO - Fold: 2 | Iter:    23 | Cost: 0.1632672 | Best Cost: 0.1537845
2025-02-01 02:50:45 - INFO - Fold: 2 | Iter:    24 | Cost: 0.1658288 | Best Cost: 0.1537845
2025-02-01 02:50:46 - INFO - Fold: 2 | Iter:    25 | Cost: 0.1722502 | Best Cost: 0.1537845
2025-02-01 02:50:46 - INFO - Fold: 2 | Iter:    26 | Cost: 0.1908990 | Best Cost: 0.1537845
2025-02-01 02:50:47 - INFO - Fold: 2 | Iter:    27 | Cost: 0.1700223 | Best Cost: 0.1537845
2025-02-01 02:50:48 - INFO - Fold: 2 | Iter:    28 | Cost: 0.1712383 | Best Cost: 0.1537845
2025-02-01 02:50:49 - INFO - Fold: 3 | Iter:     1 | Cost: 0.8076266 | Best Cost: 0.8076266
2025-02-01 02:50:50 - INFO - Fold: 3 | Iter:     2 | Cost: 0.2585736 | Best Cost: 0.2585736
2025-02-01 02:50:50 - INFO - Fold: 3 | Iter:     3 | Cost: 0.1737240 | Best Cost: 0.1737240
2025-02-01 02:50:51 - INFO - Fold: 3 | Iter:     4 | Cost: 0.2042177 | Best Cost: 0.1737240
2025-02-01 02:50:52 - INFO - Fold: 3 | Iter:     5 | Cost: 0.1869210 | Best Cost: 0.1737240
2025-02-01 02:50:53 - INFO - Fold: 3 | Iter:     6 | Cost: 0.1600172 | Best Cost: 0.1600172
2025-02-01 02:50:54 - INFO - Fold: 3 | Iter:     7 | Cost: 0.1706842 | Best Cost: 0.1600172
2025-02-01 02:50:55 - INFO - Fold: 3 | Iter:     8 | Cost: 0.1742196 | Best Cost: 0.1600172
2025-02-01 02:50:56 - INFO - Fold: 3 | Iter:     9 | Cost: 0.1852236 | Best Cost: 0.1600172
2025-02-01 02:50:57 - INFO - Fold: 3 | Iter:    10 | Cost: 0.1740783 | Best Cost: 0.1600172
2025-02-01 02:50:58 - INFO - Fold: 3 | Iter:    11 | Cost: 0.1733436 | Best Cost: 0.1600172
2025-02-01 02:50:58 - INFO - Fold: 3 | Iter:    12 | Cost: 0.1705820 | Best Cost: 0.1600172
2025-02-01 02:50:59 - INFO - Fold: 3 | Iter:    13 | Cost: 0.1629207 | Best Cost: 0.1600172
2025-02-01 02:50:59 - INFO - Fold: 3 | Iter:    14 | Cost: 0.1658524 | Best Cost: 0.1600172
2025-02-01 02:51:00 - INFO - Fold: 3 | Iter:    15 | Cost: 0.1667302 | Best Cost: 0.1600172
2025-02-01 02:51:01 - INFO - Fold: 3 | Iter:    16 | Cost: 0.1831378 | Best Cost: 0.1600172
2025-02-01 02:51:01 - INFO - Fold: 3 | Iter:    17 | Cost: 0.1814053 | Best Cost: 0.1600172
2025-02-01 02:51:02 - INFO - Fold: 3 | Iter:    18 | Cost: 0.1708348 | Best Cost: 0.1600172
2025-02-01 02:51:03 - INFO - Fold: 3 | Iter:    19 | Cost: 0.1655284 | Best Cost: 0.1600172
2025-02-01 02:51:04 - INFO - Fold: 3 | Iter:    20 | Cost: 0.1771510 | Best Cost: 0.1600172
2025-02-01 02:51:05 - INFO - Fold: 3 | Iter:    21 | Cost: 0.1712589 | Best Cost: 0.1600172
2025-02-01 02:51:06 - INFO - Fold: 3 | Iter:    22 | Cost: 0.1810301 | Best Cost: 0.1600172
2025-02-01 02:51:07 - INFO - Fold: 3 | Iter:    23 | Cost: 0.1792041 | Best Cost: 0.1600172
2025-02-01 02:51:08 - INFO - Fold: 3 | Iter:    24 | Cost: 0.1672530 | Best Cost: 0.1600172
2025-02-01 02:51:08 - INFO - Fold: 3 | Iter:    25 | Cost: 0.1786086 | Best Cost: 0.1600172
2025-02-01 02:51:09 - INFO - Fold: 3 | Iter:    26 | Cost: 0.1825680 | Best Cost: 0.1600172
2025-02-01 02:51:10 - INFO - Fold: 4 | Iter:     1 | Cost: 1.0856577 | Best Cost: 1.0856577
2025-02-01 02:51:10 - INFO - Fold: 4 | Iter:     2 | Cost: 1.0182647 | Best Cost: 1.0182647
2025-02-01 02:51:11 - INFO - Fold: 4 | Iter:     3 | Cost: 1.0756494 | Best Cost: 1.0182647
2025-02-01 02:51:12 - INFO - Fold: 4 | Iter:     4 | Cost: 0.7880657 | Best Cost: 0.7880657
2025-02-01 02:51:12 - INFO - Fold: 4 | Iter:     5 | Cost: 0.2267451 | Best Cost: 0.2267451
2025-02-01 02:51:13 - INFO - Fold: 4 | Iter:     6 | Cost: 0.2123939 | Best Cost: 0.2123939
2025-02-01 02:51:14 - INFO - Fold: 4 | Iter:     7 | Cost: 0.2472884 | Best Cost: 0.2123939
2025-02-01 02:51:15 - INFO - Fold: 4 | Iter:     8 | Cost: 0.1631580 | Best Cost: 0.1631580
2025-02-01 02:51:16 - INFO - Fold: 4 | Iter:     9 | Cost: 0.2155264 | Best Cost: 0.1631580
2025-02-01 02:51:17 - INFO - Fold: 4 | Iter:    10 | Cost: 0.1786101 | Best Cost: 0.1631580
2025-02-01 02:51:18 - INFO - Fold: 4 | Iter:    11 | Cost: 0.1586251 | Best Cost: 0.1586251
2025-02-01 02:51:19 - INFO - Fold: 4 | Iter:    12 | Cost: 0.1750670 | Best Cost: 0.1586251
2025-02-01 02:51:20 - INFO - Fold: 4 | Iter:    13 | Cost: 0.1594948 | Best Cost: 0.1586251
2025-02-01 02:51:21 - INFO - Fold: 4 | Iter:    14 | Cost: 0.1686119 | Best Cost: 0.1586251
2025-02-01 02:51:22 - INFO - Fold: 4 | Iter:    15 | Cost: 0.1932014 | Best Cost: 0.1586251
2025-02-01 02:51:22 - INFO - Fold: 4 | Iter:    16 | Cost: 0.1622525 | Best Cost: 0.1586251
2025-02-01 02:51:23 - INFO - Fold: 4 | Iter:    17 | Cost: 0.1547502 | Best Cost: 0.1547502
2025-02-01 02:51:24 - INFO - Fold: 4 | Iter:    18 | Cost: 0.1748423 | Best Cost: 0.1547502
2025-02-01 02:51:25 - INFO - Fold: 4 | Iter:    19 | Cost: 0.1905218 | Best Cost: 0.1547502
2025-02-01 02:51:25 - INFO - Fold: 4 | Iter:    20 | Cost: 0.1649703 | Best Cost: 0.1547502
2025-02-01 02:51:26 - INFO - Fold: 4 | Iter:    21 | Cost: 0.1817856 | Best Cost: 0.1547502
2025-02-01 02:51:27 - INFO - Fold: 4 | Iter:    22 | Cost: 0.1768039 | Best Cost: 0.1547502
2025-02-01 02:51:27 - INFO - Fold: 4 | Iter:    23 | Cost: 0.1700946 | Best Cost: 0.1547502
2025-02-01 02:51:28 - INFO - Fold: 4 | Iter:    24 | Cost: 0.1549062 | Best Cost: 0.1547502
2025-02-01 02:51:29 - INFO - Fold: 4 | Iter:    25 | Cost: 0.1695363 | Best Cost: 0.1547502
2025-02-01 02:51:29 - INFO - Fold: 4 | Iter:    26 | Cost: 0.1709544 | Best Cost: 0.1547502
2025-02-01 02:51:30 - INFO - Fold: 4 | Iter:    27 | Cost: 0.1894536 | Best Cost: 0.1547502
2025-02-01 02:51:31 - INFO - Fold: 4 | Iter:    28 | Cost: 0.1790279 | Best Cost: 0.1547502
2025-02-01 02:51:32 - INFO - Fold: 4 | Iter:    29 | Cost: 0.1603224 | Best Cost: 0.1547502
2025-02-01 02:51:32 - INFO - Fold: 4 | Iter:    30 | Cost: 0.1608499 | Best Cost: 0.1547502
2025-02-01 02:51:33 - INFO - Fold: 4 | Iter:    31 | Cost: 0.1596773 | Best Cost: 0.1547502
2025-02-01 02:51:34 - INFO - Fold: 4 | Iter:    32 | Cost: 0.1883194 | Best Cost: 0.1547502
2025-02-01 02:51:35 - INFO - Fold: 4 | Iter:    33 | Cost: 0.1696273 | Best Cost: 0.1547502
2025-02-01 02:51:35 - INFO - Fold: 4 | Iter:    34 | Cost: 0.1825735 | Best Cost: 0.1547502
2025-02-01 02:51:36 - INFO - Fold: 4 | Iter:    35 | Cost: 0.1784271 | Best Cost: 0.1547502
2025-02-01 02:51:36 - INFO - Fold: 4 | Iter:    36 | Cost: 0.1653121 | Best Cost: 0.1547502
2025-02-01 02:51:37 - INFO - Fold: 4 | Iter:    37 | Cost: 0.1725013 | Best Cost: 0.1547502
2025-02-01 02:51:38 - INFO - Fold: 5 | Iter:     1 | Cost: 0.1799853 | Best Cost: 0.1799853
2025-02-01 02:51:39 - INFO - Fold: 5 | Iter:     2 | Cost: 0.1690935 | Best Cost: 0.1690935
2025-02-01 02:51:40 - INFO - Fold: 5 | Iter:     3 | Cost: 0.1727371 | Best Cost: 0.1690935
2025-02-01 02:51:40 - INFO - Fold: 5 | Iter:     4 | Cost: 0.1732985 | Best Cost: 0.1690935
2025-02-01 02:51:41 - INFO - Fold: 5 | Iter:     5 | Cost: 0.1808298 | Best Cost: 0.1690935
2025-02-01 02:51:42 - INFO - Fold: 5 | Iter:     6 | Cost: 0.1685735 | Best Cost: 0.1685735
2025-02-01 02:51:43 - INFO - Fold: 5 | Iter:     7 | Cost: 0.1649637 | Best Cost: 0.1649637
2025-02-01 02:51:44 - INFO - Fold: 5 | Iter:     8 | Cost: 0.1863275 | Best Cost: 0.1649637
2025-02-01 02:51:45 - INFO - Fold: 5 | Iter:     9 | Cost: 0.1658117 | Best Cost: 0.1649637
2025-02-01 02:51:46 - INFO - Fold: 5 | Iter:    10 | Cost: 0.1729091 | Best Cost: 0.1649637
2025-02-01 02:51:46 - INFO - Fold: 5 | Iter:    11 | Cost: 0.1730815 | Best Cost: 0.1649637
2025-02-01 02:51:47 - INFO - Fold: 5 | Iter:    12 | Cost: 0.1837204 | Best Cost: 0.1649637
2025-02-01 02:51:48 - INFO - Fold: 5 | Iter:    13 | Cost: 0.1585665 | Best Cost: 0.1585665
2025-02-01 02:51:49 - INFO - Fold: 5 | Iter:    14 | Cost: 0.1806620 | Best Cost: 0.1585665
2025-02-01 02:51:50 - INFO - Fold: 5 | Iter:    15 | Cost: 0.1854379 | Best Cost: 0.1585665
2025-02-01 02:51:51 - INFO - Fold: 5 | Iter:    16 | Cost: 0.1833910 | Best Cost: 0.1585665
2025-02-01 02:51:52 - INFO - Fold: 5 | Iter:    17 | Cost: 0.1762089 | Best Cost: 0.1585665
2025-02-01 02:51:53 - INFO - Fold: 5 | Iter:    18 | Cost: 0.1642870 | Best Cost: 0.1585665
2025-02-01 02:51:54 - INFO - Fold: 5 | Iter:    19 | Cost: 0.1775589 | Best Cost: 0.1585665
2025-02-01 02:51:55 - INFO - Fold: 5 | Iter:    20 | Cost: 0.1565651 | Best Cost: 0.1565651
2025-02-01 02:51:56 - INFO - Fold: 5 | Iter:    21 | Cost: 0.1670250 | Best Cost: 0.1565651
2025-02-01 02:51:57 - INFO - Fold: 5 | Iter:    22 | Cost: 0.1748978 | Best Cost: 0.1565651
2025-02-01 02:51:58 - INFO - Fold: 5 | Iter:    23 | Cost: 0.1733975 | Best Cost: 0.1565651
2025-02-01 02:51:59 - INFO - Fold: 5 | Iter:    24 | Cost: 0.1817474 | Best Cost: 0.1565651
2025-02-01 02:52:00 - INFO - Fold: 5 | Iter:    25 | Cost: 0.1799962 | Best Cost: 0.1565651
2025-02-01 02:52:01 - INFO - Fold: 5 | Iter:    26 | Cost: 0.1633524 | Best Cost: 0.1565651
2025-02-01 02:52:02 - INFO - Fold: 5 | Iter:    27 | Cost: 0.1750304 | Best Cost: 0.1565651
2025-02-01 02:52:03 - INFO - Fold: 5 | Iter:    28 | Cost: 0.1706782 | Best Cost: 0.1565651
2025-02-01 02:52:04 - INFO - Fold: 5 | Iter:    29 | Cost: 0.1793505 | Best Cost: 0.1565651
2025-02-01 02:52:05 - INFO - Fold: 5 | Iter:    30 | Cost: 0.1757516 | Best Cost: 0.1565651
2025-02-01 02:52:05 - INFO - Fold: 5 | Iter:    31 | Cost: 0.1507669 | Best Cost: 0.1507669
2025-02-01 02:52:06 - INFO - Fold: 5 | Iter:    32 | Cost: 0.1820397 | Best Cost: 0.1507669
2025-02-01 02:52:08 - INFO - Fold: 5 | Iter:    33 | Cost: 0.1704636 | Best Cost: 0.1507669
2025-02-01 02:52:08 - INFO - Fold: 5 | Iter:    34 | Cost: 0.1629868 | Best Cost: 0.1507669
2025-02-01 02:52:09 - INFO - Fold: 5 | Iter:    35 | Cost: 0.1574930 | Best Cost: 0.1507669
2025-02-01 02:52:10 - INFO - Fold: 5 | Iter:    36 | Cost: 0.1682355 | Best Cost: 0.1507669
2025-02-01 02:52:11 - INFO - Fold: 5 | Iter:    37 | Cost: 0.1675222 | Best Cost: 0.1507669
2025-02-01 02:52:12 - INFO - Fold: 5 | Iter:    38 | Cost: 0.1822576 | Best Cost: 0.1507669
2025-02-01 02:52:13 - INFO - Fold: 5 | Iter:    39 | Cost: 0.1799252 | Best Cost: 0.1507669
2025-02-01 02:52:14 - INFO - Fold: 5 | Iter:    40 | Cost: 0.1645515 | Best Cost: 0.1507669
2025-02-01 02:52:15 - INFO - Fold: 5 | Iter:    41 | Cost: 0.1686419 | Best Cost: 0.1507669
2025-02-01 02:52:16 - INFO - Fold: 5 | Iter:    42 | Cost: 0.1757589 | Best Cost: 0.1507669
2025-02-01 02:52:17 - INFO - Fold: 5 | Iter:    43 | Cost: 0.1670734 | Best Cost: 0.1507669
2025-02-01 02:52:18 - INFO - Fold: 5 | Iter:    44 | Cost: 0.1665078 | Best Cost: 0.1507669
2025-02-01 02:52:19 - INFO - Fold: 5 | Iter:    45 | Cost: 0.1720245 | Best Cost: 0.1507669
2025-02-01 02:52:20 - INFO - Fold: 5 | Iter:    46 | Cost: 0.1777291 | Best Cost: 0.1507669
2025-02-01 02:52:20 - INFO - Fold: 5 | Iter:    47 | Cost: 0.1705997 | Best Cost: 0.1507669
2025-02-01 02:52:21 - INFO - Fold: 5 | Iter:    48 | Cost: 0.1783652 | Best Cost: 0.1507669
2025-02-01 02:52:22 - INFO - Fold: 5 | Iter:    49 | Cost: 0.1619690 | Best Cost: 0.1507669
2025-02-01 02:52:23 - INFO - Fold: 5 | Iter:    50 | Cost: 0.1791857 | Best Cost: 0.1507669
2025-02-01 02:52:24 - INFO - Fold: 5 | Iter:    51 | Cost: 0.1680178 | Best Cost: 0.1507669
2025-02-01 02:52:26 - INFO - Fold: 6 | Iter:     1 | Cost: 0.1615915 | Best Cost: 0.1615915
2025-02-01 02:52:26 - INFO - Fold: 6 | Iter:     2 | Cost: 0.2534344 | Best Cost: 0.1615915
2025-02-01 02:52:27 - INFO - Fold: 6 | Iter:     3 | Cost: 0.2349255 | Best Cost: 0.1615915
2025-02-01 02:52:28 - INFO - Fold: 6 | Iter:     4 | Cost: 0.1541370 | Best Cost: 0.1541370
2025-02-01 02:52:30 - INFO - Fold: 6 | Iter:     5 | Cost: 0.2022556 | Best Cost: 0.1541370
2025-02-01 02:52:30 - INFO - Fold: 6 | Iter:     6 | Cost: 0.2501216 | Best Cost: 0.1541370
2025-02-01 02:52:31 - INFO - Fold: 6 | Iter:     7 | Cost: 0.2097405 | Best Cost: 0.1541370
2025-02-01 02:52:32 - INFO - Fold: 6 | Iter:     8 | Cost: 0.1692584 | Best Cost: 0.1541370
2025-02-01 02:52:33 - INFO - Fold: 6 | Iter:     9 | Cost: 0.2349213 | Best Cost: 0.1541370
2025-02-01 02:52:34 - INFO - Fold: 6 | Iter:    10 | Cost: 0.1851685 | Best Cost: 0.1541370
2025-02-01 02:52:34 - INFO - Fold: 6 | Iter:    11 | Cost: 0.1893325 | Best Cost: 0.1541370
2025-02-01 02:52:35 - INFO - Fold: 6 | Iter:    12 | Cost: 0.1681539 | Best Cost: 0.1541370
2025-02-01 02:52:36 - INFO - Fold: 6 | Iter:    13 | Cost: 0.1560423 | Best Cost: 0.1541370
2025-02-01 02:52:37 - INFO - Fold: 6 | Iter:    14 | Cost: 0.1695180 | Best Cost: 0.1541370
2025-02-01 02:52:38 - INFO - Fold: 6 | Iter:    15 | Cost: 0.1665912 | Best Cost: 0.1541370
2025-02-01 02:52:39 - INFO - Fold: 6 | Iter:    16 | Cost: 0.1768542 | Best Cost: 0.1541370
2025-02-01 02:52:40 - INFO - Fold: 6 | Iter:    17 | Cost: 0.1682935 | Best Cost: 0.1541370
2025-02-01 02:52:41 - INFO - Fold: 6 | Iter:    18 | Cost: 0.1619060 | Best Cost: 0.1541370
2025-02-01 02:52:41 - INFO - Fold: 6 | Iter:    19 | Cost: 0.1643960 | Best Cost: 0.1541370
2025-02-01 02:52:42 - INFO - Fold: 6 | Iter:    20 | Cost: 0.1862415 | Best Cost: 0.1541370
2025-02-01 02:52:42 - INFO - Fold: 6 | Iter:    21 | Cost: 0.1719587 | Best Cost: 0.1541370
2025-02-01 02:52:43 - INFO - Fold: 6 | Iter:    22 | Cost: 0.1707057 | Best Cost: 0.1541370
2025-02-01 02:52:43 - INFO - Fold: 6 | Iter:    23 | Cost: 0.1871153 | Best Cost: 0.1541370
2025-02-01 02:52:44 - INFO - Fold: 6 | Iter:    24 | Cost: 0.1654780 | Best Cost: 0.1541370
2025-02-01 02:52:46 - INFO - Fold: 7 | Iter:     1 | Cost: 0.1737400 | Best Cost: 0.1737400
2025-02-01 02:52:47 - INFO - Fold: 7 | Iter:     2 | Cost: 0.2058572 | Best Cost: 0.1737400
2025-02-01 02:52:48 - INFO - Fold: 7 | Iter:     3 | Cost: 0.1928150 | Best Cost: 0.1737400
2025-02-01 02:52:48 - INFO - Fold: 7 | Iter:     4 | Cost: 0.1606402 | Best Cost: 0.1606402
2025-02-01 02:52:49 - INFO - Fold: 7 | Iter:     5 | Cost: 0.1925734 | Best Cost: 0.1606402
2025-02-01 02:52:50 - INFO - Fold: 7 | Iter:     6 | Cost: 0.2039653 | Best Cost: 0.1606402
2025-02-01 02:52:51 - INFO - Fold: 7 | Iter:     7 | Cost: 0.2094303 | Best Cost: 0.1606402
2025-02-01 02:52:52 - INFO - Fold: 7 | Iter:     8 | Cost: 0.2075155 | Best Cost: 0.1606402
2025-02-01 02:52:53 - INFO - Fold: 7 | Iter:     9 | Cost: 0.1964589 | Best Cost: 0.1606402
2025-02-01 02:52:54 - INFO - Fold: 7 | Iter:    10 | Cost: 0.1780048 | Best Cost: 0.1606402
2025-02-01 02:52:55 - INFO - Fold: 7 | Iter:    11 | Cost: 0.1827945 | Best Cost: 0.1606402
2025-02-01 02:52:55 - INFO - Fold: 7 | Iter:    12 | Cost: 0.2010292 | Best Cost: 0.1606402
2025-02-01 02:52:56 - INFO - Fold: 7 | Iter:    13 | Cost: 0.1821099 | Best Cost: 0.1606402
2025-02-01 02:52:56 - INFO - Fold: 7 | Iter:    14 | Cost: 0.1790574 | Best Cost: 0.1606402
2025-02-01 02:52:57 - INFO - Fold: 7 | Iter:    15 | Cost: 0.1720772 | Best Cost: 0.1606402
2025-02-01 02:52:57 - INFO - Fold: 7 | Iter:    16 | Cost: 0.1741150 | Best Cost: 0.1606402
2025-02-01 02:52:58 - INFO - Fold: 7 | Iter:    17 | Cost: 0.1835640 | Best Cost: 0.1606402
2025-02-01 02:52:59 - INFO - Fold: 7 | Iter:    18 | Cost: 0.1874311 | Best Cost: 0.1606402
2025-02-01 02:53:00 - INFO - Fold: 7 | Iter:    19 | Cost: 0.1890424 | Best Cost: 0.1606402
2025-02-01 02:53:00 - INFO - Fold: 7 | Iter:    20 | Cost: 0.1578106 | Best Cost: 0.1578106
2025-02-01 02:53:01 - INFO - Fold: 7 | Iter:    21 | Cost: 0.1892810 | Best Cost: 0.1578106
2025-02-01 02:53:02 - INFO - Fold: 7 | Iter:    22 | Cost: 0.1572997 | Best Cost: 0.1572997
2025-02-01 02:53:02 - INFO - Fold: 7 | Iter:    23 | Cost: 0.1748184 | Best Cost: 0.1572997
2025-02-01 02:53:03 - INFO - Fold: 7 | Iter:    24 | Cost: 0.1725293 | Best Cost: 0.1572997
2025-02-01 02:53:04 - INFO - Fold: 7 | Iter:    25 | Cost: 0.1731455 | Best Cost: 0.1572997
2025-02-01 02:53:04 - INFO - Fold: 7 | Iter:    26 | Cost: 0.1817404 | Best Cost: 0.1572997
2025-02-01 02:53:05 - INFO - Fold: 7 | Iter:    27 | Cost: 0.1657798 | Best Cost: 0.1572997
2025-02-01 02:53:06 - INFO - Fold: 7 | Iter:    28 | Cost: 0.1728440 | Best Cost: 0.1572997
2025-02-01 02:53:07 - INFO - Fold: 7 | Iter:    29 | Cost: 0.1613352 | Best Cost: 0.1572997
2025-02-01 02:53:07 - INFO - Fold: 7 | Iter:    30 | Cost: 0.1704358 | Best Cost: 0.1572997
2025-02-01 02:53:08 - INFO - Fold: 7 | Iter:    31 | Cost: 0.1566965 | Best Cost: 0.1566965
2025-02-01 02:53:09 - INFO - Fold: 7 | Iter:    32 | Cost: 0.1774254 | Best Cost: 0.1566965
2025-02-01 02:53:10 - INFO - Fold: 7 | Iter:    33 | Cost: 0.1655652 | Best Cost: 0.1566965
2025-02-01 02:53:11 - INFO - Fold: 7 | Iter:    34 | Cost: 0.1710717 | Best Cost: 0.1566965
2025-02-01 02:53:12 - INFO - Fold: 7 | Iter:    35 | Cost: 0.1792572 | Best Cost: 0.1566965
2025-02-01 02:53:13 - INFO - Fold: 7 | Iter:    36 | Cost: 0.1648122 | Best Cost: 0.1566965
2025-02-01 02:53:14 - INFO - Fold: 7 | Iter:    37 | Cost: 0.1825593 | Best Cost: 0.1566965
2025-02-01 02:53:14 - INFO - Fold: 7 | Iter:    38 | Cost: 0.1641226 | Best Cost: 0.1566965
2025-02-01 02:53:15 - INFO - Fold: 7 | Iter:    39 | Cost: 0.1746480 | Best Cost: 0.1566965
2025-02-01 02:53:16 - INFO - Fold: 7 | Iter:    40 | Cost: 0.1520270 | Best Cost: 0.1520270
2025-02-01 02:53:16 - INFO - Fold: 7 | Iter:    41 | Cost: 0.1828080 | Best Cost: 0.1520270
2025-02-01 02:53:17 - INFO - Fold: 7 | Iter:    42 | Cost: 0.1797703 | Best Cost: 0.1520270
2025-02-01 02:53:18 - INFO - Fold: 7 | Iter:    43 | Cost: 0.1721445 | Best Cost: 0.1520270
2025-02-01 02:53:18 - INFO - Fold: 7 | Iter:    44 | Cost: 0.1660128 | Best Cost: 0.1520270
2025-02-01 02:53:19 - INFO - Fold: 7 | Iter:    45 | Cost: 0.1638508 | Best Cost: 0.1520270
2025-02-01 02:53:20 - INFO - Fold: 7 | Iter:    46 | Cost: 0.1845941 | Best Cost: 0.1520270
2025-02-01 02:53:21 - INFO - Fold: 7 | Iter:    47 | Cost: 0.1585798 | Best Cost: 0.1520270
2025-02-01 02:53:22 - INFO - Fold: 7 | Iter:    48 | Cost: 0.1883940 | Best Cost: 0.1520270
2025-02-01 02:53:22 - INFO - Fold: 7 | Iter:    49 | Cost: 0.1798525 | Best Cost: 0.1520270
2025-02-01 02:53:23 - INFO - Fold: 7 | Iter:    50 | Cost: 0.1806540 | Best Cost: 0.1520270
2025-02-01 02:53:24 - INFO - Fold: 7 | Iter:    51 | Cost: 0.1800936 | Best Cost: 0.1520270
2025-02-01 02:53:25 - INFO - Fold: 7 | Iter:    52 | Cost: 0.1785022 | Best Cost: 0.1520270
2025-02-01 02:53:26 - INFO - Fold: 7 | Iter:    53 | Cost: 0.1732340 | Best Cost: 0.1520270
2025-02-01 02:53:27 - INFO - Fold: 7 | Iter:    54 | Cost: 0.1681718 | Best Cost: 0.1520270
2025-02-01 02:53:28 - INFO - Fold: 7 | Iter:    55 | Cost: 0.1830132 | Best Cost: 0.1520270
2025-02-01 02:53:29 - INFO - Fold: 7 | Iter:    56 | Cost: 0.1640629 | Best Cost: 0.1520270
2025-02-01 02:53:30 - INFO - Fold: 7 | Iter:    57 | Cost: 0.1679306 | Best Cost: 0.1520270
2025-02-01 02:53:31 - INFO - Fold: 7 | Iter:    58 | Cost: 0.1488683 | Best Cost: 0.1488683
2025-02-01 02:53:31 - INFO - Fold: 7 | Iter:    59 | Cost: 0.1761482 | Best Cost: 0.1488683
2025-02-01 02:53:32 - INFO - Fold: 7 | Iter:    60 | Cost: 0.1666663 | Best Cost: 0.1488683
2025-02-01 02:53:34 - INFO - Fold: 7 | Iter:    61 | Cost: 0.1736698 | Best Cost: 0.1488683
2025-02-01 02:53:34 - INFO - Fold: 7 | Iter:    62 | Cost: 0.1588366 | Best Cost: 0.1488683
2025-02-01 02:53:35 - INFO - Fold: 7 | Iter:    63 | Cost: 0.1875562 | Best Cost: 0.1488683
2025-02-01 02:53:35 - INFO - Fold: 7 | Iter:    64 | Cost: 0.1832334 | Best Cost: 0.1488683
2025-02-01 02:53:36 - INFO - Fold: 7 | Iter:    65 | Cost: 0.1766009 | Best Cost: 0.1488683
2025-02-01 02:53:37 - INFO - Fold: 7 | Iter:    66 | Cost: 0.1823501 | Best Cost: 0.1488683
2025-02-01 02:53:37 - INFO - Fold: 7 | Iter:    67 | Cost: 0.1849522 | Best Cost: 0.1488683
2025-02-01 02:53:38 - INFO - Fold: 7 | Iter:    68 | Cost: 0.1737466 | Best Cost: 0.1488683
2025-02-01 02:53:39 - INFO - Fold: 7 | Iter:    69 | Cost: 0.1788901 | Best Cost: 0.1488683
2025-02-01 02:53:39 - INFO - Fold: 7 | Iter:    70 | Cost: 0.1738720 | Best Cost: 0.1488683
2025-02-01 02:53:40 - INFO - Fold: 7 | Iter:    71 | Cost: 0.1740530 | Best Cost: 0.1488683
2025-02-01 02:53:41 - INFO - Fold: 7 | Iter:    72 | Cost: 0.1889752 | Best Cost: 0.1488683
2025-02-01 02:53:42 - INFO - Fold: 7 | Iter:    73 | Cost: 0.1725192 | Best Cost: 0.1488683
2025-02-01 02:53:43 - INFO - Fold: 7 | Iter:    74 | Cost: 0.1628129 | Best Cost: 0.1488683
2025-02-01 02:53:44 - INFO - Fold: 7 | Iter:    75 | Cost: 0.1776902 | Best Cost: 0.1488683
2025-02-01 02:53:44 - INFO - Fold: 7 | Iter:    76 | Cost: 0.1817557 | Best Cost: 0.1488683
2025-02-01 02:53:45 - INFO - Fold: 7 | Iter:    77 | Cost: 0.1801097 | Best Cost: 0.1488683
2025-02-01 02:53:46 - INFO - Fold: 7 | Iter:    78 | Cost: 0.1841774 | Best Cost: 0.1488683
2025-02-01 02:53:46 - INFO - Fold: 8 | Iter:     1 | Cost: 0.1708029 | Best Cost: 0.1708029
2025-02-01 02:53:47 - INFO - Fold: 8 | Iter:     2 | Cost: 0.2433085 | Best Cost: 0.1708029
2025-02-01 02:53:48 - INFO - Fold: 8 | Iter:     3 | Cost: 0.1579392 | Best Cost: 0.1579392
2025-02-01 02:53:48 - INFO - Fold: 8 | Iter:     4 | Cost: 0.4032622 | Best Cost: 0.1579392
2025-02-01 02:53:49 - INFO - Fold: 8 | Iter:     5 | Cost: 0.1566367 | Best Cost: 0.1566367
2025-02-01 02:53:50 - INFO - Fold: 8 | Iter:     6 | Cost: 0.1803822 | Best Cost: 0.1566367
2025-02-01 02:53:51 - INFO - Fold: 8 | Iter:     7 | Cost: 0.1749968 | Best Cost: 0.1566367
2025-02-01 02:53:52 - INFO - Fold: 8 | Iter:     8 | Cost: 0.1810936 | Best Cost: 0.1566367
2025-02-01 02:53:53 - INFO - Fold: 8 | Iter:     9 | Cost: 0.1838137 | Best Cost: 0.1566367
2025-02-01 02:53:54 - INFO - Fold: 8 | Iter:    10 | Cost: 0.1760272 | Best Cost: 0.1566367
2025-02-01 02:53:55 - INFO - Fold: 8 | Iter:    11 | Cost: 0.1658890 | Best Cost: 0.1566367
2025-02-01 02:53:56 - INFO - Fold: 8 | Iter:    12 | Cost: 0.1735180 | Best Cost: 0.1566367
2025-02-01 02:53:57 - INFO - Fold: 8 | Iter:    13 | Cost: 0.1766705 | Best Cost: 0.1566367
2025-02-01 02:53:58 - INFO - Fold: 8 | Iter:    14 | Cost: 0.1705989 | Best Cost: 0.1566367
2025-02-01 02:53:59 - INFO - Fold: 8 | Iter:    15 | Cost: 0.1543173 | Best Cost: 0.1543173
2025-02-01 02:53:59 - INFO - Fold: 8 | Iter:    16 | Cost: 0.1686749 | Best Cost: 0.1543173
2025-02-01 02:54:00 - INFO - Fold: 8 | Iter:    17 | Cost: 0.1765654 | Best Cost: 0.1543173
2025-02-01 02:54:01 - INFO - Fold: 8 | Iter:    18 | Cost: 0.1652315 | Best Cost: 0.1543173
2025-02-01 02:54:01 - INFO - Fold: 8 | Iter:    19 | Cost: 0.1894496 | Best Cost: 0.1543173
2025-02-01 02:54:02 - INFO - Fold: 8 | Iter:    20 | Cost: 0.1588806 | Best Cost: 0.1543173
2025-02-01 02:54:03 - INFO - Fold: 8 | Iter:    21 | Cost: 0.1746147 | Best Cost: 0.1543173
2025-02-01 02:54:03 - INFO - Fold: 8 | Iter:    22 | Cost: 0.1733767 | Best Cost: 0.1543173
2025-02-01 02:54:04 - INFO - Fold: 8 | Iter:    23 | Cost: 0.1548689 | Best Cost: 0.1543173
2025-02-01 02:54:05 - INFO - Fold: 8 | Iter:    24 | Cost: 0.1657250 | Best Cost: 0.1543173
2025-02-01 02:54:06 - INFO - Fold: 8 | Iter:    25 | Cost: 0.1373412 | Best Cost: 0.1373412
2025-02-01 02:54:07 - INFO - Fold: 8 | Iter:    26 | Cost: 0.1720540 | Best Cost: 0.1373412
2025-02-01 02:54:08 - INFO - Fold: 8 | Iter:    27 | Cost: 0.1648493 | Best Cost: 0.1373412
2025-02-01 02:54:09 - INFO - Fold: 8 | Iter:    28 | Cost: 0.2198545 | Best Cost: 0.1373412
2025-02-01 02:54:10 - INFO - Fold: 8 | Iter:    29 | Cost: 0.1758556 | Best Cost: 0.1373412
2025-02-01 02:54:11 - INFO - Fold: 8 | Iter:    30 | Cost: 0.1776805 | Best Cost: 0.1373412
2025-02-01 02:54:12 - INFO - Fold: 8 | Iter:    31 | Cost: 0.1712890 | Best Cost: 0.1373412
2025-02-01 02:54:13 - INFO - Fold: 8 | Iter:    32 | Cost: 0.1516000 | Best Cost: 0.1373412
2025-02-01 02:54:14 - INFO - Fold: 8 | Iter:    33 | Cost: 0.1825967 | Best Cost: 0.1373412
2025-02-01 02:54:14 - INFO - Fold: 8 | Iter:    34 | Cost: 0.1800192 | Best Cost: 0.1373412
2025-02-01 02:54:15 - INFO - Fold: 8 | Iter:    35 | Cost: 0.1705728 | Best Cost: 0.1373412
2025-02-01 02:54:16 - INFO - Fold: 8 | Iter:    36 | Cost: 0.1655427 | Best Cost: 0.1373412
2025-02-01 02:54:17 - INFO - Fold: 8 | Iter:    37 | Cost: 0.1624151 | Best Cost: 0.1373412
2025-02-01 02:54:18 - INFO - Fold: 8 | Iter:    38 | Cost: 0.1668726 | Best Cost: 0.1373412
2025-02-01 02:54:18 - INFO - Fold: 8 | Iter:    39 | Cost: 0.1762189 | Best Cost: 0.1373412
2025-02-01 02:54:19 - INFO - Fold: 8 | Iter:    40 | Cost: 0.2195517 | Best Cost: 0.1373412
2025-02-01 02:54:20 - INFO - Fold: 8 | Iter:    41 | Cost: 0.1577122 | Best Cost: 0.1373412
2025-02-01 02:54:21 - INFO - Fold: 8 | Iter:    42 | Cost: 0.1755289 | Best Cost: 0.1373412
2025-02-01 02:54:22 - INFO - Fold: 8 | Iter:    43 | Cost: 0.1783047 | Best Cost: 0.1373412
2025-02-01 02:54:23 - INFO - Fold: 8 | Iter:    44 | Cost: 0.2121833 | Best Cost: 0.1373412
2025-02-01 02:54:24 - INFO - Fold: 8 | Iter:    45 | Cost: 0.1725290 | Best Cost: 0.1373412
2025-02-01 02:54:25 - INFO - Fold: 9 | Iter:     1 | Cost: 0.1668180 | Best Cost: 0.1668180
2025-02-01 02:54:26 - INFO - Fold: 9 | Iter:     2 | Cost: 0.1698167 | Best Cost: 0.1668180
2025-02-01 02:54:27 - INFO - Fold: 9 | Iter:     3 | Cost: 0.1722098 | Best Cost: 0.1668180
2025-02-01 02:54:28 - INFO - Fold: 9 | Iter:     4 | Cost: 0.1786940 | Best Cost: 0.1668180
2025-02-01 02:54:29 - INFO - Fold: 9 | Iter:     5 | Cost: 0.1651299 | Best Cost: 0.1651299
2025-02-01 02:54:30 - INFO - Fold: 9 | Iter:     6 | Cost: 0.1733394 | Best Cost: 0.1651299
2025-02-01 02:54:31 - INFO - Fold: 9 | Iter:     7 | Cost: 0.1763415 | Best Cost: 0.1651299
2025-02-01 02:54:32 - INFO - Fold: 9 | Iter:     8 | Cost: 0.1585067 | Best Cost: 0.1585067
2025-02-01 02:54:33 - INFO - Fold: 9 | Iter:     9 | Cost: 0.1796701 | Best Cost: 0.1585067
2025-02-01 02:54:34 - INFO - Fold: 9 | Iter:    10 | Cost: 0.1702344 | Best Cost: 0.1585067
2025-02-01 02:54:35 - INFO - Fold: 9 | Iter:    11 | Cost: 0.1831365 | Best Cost: 0.1585067
2025-02-01 02:54:35 - INFO - Fold: 9 | Iter:    12 | Cost: 0.1889680 | Best Cost: 0.1585067
2025-02-01 02:54:36 - INFO - Fold: 9 | Iter:    13 | Cost: 0.1825908 | Best Cost: 0.1585067
2025-02-01 02:54:37 - INFO - Fold: 9 | Iter:    14 | Cost: 0.1819376 | Best Cost: 0.1585067
2025-02-01 02:54:38 - INFO - Fold: 9 | Iter:    15 | Cost: 0.1604093 | Best Cost: 0.1585067
2025-02-01 02:54:40 - INFO - Fold: 9 | Iter:    16 | Cost: 0.1717614 | Best Cost: 0.1585067
2025-02-01 02:54:40 - INFO - Fold: 9 | Iter:    17 | Cost: 0.1672940 | Best Cost: 0.1585067
2025-02-01 02:54:41 - INFO - Fold: 9 | Iter:    18 | Cost: 0.1838864 | Best Cost: 0.1585067
2025-02-01 02:54:42 - INFO - Fold: 9 | Iter:    19 | Cost: 0.1644434 | Best Cost: 0.1585067
2025-02-01 02:54:43 - INFO - Fold: 9 | Iter:    20 | Cost: 0.1611356 | Best Cost: 0.1585067
2025-02-01 02:54:44 - INFO - Fold: 9 | Iter:    21 | Cost: 0.1752709 | Best Cost: 0.1585067
2025-02-01 02:54:44 - INFO - Fold: 9 | Iter:    22 | Cost: 0.1690014 | Best Cost: 0.1585067
2025-02-01 02:54:45 - INFO - Fold: 9 | Iter:    23 | Cost: 0.1703055 | Best Cost: 0.1585067
2025-02-01 02:54:46 - INFO - Fold: 9 | Iter:    24 | Cost: 0.1681719 | Best Cost: 0.1585067
2025-02-01 02:54:46 - INFO - Fold: 9 | Iter:    25 | Cost: 0.1952263 | Best Cost: 0.1585067
2025-02-01 02:54:47 - INFO - Fold: 9 | Iter:    26 | Cost: 0.2006537 | Best Cost: 0.1585067
2025-02-01 02:54:48 - INFO - Fold: 9 | Iter:    27 | Cost: 0.1747580 | Best Cost: 0.1585067
2025-02-01 02:54:49 - INFO - Fold: 9 | Iter:    28 | Cost: 0.1536773 | Best Cost: 0.1536773
2025-02-01 02:54:50 - INFO - Fold: 9 | Iter:    29 | Cost: 0.1715808 | Best Cost: 0.1536773
2025-02-01 02:54:51 - INFO - Fold: 9 | Iter:    30 | Cost: 0.1658717 | Best Cost: 0.1536773
2025-02-01 02:54:52 - INFO - Fold: 9 | Iter:    31 | Cost: 0.1752053 | Best Cost: 0.1536773
2025-02-01 02:54:53 - INFO - Fold: 9 | Iter:    32 | Cost: 0.1894738 | Best Cost: 0.1536773
2025-02-01 02:54:54 - INFO - Fold: 9 | Iter:    33 | Cost: 0.1668266 | Best Cost: 0.1536773
2025-02-01 02:54:55 - INFO - Fold: 9 | Iter:    34 | Cost: 0.1790333 | Best Cost: 0.1536773
2025-02-01 02:54:56 - INFO - Fold: 9 | Iter:    35 | Cost: 0.1725184 | Best Cost: 0.1536773
2025-02-01 02:54:57 - INFO - Fold: 9 | Iter:    36 | Cost: 0.1593705 | Best Cost: 0.1536773
2025-02-01 02:54:58 - INFO - Fold: 9 | Iter:    37 | Cost: 0.1776532 | Best Cost: 0.1536773
2025-02-01 02:54:58 - INFO - Fold: 9 | Iter:    38 | Cost: 0.1528901 | Best Cost: 0.1528901
2025-02-01 02:54:59 - INFO - Fold: 9 | Iter:    39 | Cost: 0.1777975 | Best Cost: 0.1528901
2025-02-01 02:55:00 - INFO - Fold: 9 | Iter:    40 | Cost: 0.1615030 | Best Cost: 0.1528901
2025-02-01 02:55:00 - INFO - Fold: 9 | Iter:    41 | Cost: 0.1862499 | Best Cost: 0.1528901
2025-02-01 02:55:01 - INFO - Fold: 9 | Iter:    42 | Cost: 0.1721997 | Best Cost: 0.1528901
2025-02-01 02:55:02 - INFO - Fold: 9 | Iter:    43 | Cost: 0.1719665 | Best Cost: 0.1528901
2025-02-01 02:55:03 - INFO - Fold: 9 | Iter:    44 | Cost: 0.1643910 | Best Cost: 0.1528901
2025-02-01 02:55:04 - INFO - Fold: 9 | Iter:    45 | Cost: 0.1667368 | Best Cost: 0.1528901
2025-02-01 02:55:05 - INFO - Fold: 9 | Iter:    46 | Cost: 0.1636228 | Best Cost: 0.1528901
2025-02-01 02:55:05 - INFO - Fold: 9 | Iter:    47 | Cost: 0.1790266 | Best Cost: 0.1528901
2025-02-01 02:55:06 - INFO - Fold: 9 | Iter:    48 | Cost: 0.1775512 | Best Cost: 0.1528901
2025-02-01 02:55:07 - INFO - Fold: 9 | Iter:    49 | Cost: 0.1702243 | Best Cost: 0.1528901
2025-02-01 02:55:08 - INFO - Fold: 9 | Iter:    50 | Cost: 0.1538124 | Best Cost: 0.1528901
2025-02-01 02:55:09 - INFO - Fold: 9 | Iter:    51 | Cost: 0.1658471 | Best Cost: 0.1528901
2025-02-01 02:55:10 - INFO - Fold: 9 | Iter:    52 | Cost: 0.1801307 | Best Cost: 0.1528901
2025-02-01 02:55:10 - INFO - Fold: 9 | Iter:    53 | Cost: 0.1725462 | Best Cost: 0.1528901
2025-02-01 02:55:11 - INFO - Fold: 9 | Iter:    54 | Cost: 0.1829713 | Best Cost: 0.1528901
2025-02-01 02:55:12 - INFO - Fold: 9 | Iter:    55 | Cost: 0.1732456 | Best Cost: 0.1528901
2025-02-01 02:55:13 - INFO - Fold: 9 | Iter:    56 | Cost: 0.1756212 | Best Cost: 0.1528901
2025-02-01 02:55:14 - INFO - Fold: 9 | Iter:    57 | Cost: 0.1818764 | Best Cost: 0.1528901
2025-02-01 02:55:15 - INFO - Fold: 9 | Iter:    58 | Cost: 0.1758608 | Best Cost: 0.1528901
2025-02-01 02:55:16 - INFO - Fold: 10 | Iter:     1 | Cost: 0.1631187 | Best Cost: 0.1631187
2025-02-01 02:55:17 - INFO - Fold: 10 | Iter:     2 | Cost: 0.1846392 | Best Cost: 0.1631187
2025-02-01 02:55:17 - INFO - Fold: 10 | Iter:     3 | Cost: 0.1763097 | Best Cost: 0.1631187
2025-02-01 02:55:18 - INFO - Fold: 10 | Iter:     4 | Cost: 0.1675229 | Best Cost: 0.1631187
2025-02-01 02:55:18 - INFO - Fold: 10 | Iter:     5 | Cost: 0.1757547 | Best Cost: 0.1631187
2025-02-01 02:55:19 - INFO - Fold: 10 | Iter:     6 | Cost: 0.1908054 | Best Cost: 0.1631187
2025-02-01 02:55:19 - INFO - Fold: 10 | Iter:     7 | Cost: 0.1724675 | Best Cost: 0.1631187
2025-02-01 02:55:20 - INFO - Fold: 10 | Iter:     8 | Cost: 0.1792864 | Best Cost: 0.1631187
2025-02-01 02:55:21 - INFO - Fold: 10 | Iter:     9 | Cost: 0.1604743 | Best Cost: 0.1604743
2025-02-01 02:55:22 - INFO - Fold: 10 | Iter:    10 | Cost: 0.1747178 | Best Cost: 0.1604743
2025-02-01 02:55:22 - INFO - Fold: 10 | Iter:    11 | Cost: 0.1746994 | Best Cost: 0.1604743
2025-02-01 02:55:23 - INFO - Fold: 10 | Iter:    12 | Cost: 0.1745207 | Best Cost: 0.1604743
2025-02-01 02:55:24 - INFO - Fold: 10 | Iter:    13 | Cost: 0.1768011 | Best Cost: 0.1604743
2025-02-01 02:55:25 - INFO - Fold: 10 | Iter:    14 | Cost: 0.1462315 | Best Cost: 0.1462315
2025-02-01 02:55:26 - INFO - Fold: 10 | Iter:    15 | Cost: 0.1984525 | Best Cost: 0.1462315
2025-02-01 02:55:27 - INFO - Fold: 10 | Iter:    16 | Cost: 0.1912627 | Best Cost: 0.1462315
2025-02-01 02:55:28 - INFO - Fold: 10 | Iter:    17 | Cost: 0.1824652 | Best Cost: 0.1462315
2025-02-01 02:55:29 - INFO - Fold: 10 | Iter:    18 | Cost: 0.1601693 | Best Cost: 0.1462315
2025-02-01 02:55:30 - INFO - Fold: 10 | Iter:    19 | Cost: 0.1710038 | Best Cost: 0.1462315
2025-02-01 02:55:31 - INFO - Fold: 10 | Iter:    20 | Cost: 0.1667464 | Best Cost: 0.1462315
2025-02-01 02:55:31 - INFO - Fold: 10 | Iter:    21 | Cost: 0.1865895 | Best Cost: 0.1462315
2025-02-01 02:55:32 - INFO - Fold: 10 | Iter:    22 | Cost: 0.1965393 | Best Cost: 0.1462315
2025-02-01 02:55:33 - INFO - Fold: 10 | Iter:    23 | Cost: 0.1757279 | Best Cost: 0.1462315
2025-02-01 02:55:34 - INFO - Fold: 10 | Iter:    24 | Cost: 0.1691537 | Best Cost: 0.1462315
2025-02-01 02:55:35 - INFO - Fold: 10 | Iter:    25 | Cost: 0.1767643 | Best Cost: 0.1462315
2025-02-01 02:55:36 - INFO - Fold: 10 | Iter:    26 | Cost: 0.1685503 | Best Cost: 0.1462315
2025-02-01 02:55:36 - INFO - Fold: 10 | Iter:    27 | Cost: 0.1789761 | Best Cost: 0.1462315
2025-02-01 02:55:37 - INFO - Fold: 10 | Iter:    28 | Cost: 0.1777556 | Best Cost: 0.1462315
2025-02-01 02:55:38 - INFO - Fold: 10 | Iter:    29 | Cost: 0.1852199 | Best Cost: 0.1462315
2025-02-01 02:55:39 - INFO - Fold: 10 | Iter:    30 | Cost: 0.1761153 | Best Cost: 0.1462315
2025-02-01 02:55:39 - INFO - Fold: 10 | Iter:    31 | Cost: 0.1648765 | Best Cost: 0.1462315
2025-02-01 02:55:40 - INFO - Fold: 10 | Iter:    32 | Cost: 0.1856203 | Best Cost: 0.1462315
2025-02-01 02:55:41 - INFO - Fold: 10 | Iter:    33 | Cost: 0.1788118 | Best Cost: 0.1462315
2025-02-01 02:55:41 - INFO - Fold: 10 | Iter:    34 | Cost: 0.1767697 | Best Cost: 0.1462315
2025-02-01 02:55:42 - INFO - A melhor Fold foi a 10
2025-02-01 02:55:42 - INFO - Custo: 0.1462314629660899
2025-02-01 02:55:42 - INFO - Silhouette: 0.8441540382417042
2025-02-01 02:55:42 - INFO - Davies Bouldin: 0.212155414226064
2025-02-01 02:55:42 - INFO - Calinski Harabasz: 668.0218458611428
2025-02-01 02:55:42 - INFO - Pontuao Composta: 0.8498068262876423
2025-02-01 02:55:46 - INFO - 
Melhores Resultados:
2025-02-01 02:55:46 - INFO - Otimizador: SPSAOptimizer
2025-02-01 02:55:46 - INFO - Tipo de Circuito: circuit_type1
2025-02-01 02:55:46 - INFO - Nmero de Camadas: 2
2025-02-01 02:55:46 - INFO - Custo: 0.1462314629660899
2025-02-01 02:55:46 - INFO - Score Davies: 0.212155414226064
2025-02-01 02:55:46 - INFO - Score Calinski: 668.0218458611428
2025-02-01 02:55:46 - INFO - Score Silhouette: 0.8441540382417042
