2025-03-13 01:23:52 - INFO - Testando: circuit_type1 - SPSAOptimizer - 2 camadas
2025-03-13 01:23:54 - INFO - Iter:     1 | Cost: 0.4546028 | Best Cost: 0.4546028
2025-03-13 01:23:56 - INFO - Iter:     2 | Cost: 0.4496432 | Best Cost: 0.4496432
2025-03-13 01:23:58 - INFO - Iter:     3 | Cost: 0.4626990 | Best Cost: 0.4496432
2025-03-13 01:24:00 - INFO - Iter:     4 | Cost: 0.4681105 | Best Cost: 0.4496432
2025-03-13 01:24:02 - INFO - Iter:     5 | Cost: 0.4479933 | Best Cost: 0.4479933
2025-03-13 01:24:03 - INFO - Iter:     6 | Cost: 0.4497081 | Best Cost: 0.4479933
2025-03-13 01:24:04 - INFO - Iter:     7 | Cost: 0.4420862 | Best Cost: 0.4420862
2025-03-13 01:24:06 - INFO - Iter:     8 | Cost: 0.4654903 | Best Cost: 0.4420862
2025-03-13 01:24:07 - INFO - Iter:     9 | Cost: 0.4522354 | Best Cost: 0.4420862
2025-03-13 01:24:08 - INFO - Iter:    10 | Cost: 0.4546852 | Best Cost: 0.4420862
2025-03-13 01:24:10 - INFO - Iter:    11 | Cost: 0.4387983 | Best Cost: 0.4387983
2025-03-13 01:24:11 - INFO - Iter:    12 | Cost: 0.4321199 | Best Cost: 0.4321199
2025-03-13 01:24:12 - INFO - Iter:    13 | Cost: 0.4545007 | Best Cost: 0.4321199
2025-03-13 01:24:14 - INFO - Iter:    14 | Cost: 0.4413087 | Best Cost: 0.4321199
2025-03-13 01:24:15 - INFO - Iter:    15 | Cost: 0.4428626 | Best Cost: 0.4321199
2025-03-13 01:24:17 - INFO - Iter:    16 | Cost: 0.4515544 | Best Cost: 0.4321199
2025-03-13 01:24:18 - INFO - Iter:    17 | Cost: 0.4742793 | Best Cost: 0.4321199
2025-03-13 01:24:19 - INFO - Iter:    18 | Cost: 0.4263983 | Best Cost: 0.4263983
2025-03-13 01:24:20 - INFO - Iter:    19 | Cost: 0.4447403 | Best Cost: 0.4263983
2025-03-13 01:24:22 - INFO - Iter:    20 | Cost: 0.4394607 | Best Cost: 0.4263983
2025-03-13 01:24:23 - INFO - Iter:    21 | Cost: 0.4379390 | Best Cost: 0.4263983
2025-03-13 01:24:25 - INFO - Iter:    22 | Cost: 0.4513444 | Best Cost: 0.4263983
2025-03-13 01:24:27 - INFO - Iter:    23 | Cost: 0.4446679 | Best Cost: 0.4263983
2025-03-13 01:24:29 - INFO - Iter:    24 | Cost: 0.4586076 | Best Cost: 0.4263983
2025-03-13 01:24:31 - INFO - Iter:    25 | Cost: 0.4754684 | Best Cost: 0.4263983
2025-03-13 01:24:32 - INFO - Iter:    26 | Cost: 0.4643017 | Best Cost: 0.4263983
2025-03-13 01:24:34 - INFO - Iter:    27 | Cost: 0.4603472 | Best Cost: 0.4263983
2025-03-13 01:24:36 - INFO - Iter:    28 | Cost: 0.4410987 | Best Cost: 0.4263983
2025-03-13 01:24:38 - INFO - Iter:    29 | Cost: 0.4645395 | Best Cost: 0.4263983
2025-03-13 01:24:40 - INFO - Iter:    30 | Cost: 0.4402971 | Best Cost: 0.4263983
2025-03-13 01:24:41 - INFO - Iter:    31 | Cost: 0.4320446 | Best Cost: 0.4263983
2025-03-13 01:24:43 - INFO - Iter:    32 | Cost: 0.4401468 | Best Cost: 0.4263983
2025-03-13 01:24:45 - INFO - Iter:    33 | Cost: 0.4446733 | Best Cost: 0.4263983
2025-03-13 01:24:47 - INFO - Iter:    34 | Cost: 0.4420449 | Best Cost: 0.4263983
2025-03-13 01:24:49 - INFO - Iter:    35 | Cost: 0.4295105 | Best Cost: 0.4263983
2025-03-13 01:24:51 - INFO - Iter:    36 | Cost: 0.4562895 | Best Cost: 0.4263983
2025-03-13 01:24:52 - INFO - Iter:    37 | Cost: 0.4314760 | Best Cost: 0.4263983
2025-03-13 01:24:54 - INFO - Iter:    38 | Cost: 0.4528473 | Best Cost: 0.4263983
2025-03-13 01:25:02 - INFO - Custo Final: 0.42639834685577116
2025-03-13 01:25:02 - INFO - Silhouette: 0.31473167684961706
2025-03-13 01:25:02 - INFO - Davies Bouldin: 1.2565202391430694
2025-03-13 01:25:02 - INFO - Calinski Harabasz: 142.68382737906455
2025-03-13 01:25:02 - INFO - 
Melhores Resultados:
2025-03-13 01:25:02 - INFO - Otimizador: SPSAOptimizer
2025-03-13 01:25:02 - INFO - Tipo de Circuito: circuit_type1
2025-03-13 01:25:02 - INFO - Número de Camadas: 2
2025-03-13 01:25:02 - INFO - Custo: 0.42639834685577116
2025-03-13 01:25:02 - INFO - Score Davies: 1.2565202391430694
2025-03-13 01:25:02 - INFO - Score Calinski: 142.68382737906455
2025-03-13 01:25:02 - INFO - Score Silhouette: 0.31473167684961706
2025-03-13 01:25:02 - INFO - [[[-0.793062236144538, 2.8614122073940447, 1.4803673445158816], [0.5987877141903656, -2.1522470774943137, -2.1778102227613]], [[-2.764892880747854, 2.320198257011265, 0.6454279337676477], [1.3138116265588804, -3.002399156450621, 2.9519080348737887]]]
2025-03-13 01:25:32 - INFO - Testando: circuit_type1 - SPSAOptimizer - 2 camadas
2025-03-13 01:25:34 - INFO - Iter:     1 | Cost: 0.4496720 | Best Cost: 0.4496720
2025-03-13 01:25:36 - INFO - Iter:     2 | Cost: 0.4365032 | Best Cost: 0.4365032
2025-03-13 01:25:37 - INFO - Iter:     3 | Cost: 0.4521229 | Best Cost: 0.4365032
2025-03-13 01:25:39 - INFO - Iter:     4 | Cost: 0.4358556 | Best Cost: 0.4358556
2025-03-13 01:25:40 - INFO - Iter:     5 | Cost: 0.4562729 | Best Cost: 0.4358556
2025-03-13 01:25:42 - INFO - Iter:     6 | Cost: 0.4623638 | Best Cost: 0.4358556
2025-03-13 01:25:43 - INFO - Iter:     7 | Cost: 0.4238036 | Best Cost: 0.4238036
2025-03-13 01:25:45 - INFO - Iter:     8 | Cost: 0.4570613 | Best Cost: 0.4238036
2025-03-13 01:25:47 - INFO - Iter:     9 | Cost: 0.4509427 | Best Cost: 0.4238036
2025-03-13 01:25:49 - INFO - Iter:    10 | Cost: 0.4377913 | Best Cost: 0.4238036
2025-03-13 01:25:51 - INFO - Iter:    11 | Cost: 0.4346964 | Best Cost: 0.4238036
2025-03-13 01:25:53 - INFO - Iter:    12 | Cost: 0.4653001 | Best Cost: 0.4238036
2025-03-13 01:25:54 - INFO - Iter:    13 | Cost: 0.4518260 | Best Cost: 0.4238036
2025-03-13 01:25:55 - INFO - Iter:    14 | Cost: 0.4272824 | Best Cost: 0.4238036
2025-03-13 01:25:57 - INFO - Iter:    15 | Cost: 0.4491160 | Best Cost: 0.4238036
2025-03-13 01:25:58 - INFO - Iter:    16 | Cost: 0.4378929 | Best Cost: 0.4238036
2025-03-13 01:26:00 - INFO - Iter:    17 | Cost: 0.4402398 | Best Cost: 0.4238036
2025-03-13 01:26:01 - INFO - Iter:    18 | Cost: 0.4444742 | Best Cost: 0.4238036
2025-03-13 01:26:03 - INFO - Iter:    19 | Cost: 0.4439094 | Best Cost: 0.4238036
2025-03-13 01:26:05 - INFO - Iter:    20 | Cost: 0.4278184 | Best Cost: 0.4238036
2025-03-13 01:26:07 - INFO - Iter:    21 | Cost: 0.4418350 | Best Cost: 0.4238036
2025-03-13 01:26:09 - INFO - Iter:    22 | Cost: 0.4684797 | Best Cost: 0.4238036
2025-03-13 01:26:11 - INFO - Iter:    23 | Cost: 0.4621721 | Best Cost: 0.4238036
2025-03-13 01:26:13 - INFO - Iter:    24 | Cost: 0.4441571 | Best Cost: 0.4238036
2025-03-13 01:26:15 - INFO - Iter:    25 | Cost: 0.4331576 | Best Cost: 0.4238036
2025-03-13 01:26:17 - INFO - Iter:    26 | Cost: 0.4643462 | Best Cost: 0.4238036
2025-03-13 01:26:18 - INFO - Iter:    27 | Cost: 0.4482260 | Best Cost: 0.4238036
2025-03-13 01:26:28 - INFO - Custo Final: 0.42380360715127874
2025-03-13 01:26:28 - INFO - Silhouette: 0.32498169439632707
2025-03-13 01:26:28 - INFO - Davies Bouldin: 1.2618134987243197
2025-03-13 01:26:28 - INFO - Calinski Harabasz: 146.82484064095908
2025-03-13 01:26:28 - INFO - 
Melhores Resultados:
2025-03-13 01:26:28 - INFO - Otimizador: SPSAOptimizer
2025-03-13 01:26:28 - INFO - Tipo de Circuito: circuit_type1
2025-03-13 01:26:28 - INFO - Número de Camadas: 2
2025-03-13 01:26:28 - INFO - Custo: 0.42380360715127874
2025-03-13 01:26:28 - INFO - Score Davies: 1.2618134987243197
2025-03-13 01:26:28 - INFO - Score Calinski: 146.82484064095908
2025-03-13 01:26:28 - INFO - Score Silhouette: 0.32498169439632707
2025-03-13 01:26:28 - INFO - [[[0.494820913452714, -0.45829668985977207, -2.691281618323962], [2.4681372582782566, 0.6983480903656398, -2.414533012280956]], [[0.06572178354911971, -0.018882283928565936, -2.760284198688093], [0.6692746504743692, 1.933105340137327, 1.5611917959788522]]]
2025-03-13 01:27:30 - INFO - Testando: circuit_type1 - SPSAOptimizer - 2 camadas
2025-03-13 01:27:33 - INFO - Iter:     1 | Cost: 0.4320916 | Best Cost: 0.4320916
2025-03-13 01:27:34 - INFO - Iter:     2 | Cost: 0.4469870 | Best Cost: 0.4320916
2025-03-13 01:27:35 - INFO - Iter:     3 | Cost: 0.4456421 | Best Cost: 0.4320916
2025-03-13 01:27:37 - INFO - Iter:     4 | Cost: 0.4308388 | Best Cost: 0.4308388
2025-03-13 01:27:38 - INFO - Iter:     5 | Cost: 0.4497540 | Best Cost: 0.4308388
2025-03-13 01:27:40 - INFO - Iter:     6 | Cost: 0.4374253 | Best Cost: 0.4308388
2025-03-13 01:27:41 - INFO - Iter:     7 | Cost: 0.4381491 | Best Cost: 0.4308388
2025-03-13 01:27:42 - INFO - Iter:     8 | Cost: 0.4370560 | Best Cost: 0.4308388
2025-03-13 01:27:44 - INFO - Iter:     9 | Cost: 0.4331671 | Best Cost: 0.4308388
2025-03-13 01:27:46 - INFO - Iter:    10 | Cost: 0.4479464 | Best Cost: 0.4308388
2025-03-13 01:27:47 - INFO - Iter:    11 | Cost: 0.4509194 | Best Cost: 0.4308388
2025-03-13 01:27:48 - INFO - Iter:    12 | Cost: 0.4434038 | Best Cost: 0.4308388
2025-03-13 01:27:50 - INFO - Iter:    13 | Cost: 0.4319398 | Best Cost: 0.4308388
2025-03-13 01:27:51 - INFO - Iter:    14 | Cost: 0.4349093 | Best Cost: 0.4308388
2025-03-13 01:27:53 - INFO - Iter:    15 | Cost: 0.4307923 | Best Cost: 0.4307923
2025-03-13 01:27:55 - INFO - Iter:    16 | Cost: 0.4474110 | Best Cost: 0.4307923
2025-03-13 01:27:57 - INFO - Iter:    17 | Cost: 0.4409924 | Best Cost: 0.4307923
2025-03-13 01:27:58 - INFO - Iter:    18 | Cost: 0.4439767 | Best Cost: 0.4307923
2025-03-13 01:28:00 - INFO - Iter:    19 | Cost: 0.4327682 | Best Cost: 0.4307923
2025-03-13 01:28:02 - INFO - Iter:    20 | Cost: 0.4525653 | Best Cost: 0.4307923
2025-03-13 01:28:04 - INFO - Iter:    21 | Cost: 0.4375391 | Best Cost: 0.4307923
2025-03-13 01:28:06 - INFO - Iter:    22 | Cost: 0.4455632 | Best Cost: 0.4307923
2025-03-13 01:28:08 - INFO - Iter:    23 | Cost: 0.4370340 | Best Cost: 0.4307923
2025-03-13 01:28:09 - INFO - Iter:    24 | Cost: 0.4232437 | Best Cost: 0.4232437
2025-03-13 01:28:11 - INFO - Iter:    25 | Cost: 0.4293904 | Best Cost: 0.4232437
2025-03-13 01:28:13 - INFO - Iter:    26 | Cost: 0.4501730 | Best Cost: 0.4232437
2025-03-13 01:28:15 - INFO - Iter:    27 | Cost: 0.4483455 | Best Cost: 0.4232437
2025-03-13 01:28:17 - INFO - Iter:    28 | Cost: 0.4391091 | Best Cost: 0.4232437
2025-03-13 01:28:19 - INFO - Iter:    29 | Cost: 0.4296534 | Best Cost: 0.4232437
2025-03-13 01:28:21 - INFO - Iter:    30 | Cost: 0.4334695 | Best Cost: 0.4232437
2025-03-13 01:28:22 - INFO - Iter:    31 | Cost: 0.4292943 | Best Cost: 0.4232437
2025-03-13 01:28:24 - INFO - Iter:    32 | Cost: 0.4399025 | Best Cost: 0.4232437
2025-03-13 01:28:26 - INFO - Iter:    33 | Cost: 0.4425342 | Best Cost: 0.4232437
2025-03-13 01:28:28 - INFO - Iter:    34 | Cost: 0.4386677 | Best Cost: 0.4232437
2025-03-13 01:28:30 - INFO - Iter:    35 | Cost: 0.4296009 | Best Cost: 0.4232437
2025-03-13 01:28:32 - INFO - Iter:    36 | Cost: 0.4538034 | Best Cost: 0.4232437
2025-03-13 01:28:34 - INFO - Iter:    37 | Cost: 0.4436811 | Best Cost: 0.4232437
2025-03-13 01:28:36 - INFO - Iter:    38 | Cost: 0.4273690 | Best Cost: 0.4232437
2025-03-13 01:28:37 - INFO - Iter:    39 | Cost: 0.4476798 | Best Cost: 0.4232437
2025-03-13 01:28:39 - INFO - Iter:    40 | Cost: 0.4446782 | Best Cost: 0.4232437
2025-03-13 01:28:41 - INFO - Iter:    41 | Cost: 0.4442646 | Best Cost: 0.4232437
2025-03-13 01:28:42 - INFO - Iter:    42 | Cost: 0.4246372 | Best Cost: 0.4232437
2025-03-13 01:28:43 - INFO - Iter:    43 | Cost: 0.4294268 | Best Cost: 0.4232437
2025-03-13 01:28:44 - INFO - Iter:    44 | Cost: 0.4431922 | Best Cost: 0.4232437
2025-03-13 01:28:52 - INFO - Custo Final: 0.4232436845455009
2025-03-13 01:28:52 - INFO - Silhouette: 0.32173839709317464
2025-03-13 01:28:52 - INFO - Davies Bouldin: 1.2849107469330108
2025-03-13 01:28:52 - INFO - Calinski Harabasz: 146.83536800491984
2025-03-13 01:28:52 - INFO - 
Melhores Resultados:
2025-03-13 01:28:52 - INFO - Otimizador: SPSAOptimizer
2025-03-13 01:28:52 - INFO - Tipo de Circuito: circuit_type1
2025-03-13 01:28:52 - INFO - Número de Camadas: 2
2025-03-13 01:28:52 - INFO - Custo: 0.4232436845455009
2025-03-13 01:28:52 - INFO - Score Davies: 1.2849107469330108
2025-03-13 01:28:52 - INFO - Score Calinski: 146.83536800491984
2025-03-13 01:28:52 - INFO - Score Silhouette: 0.32173839709317464
2025-03-13 01:28:52 - INFO - [[[-2.3387332162946444, -0.11878965885767877, -2.166681911343387], [1.2289424667966373, 0.4834047968739793, 1.5193705355479814]], [[-2.7487271989373383, 2.915571408681716, -3.1447171051654634], [-1.1026617697901124, 1.1281387302809462, -2.856989010406719]]]
2025-03-13 01:29:35 - INFO - Testando: circuit_type1 - SPSAOptimizer - 2 camadas
2025-03-13 01:29:37 - INFO - Iter:     1 | Cost: 0.6256853 | Best Cost: 0.6256853
2025-03-13 01:29:39 - INFO - Iter:     2 | Cost: 0.6044614 | Best Cost: 0.6044614
2025-03-13 01:29:40 - INFO - Iter:     3 | Cost: 0.6646116 | Best Cost: 0.6044614
2025-03-13 01:29:41 - INFO - Iter:     4 | Cost: 0.6378455 | Best Cost: 0.6044614
2025-03-13 01:29:43 - INFO - Iter:     5 | Cost: 0.6242189 | Best Cost: 0.6044614
2025-03-13 01:29:45 - INFO - Iter:     6 | Cost: 0.6492579 | Best Cost: 0.6044614
2025-03-13 01:29:47 - INFO - Iter:     7 | Cost: 0.6599535 | Best Cost: 0.6044614
2025-03-13 01:29:49 - INFO - Iter:     8 | Cost: 0.6575316 | Best Cost: 0.6044614
2025-03-13 01:29:50 - INFO - Iter:     9 | Cost: 0.6651991 | Best Cost: 0.6044614
2025-03-13 01:29:52 - INFO - Iter:    10 | Cost: 0.6536473 | Best Cost: 0.6044614
2025-03-13 01:29:54 - INFO - Iter:    11 | Cost: 0.6402503 | Best Cost: 0.6044614
2025-03-13 01:29:56 - INFO - Iter:    12 | Cost: 0.5965847 | Best Cost: 0.5965847
2025-03-13 01:29:58 - INFO - Iter:    13 | Cost: 0.6291578 | Best Cost: 0.5965847
2025-03-13 01:29:59 - INFO - Iter:    14 | Cost: 0.6313952 | Best Cost: 0.5965847
2025-03-13 01:30:01 - INFO - Iter:    15 | Cost: 0.6056190 | Best Cost: 0.5965847
2025-03-13 01:30:03 - INFO - Iter:    16 | Cost: 0.6164569 | Best Cost: 0.5965847
2025-03-13 01:30:05 - INFO - Iter:    17 | Cost: 0.6509647 | Best Cost: 0.5965847
2025-03-13 01:30:07 - INFO - Iter:    18 | Cost: 0.6445319 | Best Cost: 0.5965847
2025-03-13 01:30:09 - INFO - Iter:    19 | Cost: 0.6158232 | Best Cost: 0.5965847
2025-03-13 01:30:11 - INFO - Iter:    20 | Cost: 0.6658153 | Best Cost: 0.5965847
2025-03-13 01:30:13 - INFO - Iter:    21 | Cost: 0.6113047 | Best Cost: 0.5965847
2025-03-13 01:30:15 - INFO - Iter:    22 | Cost: 0.6317254 | Best Cost: 0.5965847
2025-03-13 01:30:17 - INFO - Iter:    23 | Cost: 0.6502654 | Best Cost: 0.5965847
2025-03-13 01:30:19 - INFO - Iter:    24 | Cost: 0.6361967 | Best Cost: 0.5965847
2025-03-13 01:30:20 - INFO - Iter:    25 | Cost: 0.6769265 | Best Cost: 0.5965847
2025-03-13 01:30:21 - INFO - Iter:    26 | Cost: 0.6755952 | Best Cost: 0.5965847
2025-03-13 01:30:22 - INFO - Iter:    27 | Cost: 0.6394066 | Best Cost: 0.5965847
2025-03-13 01:30:24 - INFO - Iter:    28 | Cost: 0.6594978 | Best Cost: 0.5965847
2025-03-13 01:30:25 - INFO - Iter:    29 | Cost: 0.6623089 | Best Cost: 0.5965847
2025-03-13 01:30:27 - INFO - Iter:    30 | Cost: 0.6427178 | Best Cost: 0.5965847
2025-03-13 01:30:28 - INFO - Iter:    31 | Cost: 0.6334805 | Best Cost: 0.5965847
2025-03-13 01:30:30 - INFO - Iter:    32 | Cost: 0.6498036 | Best Cost: 0.5965847
2025-03-13 01:30:38 - INFO - Custo Final: 0.5965847111082178
2025-03-13 01:30:38 - INFO - Silhouette: 0.32799715122368406
2025-03-13 01:30:38 - INFO - Davies Bouldin: 1.2761509085782416
2025-03-13 01:30:38 - INFO - Calinski Harabasz: 150.82147942719763
2025-03-13 01:30:38 - INFO - 
Melhores Resultados:
2025-03-13 01:30:38 - INFO - Otimizador: SPSAOptimizer
2025-03-13 01:30:38 - INFO - Tipo de Circuito: circuit_type1
2025-03-13 01:30:38 - INFO - Número de Camadas: 2
2025-03-13 01:30:38 - INFO - Custo: 0.5965847111082178
2025-03-13 01:30:38 - INFO - Score Davies: 1.2761509085782416
2025-03-13 01:30:38 - INFO - Score Calinski: 150.82147942719763
2025-03-13 01:30:38 - INFO - Score Silhouette: 0.32799715122368406
2025-03-13 01:30:38 - INFO - [[[3.0024837262037845, 0.7848464383039155, 2.8986453506657655], [-1.4396194003076386, 0.7330710711554063, 1.5912632969552318]], [[-2.529594427846717, 1.0063082266206742, -2.149417304292339], [-1.0920287111924967, 1.2981936378735373, -0.47766048799580824]]]
2025-03-13 01:32:09 - INFO - Testando: circuit_type1 - SPSAOptimizer - 2 camadas
2025-03-13 01:32:10 - INFO - shape of predictions: (128,)
2025-03-13 01:32:10 - INFO - shape of predictions: (128,)
2025-03-13 01:32:11 - INFO - shape of predictions: (128,)
2025-03-13 01:32:11 - INFO - Iter:     1 | Cost: 0.6618704 | Best Cost: 0.6618704
2025-03-13 01:32:11 - INFO - shape of predictions: (128,)
2025-03-13 01:32:12 - INFO - shape of predictions: (128,)
2025-03-13 01:32:12 - INFO - shape of predictions: (128,)
2025-03-13 01:32:12 - INFO - Iter:     2 | Cost: 0.6742593 | Best Cost: 0.6618704
2025-03-13 01:32:13 - INFO - shape of predictions: (128,)
2025-03-13 01:32:13 - INFO - shape of predictions: (128,)
2025-03-13 01:32:13 - INFO - shape of predictions: (128,)
2025-03-13 01:32:13 - INFO - Iter:     3 | Cost: 0.7271688 | Best Cost: 0.6618704
2025-03-13 01:32:14 - INFO - shape of predictions: (128,)
2025-03-13 01:32:14 - INFO - shape of predictions: (128,)
2025-03-13 01:32:15 - INFO - shape of predictions: (128,)
2025-03-13 01:32:15 - INFO - Iter:     4 | Cost: 0.6286033 | Best Cost: 0.6286033
2025-03-13 01:32:15 - INFO - shape of predictions: (128,)
2025-03-13 01:32:16 - INFO - shape of predictions: (128,)
2025-03-13 01:32:16 - INFO - shape of predictions: (128,)
2025-03-13 01:32:16 - INFO - Iter:     5 | Cost: 0.6427768 | Best Cost: 0.6286033
2025-03-13 01:32:17 - INFO - shape of predictions: (128,)
2025-03-13 01:32:17 - INFO - shape of predictions: (128,)
2025-03-13 01:32:18 - INFO - shape of predictions: (128,)
2025-03-13 01:32:18 - INFO - Iter:     6 | Cost: 0.7063082 | Best Cost: 0.6286033
2025-03-13 01:32:18 - INFO - shape of predictions: (128,)
2025-03-13 01:32:19 - INFO - shape of predictions: (128,)
2025-03-13 01:32:19 - INFO - shape of predictions: (128,)
2025-03-13 01:32:19 - INFO - Iter:     7 | Cost: 0.6350058 | Best Cost: 0.6286033
2025-03-13 01:32:20 - INFO - shape of predictions: (128,)
2025-03-13 01:32:20 - INFO - shape of predictions: (128,)
2025-03-13 01:32:21 - INFO - shape of predictions: (128,)
2025-03-13 01:32:21 - INFO - Iter:     8 | Cost: 0.6106966 | Best Cost: 0.6106966
2025-03-13 01:32:21 - INFO - shape of predictions: (128,)
2025-03-13 01:32:22 - INFO - shape of predictions: (128,)
2025-03-13 01:32:22 - INFO - shape of predictions: (128,)
2025-03-13 01:32:22 - INFO - Iter:     9 | Cost: 0.6745836 | Best Cost: 0.6106966
2025-03-13 01:32:23 - INFO - shape of predictions: (128,)
2025-03-13 01:32:24 - INFO - shape of predictions: (128,)
2025-03-13 01:32:24 - INFO - shape of predictions: (128,)
2025-03-13 01:32:24 - INFO - Iter:    10 | Cost: 0.6072669 | Best Cost: 0.6072669
2025-03-13 01:32:25 - INFO - shape of predictions: (128,)
2025-03-13 01:32:25 - INFO - shape of predictions: (128,)
2025-03-13 01:32:26 - INFO - shape of predictions: (128,)
2025-03-13 01:32:26 - INFO - Iter:    11 | Cost: 0.6657690 | Best Cost: 0.6072669
2025-03-13 01:32:26 - INFO - shape of predictions: (128,)
2025-03-13 01:32:27 - INFO - shape of predictions: (128,)
2025-03-13 01:32:27 - INFO - shape of predictions: (128,)
2025-03-13 01:32:27 - INFO - Iter:    12 | Cost: 0.6770941 | Best Cost: 0.6072669
2025-03-13 01:32:28 - INFO - shape of predictions: (128,)
2025-03-13 01:32:28 - INFO - shape of predictions: (128,)
2025-03-13 01:32:29 - INFO - shape of predictions: (128,)
2025-03-13 01:32:29 - INFO - Iter:    13 | Cost: 0.6897511 | Best Cost: 0.6072669
2025-03-13 01:32:29 - INFO - shape of predictions: (128,)
2025-03-13 01:32:30 - INFO - shape of predictions: (128,)
2025-03-13 01:32:30 - INFO - shape of predictions: (128,)
2025-03-13 01:32:30 - INFO - Iter:    14 | Cost: 0.6821094 | Best Cost: 0.6072669
2025-03-13 01:32:31 - INFO - shape of predictions: (128,)
2025-03-13 01:32:31 - INFO - shape of predictions: (128,)
2025-03-13 01:32:32 - INFO - shape of predictions: (128,)
2025-03-13 01:32:32 - INFO - Iter:    15 | Cost: 0.6243362 | Best Cost: 0.6072669
2025-03-13 01:32:32 - INFO - shape of predictions: (128,)
2025-03-13 01:32:33 - INFO - shape of predictions: (128,)
2025-03-13 01:32:33 - INFO - shape of predictions: (128,)
2025-03-13 01:32:33 - INFO - Iter:    16 | Cost: 0.6424977 | Best Cost: 0.6072669
2025-03-13 01:32:34 - INFO - shape of predictions: (128,)
2025-03-13 01:32:35 - INFO - shape of predictions: (128,)
2025-03-13 01:32:35 - INFO - shape of predictions: (128,)
2025-03-13 01:32:35 - INFO - Iter:    17 | Cost: 0.6757242 | Best Cost: 0.6072669
2025-03-13 01:32:36 - INFO - shape of predictions: (128,)
2025-03-13 01:32:36 - INFO - shape of predictions: (128,)
2025-03-13 01:32:37 - INFO - shape of predictions: (128,)
2025-03-13 01:32:37 - INFO - Iter:    18 | Cost: 0.6840086 | Best Cost: 0.6072669
2025-03-13 01:32:37 - INFO - shape of predictions: (128,)
2025-03-13 01:32:38 - INFO - shape of predictions: (128,)
2025-03-13 01:32:38 - INFO - shape of predictions: (128,)
2025-03-13 01:32:38 - INFO - Iter:    19 | Cost: 0.6368590 | Best Cost: 0.6072669
2025-03-13 01:32:39 - INFO - shape of predictions: (128,)
2025-03-13 01:32:39 - INFO - shape of predictions: (128,)
2025-03-13 01:32:40 - INFO - shape of predictions: (128,)
2025-03-13 01:32:40 - INFO - Iter:    20 | Cost: 0.6213297 | Best Cost: 0.6072669
2025-03-13 01:32:41 - INFO - shape of predictions: (128,)
2025-03-13 01:32:41 - INFO - shape of predictions: (128,)
2025-03-13 01:32:42 - INFO - shape of predictions: (128,)
2025-03-13 01:32:42 - INFO - Iter:    21 | Cost: 0.6129442 | Best Cost: 0.6072669
2025-03-13 01:32:42 - INFO - shape of predictions: (128,)
2025-03-13 01:32:43 - INFO - shape of predictions: (128,)
2025-03-13 01:32:43 - INFO - shape of predictions: (128,)
2025-03-13 01:32:43 - INFO - Iter:    22 | Cost: 0.6450124 | Best Cost: 0.6072669
2025-03-13 01:32:44 - INFO - shape of predictions: (128,)
2025-03-13 01:32:44 - INFO - shape of predictions: (128,)
2025-03-13 01:32:45 - INFO - shape of predictions: (128,)
2025-03-13 01:32:45 - INFO - Iter:    23 | Cost: 0.6148151 | Best Cost: 0.6072669
2025-03-13 01:32:45 - INFO - shape of predictions: (128,)
2025-03-13 01:32:46 - INFO - shape of predictions: (128,)
2025-03-13 01:32:46 - INFO - shape of predictions: (128,)
2025-03-13 01:32:46 - INFO - Iter:    24 | Cost: 0.6089298 | Best Cost: 0.6072669
2025-03-13 01:32:47 - INFO - shape of predictions: (128,)
2025-03-13 01:32:47 - INFO - shape of predictions: (128,)
2025-03-13 01:32:48 - INFO - shape of predictions: (128,)
2025-03-13 01:32:48 - INFO - Iter:    25 | Cost: 0.5895916 | Best Cost: 0.5895916
2025-03-13 01:32:48 - INFO - shape of predictions: (128,)
2025-03-13 01:32:49 - INFO - shape of predictions: (128,)
2025-03-13 01:32:50 - INFO - shape of predictions: (128,)
2025-03-13 01:32:50 - INFO - Iter:    26 | Cost: 0.6244487 | Best Cost: 0.5895916
2025-03-13 01:32:50 - INFO - shape of predictions: (128,)
2025-03-13 01:32:51 - INFO - shape of predictions: (128,)
2025-03-13 01:32:51 - INFO - shape of predictions: (128,)
2025-03-13 01:32:51 - INFO - Iter:    27 | Cost: 0.6340254 | Best Cost: 0.5895916
2025-03-13 01:32:52 - INFO - shape of predictions: (128,)
2025-03-13 01:32:52 - INFO - shape of predictions: (128,)
2025-03-13 01:32:53 - INFO - shape of predictions: (128,)
2025-03-13 01:32:53 - INFO - Iter:    28 | Cost: 0.6244768 | Best Cost: 0.5895916
2025-03-13 01:32:53 - INFO - shape of predictions: (128,)
2025-03-13 01:32:54 - INFO - shape of predictions: (128,)
2025-03-13 01:32:54 - INFO - shape of predictions: (128,)
2025-03-13 01:32:54 - INFO - Iter:    29 | Cost: 0.6864389 | Best Cost: 0.5895916
2025-03-13 01:32:55 - INFO - shape of predictions: (128,)
2025-03-13 01:32:55 - INFO - shape of predictions: (128,)
2025-03-13 01:32:56 - INFO - shape of predictions: (128,)
2025-03-13 01:32:56 - INFO - Iter:    30 | Cost: 0.6366112 | Best Cost: 0.5895916
2025-03-13 01:32:56 - INFO - shape of predictions: (128,)
2025-03-13 01:32:57 - INFO - shape of predictions: (128,)
2025-03-13 01:32:57 - INFO - shape of predictions: (128,)
2025-03-13 01:32:57 - INFO - Iter:    31 | Cost: 0.6529677 | Best Cost: 0.5895916
2025-03-13 01:32:58 - INFO - shape of predictions: (128,)
2025-03-13 01:32:59 - INFO - shape of predictions: (128,)
2025-03-13 01:32:59 - INFO - shape of predictions: (128,)
2025-03-13 01:32:59 - INFO - Iter:    32 | Cost: 0.6235729 | Best Cost: 0.5895916
2025-03-13 01:33:00 - INFO - shape of predictions: (128,)
2025-03-13 01:33:00 - INFO - shape of predictions: (128,)
2025-03-13 01:33:01 - INFO - shape of predictions: (128,)
2025-03-13 01:33:01 - INFO - Iter:    33 | Cost: 0.5916968 | Best Cost: 0.5895916
2025-03-13 01:33:01 - INFO - shape of predictions: (128,)
2025-03-13 01:33:02 - INFO - shape of predictions: (128,)
2025-03-13 01:33:02 - INFO - shape of predictions: (128,)
2025-03-13 01:33:02 - INFO - Iter:    34 | Cost: 0.6142739 | Best Cost: 0.5895916
2025-03-13 01:33:03 - INFO - shape of predictions: (128,)
2025-03-13 01:33:03 - INFO - shape of predictions: (128,)
2025-03-13 01:33:04 - INFO - shape of predictions: (128,)
2025-03-13 01:33:04 - INFO - Iter:    35 | Cost: 0.6432946 | Best Cost: 0.5895916
2025-03-13 01:33:04 - INFO - shape of predictions: (128,)
2025-03-13 01:33:05 - INFO - shape of predictions: (128,)
2025-03-13 01:33:06 - INFO - shape of predictions: (128,)
2025-03-13 01:33:06 - INFO - Iter:    36 | Cost: 0.6444418 | Best Cost: 0.5895916
2025-03-13 01:33:06 - INFO - shape of predictions: (128,)
2025-03-13 01:33:07 - INFO - shape of predictions: (128,)
2025-03-13 01:33:07 - INFO - shape of predictions: (128,)
2025-03-13 01:33:07 - INFO - Iter:    37 | Cost: 0.6509157 | Best Cost: 0.5895916
2025-03-13 01:33:08 - INFO - shape of predictions: (128,)
2025-03-13 01:33:08 - INFO - shape of predictions: (128,)
2025-03-13 01:33:09 - INFO - shape of predictions: (128,)
2025-03-13 01:33:09 - INFO - Iter:    38 | Cost: 0.6158824 | Best Cost: 0.5895916
2025-03-13 01:33:09 - INFO - shape of predictions: (128,)
2025-03-13 01:33:10 - INFO - shape of predictions: (128,)
2025-03-13 01:33:10 - INFO - shape of predictions: (128,)
2025-03-13 01:33:10 - INFO - Iter:    39 | Cost: 0.6480864 | Best Cost: 0.5895916
2025-03-13 01:33:11 - INFO - shape of predictions: (128,)
2025-03-13 01:33:11 - INFO - shape of predictions: (128,)
2025-03-13 01:33:12 - INFO - shape of predictions: (128,)
2025-03-13 01:33:12 - INFO - Iter:    40 | Cost: 0.6798528 | Best Cost: 0.5895916
2025-03-13 01:33:13 - INFO - shape of predictions: (128,)
2025-03-13 01:33:13 - INFO - shape of predictions: (128,)
2025-03-13 01:33:14 - INFO - shape of predictions: (128,)
2025-03-13 01:33:14 - INFO - Iter:    41 | Cost: 0.6333386 | Best Cost: 0.5895916
2025-03-13 01:33:14 - INFO - shape of predictions: (128,)
2025-03-13 01:33:15 - INFO - shape of predictions: (128,)
2025-03-13 01:33:15 - INFO - shape of predictions: (128,)
2025-03-13 01:33:15 - INFO - Iter:    42 | Cost: 0.6852543 | Best Cost: 0.5895916
2025-03-13 01:33:16 - INFO - shape of predictions: (128,)
2025-03-13 01:33:16 - INFO - shape of predictions: (128,)
2025-03-13 01:33:17 - INFO - shape of predictions: (128,)
2025-03-13 01:33:17 - INFO - Iter:    43 | Cost: 0.6883440 | Best Cost: 0.5895916
2025-03-13 01:33:17 - INFO - shape of predictions: (128,)
2025-03-13 01:33:18 - INFO - shape of predictions: (128,)
2025-03-13 01:33:18 - INFO - shape of predictions: (128,)
2025-03-13 01:33:18 - INFO - Iter:    44 | Cost: 0.6640784 | Best Cost: 0.5895916
2025-03-13 01:33:19 - INFO - shape of predictions: (128,)
2025-03-13 01:33:19 - INFO - shape of predictions: (128,)
2025-03-13 01:33:20 - INFO - shape of predictions: (128,)
2025-03-13 01:33:20 - INFO - Iter:    45 | Cost: 0.6403828 | Best Cost: 0.5895916
2025-03-13 01:33:27 - INFO - Custo Final: 0.5895915781756678
2025-03-13 01:33:27 - INFO - Silhouette: 0.32727876122629646
2025-03-13 01:33:27 - INFO - Davies Bouldin: 1.279031147615899
2025-03-13 01:33:27 - INFO - Calinski Harabasz: 149.32151004923534
2025-03-13 01:33:27 - INFO - 
Melhores Resultados:
2025-03-13 01:33:27 - INFO - Otimizador: SPSAOptimizer
2025-03-13 01:33:27 - INFO - Tipo de Circuito: circuit_type1
2025-03-13 01:33:27 - INFO - Número de Camadas: 2
2025-03-13 01:33:27 - INFO - Custo: 0.5895915781756678
2025-03-13 01:33:27 - INFO - Score Davies: 1.279031147615899
2025-03-13 01:33:27 - INFO - Score Calinski: 149.32151004923534
2025-03-13 01:33:27 - INFO - Score Silhouette: 0.32727876122629646
2025-03-13 01:33:27 - INFO - [[[2.336177550844432, -0.47046868284037957, -2.288596628143963], [-2.910806495854029, 1.2480793519582987, 2.667813774235911]], [[2.941232579070475, 2.327224436635936, -0.7140456008213537], [2.5077367552464342, 0.9466697646911081, -2.8173911050478297]]]
