2025-02-22 02:13:35 - INFO - Testando: circuit_type1 - SPSAOptimizer - 2 camadas
2025-02-22 02:13:36 - INFO - Iter:     1 | Cost: 0.7149064 | Best Cost: 0.7149064
2025-02-22 02:13:37 - INFO - Iter:     2 | Cost: 0.6761142 | Best Cost: 0.6761142
2025-02-22 02:13:38 - INFO - Iter:     3 | Cost: 0.6971868 | Best Cost: 0.6761142
2025-02-22 02:13:39 - INFO - Iter:     4 | Cost: 0.6813177 | Best Cost: 0.6761142
2025-02-22 02:13:39 - INFO - Iter:     5 | Cost: 0.6737259 | Best Cost: 0.6737259
2025-02-22 02:13:40 - INFO - Iter:     6 | Cost: 0.6720136 | Best Cost: 0.6720136
2025-02-22 02:13:41 - INFO - Iter:     7 | Cost: 0.6545358 | Best Cost: 0.6545358
2025-02-22 02:13:42 - INFO - Iter:     8 | Cost: 0.7132880 | Best Cost: 0.6545358
2025-02-22 02:13:42 - INFO - Iter:     9 | Cost: 0.7098410 | Best Cost: 0.6545358
2025-02-22 02:13:43 - INFO - Iter:    10 | Cost: 0.6549901 | Best Cost: 0.6545358
2025-02-22 02:13:44 - INFO - Iter:    11 | Cost: 0.6752920 | Best Cost: 0.6545358
2025-02-22 02:13:45 - INFO - Iter:    12 | Cost: 0.6437184 | Best Cost: 0.6437184
2025-02-22 02:13:45 - INFO - Iter:    13 | Cost: 0.6344967 | Best Cost: 0.6344967
2025-02-22 02:13:46 - INFO - Iter:    14 | Cost: 0.6100526 | Best Cost: 0.6100526
2025-02-22 02:13:47 - INFO - Iter:    15 | Cost: 0.6045152 | Best Cost: 0.6045152
2025-02-22 02:13:48 - INFO - Iter:    16 | Cost: 0.6793118 | Best Cost: 0.6045152
2025-02-22 02:13:48 - INFO - Iter:    17 | Cost: 0.6836840 | Best Cost: 0.6045152
2025-02-22 02:13:49 - INFO - Iter:    18 | Cost: 0.5610707 | Best Cost: 0.5610707
2025-02-22 02:13:50 - INFO - Iter:    19 | Cost: 0.6325114 | Best Cost: 0.5610707
2025-02-22 02:13:50 - INFO - Iter:    20 | Cost: 0.6733616 | Best Cost: 0.5610707
2025-02-22 02:13:51 - INFO - Iter:    21 | Cost: 0.6364576 | Best Cost: 0.5610707
2025-02-22 02:13:52 - INFO - Iter:    22 | Cost: 0.6923114 | Best Cost: 0.5610707
2025-02-22 02:13:52 - INFO - Iter:    23 | Cost: 0.6415105 | Best Cost: 0.5610707
2025-02-22 02:13:53 - INFO - Iter:    24 | Cost: 0.7468003 | Best Cost: 0.5610707
2025-02-22 02:13:54 - INFO - Iter:    25 | Cost: 0.6451684 | Best Cost: 0.5610707
2025-02-22 02:13:55 - INFO - Iter:    26 | Cost: 0.6589021 | Best Cost: 0.5610707
2025-02-22 02:13:55 - INFO - Iter:    27 | Cost: 0.6284692 | Best Cost: 0.5610707
2025-02-22 02:13:56 - INFO - Iter:    28 | Cost: 0.6331846 | Best Cost: 0.5610707
2025-02-22 02:13:57 - INFO - Iter:    29 | Cost: 0.6967009 | Best Cost: 0.5610707
2025-02-22 02:13:58 - INFO - Iter:    30 | Cost: 0.6333903 | Best Cost: 0.5610707
2025-02-22 02:13:59 - INFO - Iter:    31 | Cost: 0.6418171 | Best Cost: 0.5610707
2025-02-22 02:13:59 - INFO - Iter:    32 | Cost: 0.6668649 | Best Cost: 0.5610707
2025-02-22 02:14:00 - INFO - Iter:    33 | Cost: 0.6869837 | Best Cost: 0.5610707
2025-02-22 02:14:01 - INFO - Iter:    34 | Cost: 0.6540714 | Best Cost: 0.5610707
2025-02-22 02:14:02 - INFO - Iter:    35 | Cost: 0.5980101 | Best Cost: 0.5610707
2025-02-22 02:14:02 - INFO - Iter:    36 | Cost: 0.6640842 | Best Cost: 0.5610707
2025-02-22 02:14:03 - INFO - Iter:    37 | Cost: 0.5874616 | Best Cost: 0.5610707
2025-02-22 02:14:04 - INFO - Iter:    38 | Cost: 0.7004747 | Best Cost: 0.5610707
2025-02-22 02:14:09 - ERROR - Erro ao testar circuit_type1 - SPSAOptimizer - 2 camadas: name 'print_decision_region_3d' is not defined
2025-02-22 02:17:32 - INFO - Testando: circuit_type1 - SPSAOptimizer - 2 camadas
2025-02-22 02:17:33 - INFO - Iter:     1 | Cost: 0.6743905 | Best Cost: 0.6743905
2025-02-22 02:17:34 - INFO - Iter:     2 | Cost: 0.6358673 | Best Cost: 0.6358673
2025-02-22 02:17:35 - INFO - Iter:     3 | Cost: 0.6887733 | Best Cost: 0.6358673
2025-02-22 02:17:36 - INFO - Iter:     4 | Cost: 0.6471128 | Best Cost: 0.6358673
2025-02-22 02:17:37 - INFO - Iter:     5 | Cost: 0.6604676 | Best Cost: 0.6358673
2025-02-22 02:17:37 - INFO - Iter:     6 | Cost: 0.7013762 | Best Cost: 0.6358673
2025-02-22 02:17:38 - INFO - Iter:     7 | Cost: 0.6075231 | Best Cost: 0.6075231
2025-02-22 02:17:39 - INFO - Iter:     8 | Cost: 0.6923770 | Best Cost: 0.6075231
2025-02-22 02:17:40 - INFO - Iter:     9 | Cost: 0.6382714 | Best Cost: 0.6075231
2025-02-22 02:17:40 - INFO - Iter:    10 | Cost: 0.6237551 | Best Cost: 0.6075231
2025-02-22 02:17:41 - INFO - Iter:    11 | Cost: 0.6623635 | Best Cost: 0.6075231
2025-02-22 02:17:42 - INFO - Iter:    12 | Cost: 0.7425239 | Best Cost: 0.6075231
2025-02-22 02:17:43 - INFO - Iter:    13 | Cost: 0.6486917 | Best Cost: 0.6075231
2025-02-22 02:17:44 - INFO - Iter:    14 | Cost: 0.6432159 | Best Cost: 0.6075231
2025-02-22 02:17:45 - INFO - Iter:    15 | Cost: 0.6305652 | Best Cost: 0.6075231
2025-02-22 02:17:46 - INFO - Iter:    16 | Cost: 0.6555385 | Best Cost: 0.6075231
2025-02-22 02:17:47 - INFO - Iter:    17 | Cost: 0.5989576 | Best Cost: 0.5989576
2025-02-22 02:17:48 - INFO - Iter:    18 | Cost: 0.6609497 | Best Cost: 0.5989576
2025-02-22 02:17:48 - INFO - Iter:    19 | Cost: 0.6738867 | Best Cost: 0.5989576
2025-02-22 02:17:49 - INFO - Iter:    20 | Cost: 0.5870233 | Best Cost: 0.5870233
2025-02-22 02:17:50 - INFO - Iter:    21 | Cost: 0.6341047 | Best Cost: 0.5870233
2025-02-22 02:17:51 - INFO - Iter:    22 | Cost: 0.6741466 | Best Cost: 0.5870233
2025-02-22 02:17:52 - INFO - Iter:    23 | Cost: 0.7021074 | Best Cost: 0.5870233
2025-02-22 02:17:53 - INFO - Iter:    24 | Cost: 0.5839888 | Best Cost: 0.5839888
2025-02-22 02:17:54 - INFO - Iter:    25 | Cost: 0.6068254 | Best Cost: 0.5839888
2025-02-22 02:17:54 - INFO - Iter:    26 | Cost: 0.6659993 | Best Cost: 0.5839888
2025-02-22 02:17:55 - INFO - Iter:    27 | Cost: 0.5856592 | Best Cost: 0.5839888
2025-02-22 02:17:56 - INFO - Iter:    28 | Cost: 0.6775929 | Best Cost: 0.5839888
2025-02-22 02:17:57 - INFO - Iter:    29 | Cost: 0.6686679 | Best Cost: 0.5839888
2025-02-22 02:17:58 - INFO - Iter:    30 | Cost: 0.6695269 | Best Cost: 0.5839888
2025-02-22 02:17:59 - INFO - Iter:    31 | Cost: 0.6840761 | Best Cost: 0.5839888
2025-02-22 02:18:00 - INFO - Iter:    32 | Cost: 0.6689037 | Best Cost: 0.5839888
2025-02-22 02:18:01 - INFO - Iter:    33 | Cost: 0.6034326 | Best Cost: 0.5839888
2025-02-22 02:18:01 - INFO - Iter:    34 | Cost: 0.6336457 | Best Cost: 0.5839888
2025-02-22 02:18:02 - INFO - Iter:    35 | Cost: 0.6252786 | Best Cost: 0.5839888
2025-02-22 02:18:03 - INFO - Iter:    36 | Cost: 0.6071349 | Best Cost: 0.5839888
2025-02-22 02:18:04 - INFO - Iter:    37 | Cost: 0.6713009 | Best Cost: 0.5839888
2025-02-22 02:18:05 - INFO - Iter:    38 | Cost: 0.6668725 | Best Cost: 0.5839888
2025-02-22 02:18:06 - INFO - Iter:    39 | Cost: 0.6435260 | Best Cost: 0.5839888
2025-02-22 02:18:07 - INFO - Iter:    40 | Cost: 0.6814371 | Best Cost: 0.5839888
2025-02-22 02:18:07 - INFO - Iter:    41 | Cost: 0.6486962 | Best Cost: 0.5839888
2025-02-22 02:18:08 - INFO - Iter:    42 | Cost: 0.6229776 | Best Cost: 0.5839888
2025-02-22 02:18:09 - INFO - Iter:    43 | Cost: 0.6971044 | Best Cost: 0.5839888
2025-02-22 02:18:10 - INFO - Iter:    44 | Cost: 0.6486889 | Best Cost: 0.5839888
2025-02-22 02:18:16 - INFO - Custo Final: 0.5839888203502912
2025-02-22 02:18:16 - INFO - Silhouette: 0.32757043555856946
2025-02-22 02:18:16 - INFO - Davies Bouldin: 1.2662782610791474
2025-02-22 02:18:16 - INFO - Calinski Harabasz: 149.22532174711807
2025-02-22 02:18:16 - INFO - 
Melhores Resultados:
2025-02-22 02:18:16 - INFO - Otimizador: SPSAOptimizer
2025-02-22 02:18:16 - INFO - Tipo de Circuito: circuit_type1
2025-02-22 02:18:16 - INFO - Número de Camadas: 2
2025-02-22 02:18:16 - INFO - Custo: 0.5839888203502912
2025-02-22 02:18:16 - INFO - Score Davies: 1.2662782610791474
2025-02-22 02:18:16 - INFO - Score Calinski: 149.22532174711807
2025-02-22 02:18:16 - INFO - Score Silhouette: 0.32757043555856946
2025-02-22 02:19:25 - INFO - Testando: circuit_type1 - SPSAOptimizer - 2 camadas
2025-02-22 02:19:26 - INFO - Iter:     1 | Cost: 0.7156083 | Best Cost: 0.7156083
2025-02-22 02:19:26 - INFO - Iter:     2 | Cost: 0.6932567 | Best Cost: 0.6932567
2025-02-22 02:19:27 - INFO - Iter:     3 | Cost: 0.7991682 | Best Cost: 0.6932567
2025-02-22 02:19:28 - INFO - Iter:     4 | Cost: 0.7446426 | Best Cost: 0.6932567
2025-02-22 02:19:28 - INFO - Iter:     5 | Cost: 0.7764407 | Best Cost: 0.6932567
2025-02-22 02:19:29 - INFO - Iter:     6 | Cost: 0.7286450 | Best Cost: 0.6932567
2025-02-22 02:19:30 - INFO - Iter:     7 | Cost: 0.7425926 | Best Cost: 0.6932567
2025-02-22 02:19:31 - INFO - Iter:     8 | Cost: 0.7932897 | Best Cost: 0.6932567
2025-02-22 02:19:32 - INFO - Iter:     9 | Cost: 0.8110109 | Best Cost: 0.6932567
2025-02-22 02:19:33 - INFO - Iter:    10 | Cost: 0.7345872 | Best Cost: 0.6932567
2025-02-22 02:19:34 - INFO - Iter:    11 | Cost: 0.7664842 | Best Cost: 0.6932567
2025-02-22 02:19:35 - INFO - Iter:    12 | Cost: 0.7011530 | Best Cost: 0.6932567
2025-02-22 02:19:35 - INFO - Iter:    13 | Cost: 0.7856351 | Best Cost: 0.6932567
2025-02-22 02:19:36 - INFO - Iter:    14 | Cost: 0.7107091 | Best Cost: 0.6932567
2025-02-22 02:19:37 - INFO - Iter:    15 | Cost: 0.6580475 | Best Cost: 0.6580475
2025-02-22 02:19:37 - INFO - Iter:    16 | Cost: 0.7078002 | Best Cost: 0.6580475
2025-02-22 02:19:38 - INFO - Iter:    17 | Cost: 0.6981188 | Best Cost: 0.6580475
2025-02-22 02:19:39 - INFO - Iter:    18 | Cost: 0.6430166 | Best Cost: 0.6430166
2025-02-22 02:19:39 - INFO - Iter:    19 | Cost: 0.6892184 | Best Cost: 0.6430166
2025-02-22 02:19:40 - INFO - Iter:    20 | Cost: 0.7160065 | Best Cost: 0.6430166
2025-02-22 02:19:41 - INFO - Iter:    21 | Cost: 0.7022567 | Best Cost: 0.6430166
2025-02-22 02:19:42 - INFO - Iter:    22 | Cost: 0.6434394 | Best Cost: 0.6430166
2025-02-22 02:19:43 - INFO - Iter:    23 | Cost: 0.6766387 | Best Cost: 0.6430166
2025-02-22 02:19:44 - INFO - Iter:    24 | Cost: 0.6951347 | Best Cost: 0.6430166
2025-02-22 02:19:45 - INFO - Iter:    25 | Cost: 0.6596387 | Best Cost: 0.6430166
2025-02-22 02:19:46 - INFO - Iter:    26 | Cost: 0.6833413 | Best Cost: 0.6430166
2025-02-22 02:19:46 - INFO - Iter:    27 | Cost: 0.6499932 | Best Cost: 0.6430166
2025-02-22 02:19:47 - INFO - Iter:    28 | Cost: 0.6711097 | Best Cost: 0.6430166
2025-02-22 02:19:48 - INFO - Iter:    29 | Cost: 0.5518096 | Best Cost: 0.5518096
2025-02-22 02:19:49 - INFO - Iter:    30 | Cost: 0.6622886 | Best Cost: 0.5518096
2025-02-22 02:19:49 - INFO - Iter:    31 | Cost: 0.6266937 | Best Cost: 0.5518096
2025-02-22 02:19:50 - INFO - Iter:    32 | Cost: 0.7291358 | Best Cost: 0.5518096
2025-02-22 02:19:51 - INFO - Iter:    33 | Cost: 0.5797109 | Best Cost: 0.5518096
2025-02-22 02:19:52 - INFO - Iter:    34 | Cost: 0.6099839 | Best Cost: 0.5518096
2025-02-22 02:19:52 - INFO - Iter:    35 | Cost: 0.6867562 | Best Cost: 0.5518096
2025-02-22 02:19:53 - INFO - Iter:    36 | Cost: 0.6830259 | Best Cost: 0.5518096
2025-02-22 02:19:54 - INFO - Iter:    37 | Cost: 0.7250783 | Best Cost: 0.5518096
2025-02-22 02:19:55 - INFO - Iter:    38 | Cost: 0.6460049 | Best Cost: 0.5518096
2025-02-22 02:19:55 - INFO - Iter:    39 | Cost: 0.6676561 | Best Cost: 0.5518096
2025-02-22 02:19:56 - INFO - Iter:    40 | Cost: 0.6741380 | Best Cost: 0.5518096
2025-02-22 02:19:57 - INFO - Iter:    41 | Cost: 0.7039041 | Best Cost: 0.5518096
2025-02-22 02:19:58 - INFO - Iter:    42 | Cost: 0.6061176 | Best Cost: 0.5518096
2025-02-22 02:19:58 - INFO - Iter:    43 | Cost: 0.6529310 | Best Cost: 0.5518096
2025-02-22 02:19:59 - INFO - Iter:    44 | Cost: 0.7133568 | Best Cost: 0.5518096
2025-02-22 02:19:59 - INFO - Iter:    45 | Cost: 0.6094692 | Best Cost: 0.5518096
2025-02-22 02:20:00 - INFO - Iter:    46 | Cost: 0.7138713 | Best Cost: 0.5518096
2025-02-22 02:20:01 - INFO - Iter:    47 | Cost: 0.7211700 | Best Cost: 0.5518096
2025-02-22 02:20:01 - INFO - Iter:    48 | Cost: 0.6379685 | Best Cost: 0.5518096
2025-02-22 02:20:02 - INFO - Iter:    49 | Cost: 0.6626965 | Best Cost: 0.5518096
2025-02-22 02:20:08 - INFO - Custo Final: 0.5518095687404421
2025-02-22 02:20:08 - INFO - Silhouette: 0.3316924741377892
2025-02-22 02:20:08 - INFO - Davies Bouldin: 1.1805936018947012
2025-02-22 02:20:08 - INFO - Calinski Harabasz: 151.9430166237901
2025-02-22 02:20:08 - INFO - 
Melhores Resultados:
2025-02-22 02:20:08 - INFO - Otimizador: SPSAOptimizer
2025-02-22 02:20:08 - INFO - Tipo de Circuito: circuit_type1
2025-02-22 02:20:08 - INFO - Número de Camadas: 2
2025-02-22 02:20:08 - INFO - Custo: 0.5518095687404421
2025-02-22 02:20:08 - INFO - Score Davies: 1.1805936018947012
2025-02-22 02:20:08 - INFO - Score Calinski: 151.9430166237901
2025-02-22 02:20:08 - INFO - Score Silhouette: 0.3316924741377892
2025-02-22 02:21:38 - INFO - Testando: circuit_type1 - SPSAOptimizer - 2 camadas
2025-02-22 02:21:39 - INFO - Iter:     1 | Cost: 0.7229377 | Best Cost: 0.7229377
2025-02-22 02:21:40 - INFO - Iter:     2 | Cost: 0.6785055 | Best Cost: 0.6785055
2025-02-22 02:21:41 - INFO - Iter:     3 | Cost: 0.6720882 | Best Cost: 0.6720882
2025-02-22 02:21:41 - INFO - Iter:     4 | Cost: 0.6310982 | Best Cost: 0.6310982
2025-02-22 02:21:42 - INFO - Iter:     5 | Cost: 0.6287218 | Best Cost: 0.6287218
2025-02-22 02:21:43 - INFO - Iter:     6 | Cost: 0.6888072 | Best Cost: 0.6287218
2025-02-22 02:21:44 - INFO - Iter:     7 | Cost: 0.6578394 | Best Cost: 0.6287218
2025-02-22 02:21:45 - INFO - Iter:     8 | Cost: 0.6831320 | Best Cost: 0.6287218
2025-02-22 02:21:46 - INFO - Iter:     9 | Cost: 0.6367458 | Best Cost: 0.6287218
2025-02-22 02:21:47 - INFO - Iter:    10 | Cost: 0.6902679 | Best Cost: 0.6287218
2025-02-22 02:21:47 - INFO - Iter:    11 | Cost: 0.6837642 | Best Cost: 0.6287218
2025-02-22 02:21:48 - INFO - Iter:    12 | Cost: 0.6703070 | Best Cost: 0.6287218
2025-02-22 02:21:49 - INFO - Iter:    13 | Cost: 0.6336275 | Best Cost: 0.6287218
2025-02-22 02:21:50 - INFO - Iter:    14 | Cost: 0.6647174 | Best Cost: 0.6287218
2025-02-22 02:21:51 - INFO - Iter:    15 | Cost: 0.6207785 | Best Cost: 0.6207785
2025-02-22 02:21:52 - INFO - Iter:    16 | Cost: 0.6108286 | Best Cost: 0.6108286
2025-02-22 02:21:52 - INFO - Iter:    17 | Cost: 0.6490110 | Best Cost: 0.6108286
2025-02-22 02:21:53 - INFO - Iter:    18 | Cost: 0.6436450 | Best Cost: 0.6108286
2025-02-22 02:21:54 - INFO - Iter:    19 | Cost: 0.6566895 | Best Cost: 0.6108286
2025-02-22 02:21:55 - INFO - Iter:    20 | Cost: 0.6806519 | Best Cost: 0.6108286
2025-02-22 02:21:56 - INFO - Iter:    21 | Cost: 0.6920154 | Best Cost: 0.6108286
2025-02-22 02:21:57 - INFO - Iter:    22 | Cost: 0.7014739 | Best Cost: 0.6108286
2025-02-22 02:21:58 - INFO - Iter:    23 | Cost: 0.6954238 | Best Cost: 0.6108286
2025-02-22 02:21:58 - INFO - Iter:    24 | Cost: 0.7014069 | Best Cost: 0.6108286
2025-02-22 02:21:59 - INFO - Iter:    25 | Cost: 0.6440221 | Best Cost: 0.6108286
2025-02-22 02:22:00 - INFO - Iter:    26 | Cost: 0.7298317 | Best Cost: 0.6108286
2025-02-22 02:22:01 - INFO - Iter:    27 | Cost: 0.6996799 | Best Cost: 0.6108286
2025-02-22 02:22:02 - INFO - Iter:    28 | Cost: 0.7394563 | Best Cost: 0.6108286
2025-02-22 02:22:03 - INFO - Iter:    29 | Cost: 0.6995792 | Best Cost: 0.6108286
2025-02-22 02:22:03 - INFO - Iter:    30 | Cost: 0.6312008 | Best Cost: 0.6108286
2025-02-22 02:22:04 - INFO - Iter:    31 | Cost: 0.6180996 | Best Cost: 0.6108286
2025-02-22 02:22:05 - INFO - Iter:    32 | Cost: 0.6234491 | Best Cost: 0.6108286
2025-02-22 02:22:05 - INFO - Iter:    33 | Cost: 0.7022405 | Best Cost: 0.6108286
2025-02-22 02:22:06 - INFO - Iter:    34 | Cost: 0.6945680 | Best Cost: 0.6108286
2025-02-22 02:22:07 - INFO - Iter:    35 | Cost: 0.6238758 | Best Cost: 0.6108286
2025-02-22 02:22:08 - INFO - Iter:    36 | Cost: 0.6329429 | Best Cost: 0.6108286
2025-02-22 02:22:16 - INFO - Custo Final: 0.610828617410464
2025-02-22 02:22:16 - INFO - Silhouette: 0.33225538867285065
2025-02-22 02:22:16 - INFO - Davies Bouldin: 1.2070881492123036
2025-02-22 02:22:16 - INFO - Calinski Harabasz: 152.66133030114432
2025-02-22 02:22:16 - INFO - 
Melhores Resultados:
2025-02-22 02:22:16 - INFO - Otimizador: SPSAOptimizer
2025-02-22 02:22:16 - INFO - Tipo de Circuito: circuit_type1
2025-02-22 02:22:16 - INFO - Número de Camadas: 2
2025-02-22 02:22:16 - INFO - Custo: 0.610828617410464
2025-02-22 02:22:16 - INFO - Score Davies: 1.2070881492123036
2025-02-22 02:22:16 - INFO - Score Calinski: 152.66133030114432
2025-02-22 02:22:16 - INFO - Score Silhouette: 0.33225538867285065
2025-02-22 02:22:54 - INFO - Testando: circuit_type1 - SPSAOptimizer - 2 camadas
2025-02-22 02:22:55 - INFO - Iter:     1 | Cost: 0.6656771 | Best Cost: 0.6656771
2025-02-22 02:22:56 - INFO - Iter:     2 | Cost: 0.6215777 | Best Cost: 0.6215777
2025-02-22 02:22:56 - INFO - Iter:     3 | Cost: 0.6488399 | Best Cost: 0.6215777
2025-02-22 02:22:57 - INFO - Iter:     4 | Cost: 0.7034621 | Best Cost: 0.6215777
2025-02-22 02:22:58 - INFO - Iter:     5 | Cost: 0.7248792 | Best Cost: 0.6215777
2025-02-22 02:22:59 - INFO - Iter:     6 | Cost: 0.6719823 | Best Cost: 0.6215777
2025-02-22 02:23:00 - INFO - Iter:     7 | Cost: 0.6207291 | Best Cost: 0.6207291
2025-02-22 02:23:00 - INFO - Iter:     8 | Cost: 0.6272314 | Best Cost: 0.6207291
2025-02-22 02:23:01 - INFO - Iter:     9 | Cost: 0.7072269 | Best Cost: 0.6207291
2025-02-22 02:23:02 - INFO - Iter:    10 | Cost: 0.6930766 | Best Cost: 0.6207291
2025-02-22 02:23:03 - INFO - Iter:    11 | Cost: 0.6354962 | Best Cost: 0.6207291
2025-02-22 02:23:04 - INFO - Iter:    12 | Cost: 0.6222386 | Best Cost: 0.6207291
2025-02-22 02:23:04 - INFO - Iter:    13 | Cost: 0.6784338 | Best Cost: 0.6207291
2025-02-22 02:23:05 - INFO - Iter:    14 | Cost: 0.6537857 | Best Cost: 0.6207291
2025-02-22 02:23:06 - INFO - Iter:    15 | Cost: 0.6454355 | Best Cost: 0.6207291
2025-02-22 02:23:06 - INFO - Iter:    16 | Cost: 0.7104747 | Best Cost: 0.6207291
2025-02-22 02:23:07 - INFO - Iter:    17 | Cost: 0.7184996 | Best Cost: 0.6207291
2025-02-22 02:23:08 - INFO - Iter:    18 | Cost: 0.7024719 | Best Cost: 0.6207291
2025-02-22 02:23:08 - INFO - Iter:    19 | Cost: 0.7049338 | Best Cost: 0.6207291
2025-02-22 02:23:09 - INFO - Iter:    20 | Cost: 0.6754272 | Best Cost: 0.6207291
2025-02-22 02:23:10 - INFO - Iter:    21 | Cost: 0.6460098 | Best Cost: 0.6207291
2025-02-22 02:23:11 - INFO - Iter:    22 | Cost: 0.6213805 | Best Cost: 0.6207291
2025-02-22 02:23:11 - INFO - Iter:    23 | Cost: 0.7243761 | Best Cost: 0.6207291
2025-02-22 02:23:13 - INFO - Iter:    24 | Cost: 0.6838956 | Best Cost: 0.6207291
2025-02-22 02:23:13 - INFO - Iter:    25 | Cost: 0.7099650 | Best Cost: 0.6207291
2025-02-22 02:23:14 - INFO - Iter:    26 | Cost: 0.6201478 | Best Cost: 0.6201478
2025-02-22 02:23:14 - INFO - Iter:    27 | Cost: 0.6030547 | Best Cost: 0.6030547
2025-02-22 02:23:15 - INFO - Iter:    28 | Cost: 0.6609116 | Best Cost: 0.6030547
2025-02-22 02:23:16 - INFO - Iter:    29 | Cost: 0.6279993 | Best Cost: 0.6030547
2025-02-22 02:23:16 - INFO - Iter:    30 | Cost: 0.7047815 | Best Cost: 0.6030547
2025-02-22 02:23:17 - INFO - Iter:    31 | Cost: 0.6194289 | Best Cost: 0.6030547
2025-02-22 02:23:18 - INFO - Iter:    32 | Cost: 0.6871385 | Best Cost: 0.6030547
2025-02-22 02:23:18 - INFO - Iter:    33 | Cost: 0.6377012 | Best Cost: 0.6030547
2025-02-22 02:23:19 - INFO - Iter:    34 | Cost: 0.6672045 | Best Cost: 0.6030547
2025-02-22 02:23:19 - INFO - Iter:    35 | Cost: 0.6447028 | Best Cost: 0.6030547
2025-02-22 02:23:20 - INFO - Iter:    36 | Cost: 0.6837126 | Best Cost: 0.6030547
2025-02-22 02:23:21 - INFO - Iter:    37 | Cost: 0.6232966 | Best Cost: 0.6030547
2025-02-22 02:23:21 - INFO - Iter:    38 | Cost: 0.6118212 | Best Cost: 0.6030547
2025-02-22 02:23:22 - INFO - Iter:    39 | Cost: 0.6032769 | Best Cost: 0.6030547
2025-02-22 02:23:23 - INFO - Iter:    40 | Cost: 0.6049586 | Best Cost: 0.6030547
2025-02-22 02:23:23 - INFO - Iter:    41 | Cost: 0.5918332 | Best Cost: 0.5918332
2025-02-22 02:23:24 - INFO - Iter:    42 | Cost: 0.6699050 | Best Cost: 0.5918332
2025-02-22 02:23:25 - INFO - Iter:    43 | Cost: 0.6433035 | Best Cost: 0.5918332
2025-02-22 02:23:26 - INFO - Iter:    44 | Cost: 0.6819497 | Best Cost: 0.5918332
2025-02-22 02:23:26 - INFO - Iter:    45 | Cost: 0.6472762 | Best Cost: 0.5918332
2025-02-22 02:23:27 - INFO - Iter:    46 | Cost: 0.6550918 | Best Cost: 0.5918332
2025-02-22 02:23:28 - INFO - Iter:    47 | Cost: 0.5942977 | Best Cost: 0.5918332
2025-02-22 02:23:29 - INFO - Iter:    48 | Cost: 0.6797910 | Best Cost: 0.5918332
2025-02-22 02:23:29 - INFO - Iter:    49 | Cost: 0.6345693 | Best Cost: 0.5918332
2025-02-22 02:23:30 - INFO - Iter:    50 | Cost: 0.6637289 | Best Cost: 0.5918332
2025-02-22 02:23:31 - INFO - Iter:    51 | Cost: 0.5825168 | Best Cost: 0.5825168
2025-02-22 02:23:32 - INFO - Iter:    52 | Cost: 0.6841788 | Best Cost: 0.5825168
2025-02-22 02:23:32 - INFO - Iter:    53 | Cost: 0.7157971 | Best Cost: 0.5825168
2025-02-22 02:23:33 - INFO - Iter:    54 | Cost: 0.6270154 | Best Cost: 0.5825168
2025-02-22 02:23:34 - INFO - Iter:    55 | Cost: 0.6178596 | Best Cost: 0.5825168
2025-02-22 02:23:34 - INFO - Iter:    56 | Cost: 0.6833306 | Best Cost: 0.5825168
2025-02-22 02:23:35 - INFO - Iter:    57 | Cost: 0.6526351 | Best Cost: 0.5825168
2025-02-22 02:23:36 - INFO - Iter:    58 | Cost: 0.6418525 | Best Cost: 0.5825168
2025-02-22 02:23:37 - INFO - Iter:    59 | Cost: 0.6817800 | Best Cost: 0.5825168
2025-02-22 02:23:37 - INFO - Iter:    60 | Cost: 0.6135969 | Best Cost: 0.5825168
2025-02-22 02:23:38 - INFO - Iter:    61 | Cost: 0.6613001 | Best Cost: 0.5825168
2025-02-22 02:23:39 - INFO - Iter:    62 | Cost: 0.6111291 | Best Cost: 0.5825168
2025-02-22 02:23:39 - INFO - Iter:    63 | Cost: 0.6949020 | Best Cost: 0.5825168
2025-02-22 02:23:40 - INFO - Iter:    64 | Cost: 0.7076246 | Best Cost: 0.5825168
2025-02-22 02:23:41 - INFO - Iter:    65 | Cost: 0.7789987 | Best Cost: 0.5825168
2025-02-22 02:23:42 - INFO - Iter:    66 | Cost: 0.6409310 | Best Cost: 0.5825168
2025-02-22 02:23:42 - INFO - Iter:    67 | Cost: 0.6759339 | Best Cost: 0.5825168
2025-02-22 02:23:43 - INFO - Iter:    68 | Cost: 0.6814873 | Best Cost: 0.5825168
2025-02-22 02:23:44 - INFO - Iter:    69 | Cost: 0.6648480 | Best Cost: 0.5825168
2025-02-22 02:23:44 - INFO - Iter:    70 | Cost: 0.6475707 | Best Cost: 0.5825168
2025-02-22 02:23:45 - INFO - Iter:    71 | Cost: 0.6883650 | Best Cost: 0.5825168
2025-02-22 02:23:53 - INFO - Custo Final: 0.5825167616864818
2025-02-22 02:23:53 - INFO - Silhouette: 0.30744317290674633
2025-02-22 02:23:53 - INFO - Davies Bouldin: 1.3545180268515866
2025-02-22 02:23:53 - INFO - Calinski Harabasz: 132.47991016004988
2025-02-22 02:23:53 - INFO - 
Melhores Resultados:
2025-02-22 02:23:53 - INFO - Otimizador: SPSAOptimizer
2025-02-22 02:23:53 - INFO - Tipo de Circuito: circuit_type1
2025-02-22 02:23:53 - INFO - Número de Camadas: 2
2025-02-22 02:23:53 - INFO - Custo: 0.5825167616864818
2025-02-22 02:23:53 - INFO - Score Davies: 1.3545180268515866
2025-02-22 02:23:53 - INFO - Score Calinski: 132.47991016004988
2025-02-22 02:23:53 - INFO - Score Silhouette: 0.30744317290674633
2025-02-22 02:25:02 - INFO - Testando: circuit_type1 - SPSAOptimizer - 2 camadas
2025-02-22 02:25:03 - INFO - Iter:     1 | Cost: 0.7694392 | Best Cost: 0.7694392
2025-02-22 02:25:04 - INFO - Iter:     2 | Cost: 0.7117980 | Best Cost: 0.7117980
2025-02-22 02:25:05 - INFO - Iter:     3 | Cost: 0.7708196 | Best Cost: 0.7117980
2025-02-22 02:25:06 - INFO - Iter:     4 | Cost: 0.8168245 | Best Cost: 0.7117980
2025-02-22 02:25:07 - INFO - Iter:     5 | Cost: 0.8576157 | Best Cost: 0.7117980
2025-02-22 02:25:08 - INFO - Iter:     6 | Cost: 0.7412917 | Best Cost: 0.7117980
2025-02-22 02:25:08 - INFO - Iter:     7 | Cost: 0.8266016 | Best Cost: 0.7117980
2025-02-22 02:25:09 - INFO - Iter:     8 | Cost: 0.8469967 | Best Cost: 0.7117980
2025-02-22 02:25:10 - INFO - Iter:     9 | Cost: 0.8180552 | Best Cost: 0.7117980
2025-02-22 02:25:11 - INFO - Iter:    10 | Cost: 0.8698020 | Best Cost: 0.7117980
2025-02-22 02:25:12 - INFO - Iter:    11 | Cost: 0.7503440 | Best Cost: 0.7117980
2025-02-22 02:25:13 - INFO - Iter:    12 | Cost: 0.7609762 | Best Cost: 0.7117980
2025-02-22 02:25:14 - INFO - Iter:    13 | Cost: 0.7628411 | Best Cost: 0.7117980
2025-02-22 02:25:14 - INFO - Iter:    14 | Cost: 0.7502711 | Best Cost: 0.7117980
2025-02-22 02:25:15 - INFO - Iter:    15 | Cost: 0.7743334 | Best Cost: 0.7117980
2025-02-22 02:25:16 - INFO - Iter:    16 | Cost: 0.6929402 | Best Cost: 0.6929402
2025-02-22 02:25:17 - INFO - Iter:    17 | Cost: 0.7631049 | Best Cost: 0.6929402
2025-02-22 02:25:18 - INFO - Iter:    18 | Cost: 0.6689067 | Best Cost: 0.6689067
2025-02-22 02:25:19 - INFO - Iter:    19 | Cost: 0.7491806 | Best Cost: 0.6689067
2025-02-22 02:25:19 - INFO - Iter:    20 | Cost: 0.7457413 | Best Cost: 0.6689067
2025-02-22 02:25:20 - INFO - Iter:    21 | Cost: 0.8291477 | Best Cost: 0.6689067
2025-02-22 02:25:21 - INFO - Iter:    22 | Cost: 0.6495138 | Best Cost: 0.6495138
2025-02-22 02:25:22 - INFO - Iter:    23 | Cost: 0.6711824 | Best Cost: 0.6495138
2025-02-22 02:25:23 - INFO - Iter:    24 | Cost: 0.6795291 | Best Cost: 0.6495138
2025-02-22 02:25:23 - INFO - Iter:    25 | Cost: 0.7073727 | Best Cost: 0.6495138
2025-02-22 02:25:24 - INFO - Iter:    26 | Cost: 0.6437859 | Best Cost: 0.6437859
2025-02-22 02:25:25 - INFO - Iter:    27 | Cost: 0.6308698 | Best Cost: 0.6308698
2025-02-22 02:25:25 - INFO - Iter:    28 | Cost: 0.7248426 | Best Cost: 0.6308698
2025-02-22 02:25:26 - INFO - Iter:    29 | Cost: 0.6796356 | Best Cost: 0.6308698
2025-02-22 02:25:26 - INFO - Iter:    30 | Cost: 0.6351608 | Best Cost: 0.6308698
2025-02-22 02:25:27 - INFO - Iter:    31 | Cost: 0.7075214 | Best Cost: 0.6308698
2025-02-22 02:25:28 - INFO - Iter:    32 | Cost: 0.6576933 | Best Cost: 0.6308698
2025-02-22 02:25:28 - INFO - Iter:    33 | Cost: 0.6432924 | Best Cost: 0.6308698
2025-02-22 02:25:29 - INFO - Iter:    34 | Cost: 0.7312569 | Best Cost: 0.6308698
2025-02-22 02:25:30 - INFO - Iter:    35 | Cost: 0.6840075 | Best Cost: 0.6308698
2025-02-22 02:25:30 - INFO - Iter:    36 | Cost: 0.7356349 | Best Cost: 0.6308698
2025-02-22 02:25:31 - INFO - Iter:    37 | Cost: 0.5883131 | Best Cost: 0.5883131
2025-02-22 02:25:32 - INFO - Iter:    38 | Cost: 0.7209705 | Best Cost: 0.5883131
2025-02-22 02:25:32 - INFO - Iter:    39 | Cost: 0.6493463 | Best Cost: 0.5883131
2025-02-22 02:25:33 - INFO - Iter:    40 | Cost: 0.6545329 | Best Cost: 0.5883131
2025-02-22 02:25:34 - INFO - Iter:    41 | Cost: 0.7441411 | Best Cost: 0.5883131
2025-02-22 02:25:35 - INFO - Iter:    42 | Cost: 0.7045061 | Best Cost: 0.5883131
2025-02-22 02:25:36 - INFO - Iter:    43 | Cost: 0.5870068 | Best Cost: 0.5870068
2025-02-22 02:25:36 - INFO - Iter:    44 | Cost: 0.6518968 | Best Cost: 0.5870068
2025-02-22 02:25:37 - INFO - Iter:    45 | Cost: 0.6762843 | Best Cost: 0.5870068
2025-02-22 02:25:38 - INFO - Iter:    46 | Cost: 0.6712171 | Best Cost: 0.5870068
2025-02-22 02:25:39 - INFO - Iter:    47 | Cost: 0.6637339 | Best Cost: 0.5870068
2025-02-22 02:25:40 - INFO - Iter:    48 | Cost: 0.6026638 | Best Cost: 0.5870068
2025-02-22 02:25:40 - INFO - Iter:    49 | Cost: 0.6315088 | Best Cost: 0.5870068
2025-02-22 02:25:41 - INFO - Iter:    50 | Cost: 0.6256050 | Best Cost: 0.5870068
2025-02-22 02:25:42 - INFO - Iter:    51 | Cost: 0.6305772 | Best Cost: 0.5870068
2025-02-22 02:25:43 - INFO - Iter:    52 | Cost: 0.6731985 | Best Cost: 0.5870068
2025-02-22 02:25:44 - INFO - Iter:    53 | Cost: 0.6900316 | Best Cost: 0.5870068
2025-02-22 02:25:45 - INFO - Iter:    54 | Cost: 0.6957772 | Best Cost: 0.5870068
2025-02-22 02:25:45 - INFO - Iter:    55 | Cost: 0.7469278 | Best Cost: 0.5870068
2025-02-22 02:25:46 - INFO - Iter:    56 | Cost: 0.6949940 | Best Cost: 0.5870068
2025-02-22 02:25:47 - INFO - Iter:    57 | Cost: 0.7441768 | Best Cost: 0.5870068
2025-02-22 02:25:48 - INFO - Iter:    58 | Cost: 0.7203038 | Best Cost: 0.5870068
2025-02-22 02:25:49 - INFO - Iter:    59 | Cost: 0.6512962 | Best Cost: 0.5870068
2025-02-22 02:25:50 - INFO - Iter:    60 | Cost: 0.7146306 | Best Cost: 0.5870068
2025-02-22 02:25:50 - INFO - Iter:    61 | Cost: 0.5713146 | Best Cost: 0.5713146
2025-02-22 02:25:51 - INFO - Iter:    62 | Cost: 0.6173815 | Best Cost: 0.5713146
2025-02-22 02:25:52 - INFO - Iter:    63 | Cost: 0.6536325 | Best Cost: 0.5713146
2025-02-22 02:25:53 - INFO - Iter:    64 | Cost: 0.6303956 | Best Cost: 0.5713146
2025-02-22 02:25:53 - INFO - Iter:    65 | Cost: 0.6788997 | Best Cost: 0.5713146
2025-02-22 02:25:54 - INFO - Iter:    66 | Cost: 0.6496019 | Best Cost: 0.5713146
2025-02-22 02:25:55 - INFO - Iter:    67 | Cost: 0.6566198 | Best Cost: 0.5713146
2025-02-22 02:25:56 - INFO - Iter:    68 | Cost: 0.5875652 | Best Cost: 0.5713146
2025-02-22 02:25:56 - INFO - Iter:    69 | Cost: 0.6819107 | Best Cost: 0.5713146
2025-02-22 02:25:57 - INFO - Iter:    70 | Cost: 0.7196331 | Best Cost: 0.5713146
2025-02-22 02:25:58 - INFO - Iter:    71 | Cost: 0.6879318 | Best Cost: 0.5713146
2025-02-22 02:25:59 - INFO - Iter:    72 | Cost: 0.6331142 | Best Cost: 0.5713146
2025-02-22 02:25:59 - INFO - Iter:    73 | Cost: 0.6210046 | Best Cost: 0.5713146
2025-02-22 02:26:00 - INFO - Iter:    74 | Cost: 0.6584979 | Best Cost: 0.5713146
2025-02-22 02:26:01 - INFO - Iter:    75 | Cost: 0.6240120 | Best Cost: 0.5713146
2025-02-22 02:26:01 - INFO - Iter:    76 | Cost: 0.6558397 | Best Cost: 0.5713146
2025-02-22 02:26:02 - INFO - Iter:    77 | Cost: 0.6364032 | Best Cost: 0.5713146
2025-02-22 02:26:03 - INFO - Iter:    78 | Cost: 0.6903803 | Best Cost: 0.5713146
2025-02-22 02:26:04 - INFO - Iter:    79 | Cost: 0.6454342 | Best Cost: 0.5713146
2025-02-22 02:26:04 - INFO - Iter:    80 | Cost: 0.5985259 | Best Cost: 0.5713146
2025-02-22 02:26:05 - INFO - Iter:    81 | Cost: 0.6202834 | Best Cost: 0.5713146
2025-02-22 02:26:13 - INFO - Custo Final: 0.5713146388891517
2025-02-22 02:26:13 - INFO - Silhouette: 0.32629714497670537
2025-02-22 02:26:13 - INFO - Davies Bouldin: 1.257033951557829
2025-02-22 02:26:13 - INFO - Calinski Harabasz: 148.08581089822962
2025-02-22 02:26:13 - INFO - 
Melhores Resultados:
2025-02-22 02:26:13 - INFO - Otimizador: SPSAOptimizer
2025-02-22 02:26:13 - INFO - Tipo de Circuito: circuit_type1
2025-02-22 02:26:13 - INFO - Número de Camadas: 2
2025-02-22 02:26:13 - INFO - Custo: 0.5713146388891517
2025-02-22 02:26:13 - INFO - Score Davies: 1.257033951557829
2025-02-22 02:26:13 - INFO - Score Calinski: 148.08581089822962
2025-02-22 02:26:13 - INFO - Score Silhouette: 0.32629714497670537
2025-02-22 02:26:13 - INFO - [[[-1.6149323385446201, 0.8642107034914196, -2.9374317249362916], [0.6301860314335885, -1.6902761844211245, -1.700022064075562]], [[-0.4381184680860525, -0.4457853575523818, 0.956854597841692], [-2.3838154037629673, -0.9802108348716053, -1.9848738239245636]]]
2025-02-22 02:27:06 - INFO - Testando: circuit_type1 - SPSAOptimizer - 2 camadas
2025-02-22 02:27:07 - INFO - Iter:     1 | Cost: 0.7631477 | Best Cost: 0.7631477
2025-02-22 02:27:08 - INFO - Iter:     2 | Cost: 0.7909933 | Best Cost: 0.7631477
2025-02-22 02:27:08 - INFO - Iter:     3 | Cost: 0.7360769 | Best Cost: 0.7360769
2025-02-22 02:27:09 - INFO - Iter:     4 | Cost: 0.7173584 | Best Cost: 0.7173584
2025-02-22 02:27:10 - INFO - Iter:     5 | Cost: 0.7549294 | Best Cost: 0.7173584
2025-02-22 02:27:10 - INFO - Iter:     6 | Cost: 0.6302320 | Best Cost: 0.6302320
2025-02-22 02:27:11 - INFO - Iter:     7 | Cost: 0.6832665 | Best Cost: 0.6302320
2025-02-22 02:27:12 - INFO - Iter:     8 | Cost: 0.6990057 | Best Cost: 0.6302320
2025-02-22 02:27:13 - INFO - Iter:     9 | Cost: 0.7382244 | Best Cost: 0.6302320
2025-02-22 02:27:14 - INFO - Iter:    10 | Cost: 0.6342997 | Best Cost: 0.6302320
2025-02-22 02:27:15 - INFO - Iter:    11 | Cost: 0.6768597 | Best Cost: 0.6302320
2025-02-22 02:27:16 - INFO - Iter:    12 | Cost: 0.7767735 | Best Cost: 0.6302320
2025-02-22 02:27:17 - INFO - Iter:    13 | Cost: 0.7876022 | Best Cost: 0.6302320
2025-02-22 02:27:18 - INFO - Iter:    14 | Cost: 0.6639499 | Best Cost: 0.6302320
2025-02-22 02:27:18 - INFO - Iter:    15 | Cost: 0.6716080 | Best Cost: 0.6302320
2025-02-22 02:27:19 - INFO - Iter:    16 | Cost: 0.6983977 | Best Cost: 0.6302320
2025-02-22 02:27:20 - INFO - Iter:    17 | Cost: 0.6338012 | Best Cost: 0.6302320
2025-02-22 02:27:20 - INFO - Iter:    18 | Cost: 0.7221410 | Best Cost: 0.6302320
2025-02-22 02:27:21 - INFO - Iter:    19 | Cost: 0.6467427 | Best Cost: 0.6302320
2025-02-22 02:27:22 - INFO - Iter:    20 | Cost: 0.6279414 | Best Cost: 0.6279414
2025-02-22 02:27:23 - INFO - Iter:    21 | Cost: 0.6885608 | Best Cost: 0.6279414
2025-02-22 02:27:24 - INFO - Iter:    22 | Cost: 0.6512014 | Best Cost: 0.6279414
2025-02-22 02:27:25 - INFO - Iter:    23 | Cost: 0.5619713 | Best Cost: 0.5619713
2025-02-22 02:27:26 - INFO - Iter:    24 | Cost: 0.6524414 | Best Cost: 0.5619713
2025-02-22 02:27:27 - INFO - Iter:    25 | Cost: 0.6855533 | Best Cost: 0.5619713
2025-02-22 02:27:27 - INFO - Iter:    26 | Cost: 0.5974550 | Best Cost: 0.5619713
2025-02-22 02:27:28 - INFO - Iter:    27 | Cost: 0.6724975 | Best Cost: 0.5619713
2025-02-22 02:27:29 - INFO - Iter:    28 | Cost: 0.7073611 | Best Cost: 0.5619713
2025-02-22 02:27:30 - INFO - Iter:    29 | Cost: 0.6614214 | Best Cost: 0.5619713
2025-02-22 02:27:30 - INFO - Iter:    30 | Cost: 0.6537459 | Best Cost: 0.5619713
2025-02-22 02:27:31 - INFO - Iter:    31 | Cost: 0.6284083 | Best Cost: 0.5619713
2025-02-22 02:27:32 - INFO - Iter:    32 | Cost: 0.6921772 | Best Cost: 0.5619713
2025-02-22 02:27:32 - INFO - Iter:    33 | Cost: 0.6382461 | Best Cost: 0.5619713
2025-02-22 02:27:33 - INFO - Iter:    34 | Cost: 0.6849589 | Best Cost: 0.5619713
2025-02-22 02:27:34 - INFO - Iter:    35 | Cost: 0.6585571 | Best Cost: 0.5619713
2025-02-22 02:27:35 - INFO - Iter:    36 | Cost: 0.5714700 | Best Cost: 0.5619713
2025-02-22 02:27:35 - INFO - Iter:    37 | Cost: 0.7302924 | Best Cost: 0.5619713
2025-02-22 02:27:36 - INFO - Iter:    38 | Cost: 0.6979218 | Best Cost: 0.5619713
2025-02-22 02:27:37 - INFO - Iter:    39 | Cost: 0.6881488 | Best Cost: 0.5619713
2025-02-22 02:27:38 - INFO - Iter:    40 | Cost: 0.6990360 | Best Cost: 0.5619713
2025-02-22 02:27:39 - INFO - Iter:    41 | Cost: 0.6657778 | Best Cost: 0.5619713
2025-02-22 02:27:40 - INFO - Iter:    42 | Cost: 0.6626976 | Best Cost: 0.5619713
2025-02-22 02:27:40 - INFO - Iter:    43 | Cost: 0.6187228 | Best Cost: 0.5619713
2025-02-22 02:27:49 - INFO - Custo Final: 0.5619712986378054
2025-02-22 02:27:49 - INFO - Silhouette: 0.3336524885079692
2025-02-22 02:27:49 - INFO - Davies Bouldin: 1.2572236919557136
2025-02-22 02:27:49 - INFO - Calinski Harabasz: 153.7902937809392
2025-02-22 02:27:49 - INFO - 
Melhores Resultados:
2025-02-22 02:27:49 - INFO - Otimizador: SPSAOptimizer
2025-02-22 02:27:49 - INFO - Tipo de Circuito: circuit_type1
2025-02-22 02:27:49 - INFO - Número de Camadas: 2
2025-02-22 02:27:49 - INFO - Custo: 0.5619712986378054
2025-02-22 02:27:49 - INFO - Score Davies: 1.2572236919557136
2025-02-22 02:27:49 - INFO - Score Calinski: 153.7902937809392
2025-02-22 02:27:49 - INFO - Score Silhouette: 0.3336524885079692
2025-02-22 02:27:49 - INFO - [[[0.24066921444180844, 0.8465332880382411, 1.356411614654165], [-2.243024954423511, -1.6258176025757622, -0.7308790272807896]], [[-3.03174912866018, 1.273336189603718, -2.278162181222677], [-0.8214299975065348, 2.9513673845463515, 1.1146731594695738]]]
2025-02-22 02:32:15 - INFO - Testando: circuit_type1 - SPSAOptimizer - 2 camadas
2025-02-22 02:32:16 - INFO - Iter:     1 | Cost: 0.7723802 | Best Cost: 0.7723802
2025-02-22 02:32:23 - INFO - Testando: circuit_type1 - SPSAOptimizer - 2 camadas
2025-02-22 02:32:24 - INFO - Iter:     1 | Cost: 0.6798362 | Best Cost: 0.6798362
2025-02-22 02:32:25 - INFO - Iter:     2 | Cost: 0.6462500 | Best Cost: 0.6462500
2025-02-22 02:32:26 - INFO - Iter:     3 | Cost: 0.6924944 | Best Cost: 0.6462500
2025-02-22 02:32:26 - INFO - Iter:     4 | Cost: 0.6724238 | Best Cost: 0.6462500
2025-02-22 02:32:27 - INFO - Iter:     5 | Cost: 0.6810738 | Best Cost: 0.6462500
2025-02-22 02:32:27 - INFO - Iter:     6 | Cost: 0.5790440 | Best Cost: 0.5790440
2025-02-22 02:32:28 - INFO - Iter:     7 | Cost: 0.6427042 | Best Cost: 0.5790440
2025-02-22 02:32:29 - INFO - Iter:     8 | Cost: 0.6760875 | Best Cost: 0.5790440
2025-02-22 02:32:29 - INFO - Iter:     9 | Cost: 0.6827784 | Best Cost: 0.5790440
2025-02-22 02:32:30 - INFO - Iter:    10 | Cost: 0.6271194 | Best Cost: 0.5790440
2025-02-22 02:32:31 - INFO - Iter:    11 | Cost: 0.6710260 | Best Cost: 0.5790440
2025-02-22 02:32:31 - INFO - Iter:    12 | Cost: 0.5660730 | Best Cost: 0.5660730
2025-02-22 02:32:32 - INFO - Iter:    13 | Cost: 0.6310903 | Best Cost: 0.5660730
2025-02-22 02:32:33 - INFO - Iter:    14 | Cost: 0.6949012 | Best Cost: 0.5660730
2025-02-22 02:32:33 - INFO - Iter:    15 | Cost: 0.6357810 | Best Cost: 0.5660730
2025-02-22 02:32:34 - INFO - Iter:    16 | Cost: 0.6155448 | Best Cost: 0.5660730
2025-02-22 02:32:35 - INFO - Iter:    17 | Cost: 0.6922622 | Best Cost: 0.5660730
2025-02-22 02:32:35 - INFO - Iter:    18 | Cost: 0.6676700 | Best Cost: 0.5660730
2025-02-22 02:32:36 - INFO - Iter:    19 | Cost: 0.6513461 | Best Cost: 0.5660730
2025-02-22 02:32:37 - INFO - Iter:    20 | Cost: 0.6605636 | Best Cost: 0.5660730
2025-02-22 02:32:37 - INFO - Iter:    21 | Cost: 0.6958517 | Best Cost: 0.5660730
2025-02-22 02:32:38 - INFO - Iter:    22 | Cost: 0.6743930 | Best Cost: 0.5660730
2025-02-22 02:32:39 - INFO - Iter:    23 | Cost: 0.6002281 | Best Cost: 0.5660730
2025-02-22 02:32:39 - INFO - Iter:    24 | Cost: 0.6596546 | Best Cost: 0.5660730
2025-02-22 02:32:40 - INFO - Iter:    25 | Cost: 0.5951911 | Best Cost: 0.5660730
2025-02-22 02:32:41 - INFO - Iter:    26 | Cost: 0.7028322 | Best Cost: 0.5660730
2025-02-22 02:32:41 - INFO - Iter:    27 | Cost: 0.6855767 | Best Cost: 0.5660730
2025-02-22 02:32:42 - INFO - Iter:    28 | Cost: 0.6580298 | Best Cost: 0.5660730
2025-02-22 02:32:43 - INFO - Iter:    29 | Cost: 0.7083122 | Best Cost: 0.5660730
2025-02-22 02:32:43 - INFO - Iter:    30 | Cost: 0.5978058 | Best Cost: 0.5660730
2025-02-22 02:32:44 - INFO - Iter:    31 | Cost: 0.6762224 | Best Cost: 0.5660730
2025-02-22 02:32:45 - INFO - Iter:    32 | Cost: 0.6929784 | Best Cost: 0.5660730
2025-02-22 02:32:50 - INFO - Custo Final: 0.5660729557225329
2025-02-22 02:32:50 - INFO - Silhouette: 0.33424923198933776
2025-02-22 02:32:50 - INFO - Davies Bouldin: 1.2439610777813646
2025-02-22 02:32:50 - INFO - Calinski Harabasz: 156.0004290340214
2025-02-22 02:32:50 - INFO - 
Melhores Resultados:
2025-02-22 02:32:50 - INFO - Otimizador: SPSAOptimizer
2025-02-22 02:32:50 - INFO - Tipo de Circuito: circuit_type1
2025-02-22 02:32:50 - INFO - Número de Camadas: 2
2025-02-22 02:32:50 - INFO - Custo: 0.5660729557225329
2025-02-22 02:32:50 - INFO - Score Davies: 1.2439610777813646
2025-02-22 02:32:50 - INFO - Score Calinski: 156.0004290340214
2025-02-22 02:32:50 - INFO - Score Silhouette: 0.33424923198933776
2025-02-22 02:32:50 - INFO - [[[-3.1925267782127005, -1.0403010888359345, -0.1924894039240019], [1.5166591699664775, -0.7648401586856134, 0.2679774342260014]], [[-0.6583558828431954, -2.846586107519836, -0.10334342621301741], [2.6984132897329403, -0.5640925072846005, 0.5086825001900195]]]
2025-02-22 02:33:16 - INFO - Testando: circuit_type1 - SPSAOptimizer - 2 camadas
2025-02-22 02:33:17 - INFO - Iter:     1 | Cost: 0.7231341 | Best Cost: 0.7231341
2025-02-22 02:33:18 - INFO - Iter:     2 | Cost: 0.5759461 | Best Cost: 0.5759461
2025-02-22 02:33:19 - INFO - Iter:     3 | Cost: 0.7164331 | Best Cost: 0.5759461
2025-02-22 02:33:19 - INFO - Iter:     4 | Cost: 0.6793202 | Best Cost: 0.5759461
2025-02-22 02:33:20 - INFO - Iter:     5 | Cost: 0.6762907 | Best Cost: 0.5759461
2025-02-22 02:33:21 - INFO - Iter:     6 | Cost: 0.7485340 | Best Cost: 0.5759461
2025-02-22 02:33:22 - INFO - Iter:     7 | Cost: 0.6885562 | Best Cost: 0.5759461
2025-02-22 02:33:23 - INFO - Iter:     8 | Cost: 0.7277607 | Best Cost: 0.5759461
2025-02-22 02:33:24 - INFO - Iter:     9 | Cost: 0.6856031 | Best Cost: 0.5759461
2025-02-22 02:33:25 - INFO - Iter:    10 | Cost: 0.7707525 | Best Cost: 0.5759461
2025-02-22 02:33:26 - INFO - Iter:    11 | Cost: 0.6901627 | Best Cost: 0.5759461
2025-02-22 02:33:27 - INFO - Iter:    12 | Cost: 0.6702569 | Best Cost: 0.5759461
2025-02-22 02:33:28 - INFO - Iter:    13 | Cost: 0.5915689 | Best Cost: 0.5759461
2025-02-22 02:33:29 - INFO - Iter:    14 | Cost: 0.7332262 | Best Cost: 0.5759461
2025-02-22 02:33:29 - INFO - Iter:    15 | Cost: 0.5762139 | Best Cost: 0.5759461
2025-02-22 02:33:30 - INFO - Iter:    16 | Cost: 0.6932990 | Best Cost: 0.5759461
2025-02-22 02:33:31 - INFO - Iter:    17 | Cost: 0.6559315 | Best Cost: 0.5759461
2025-02-22 02:33:35 - INFO - Testando: circuit_type1 - SPSAOptimizer - 2 camadas
2025-02-22 02:33:36 - INFO - Iter:     1 | Cost: 0.7183967 | Best Cost: 0.7183967
2025-02-22 02:33:37 - INFO - Iter:     2 | Cost: 0.7027527 | Best Cost: 0.7027527
2025-02-22 02:33:38 - INFO - Iter:     3 | Cost: 0.6748325 | Best Cost: 0.6748325
2025-02-22 02:33:39 - INFO - Iter:     4 | Cost: 0.7088334 | Best Cost: 0.6748325
2025-02-22 02:33:40 - INFO - Iter:     5 | Cost: 0.7534708 | Best Cost: 0.6748325
2025-02-22 02:33:40 - INFO - Iter:     6 | Cost: 0.6822158 | Best Cost: 0.6748325
2025-02-22 02:33:41 - INFO - Iter:     7 | Cost: 0.7666528 | Best Cost: 0.6748325
2025-02-22 02:33:42 - INFO - Iter:     8 | Cost: 0.6837997 | Best Cost: 0.6748325
2025-02-22 02:33:42 - INFO - Iter:     9 | Cost: 0.7586605 | Best Cost: 0.6748325
2025-02-22 02:33:43 - INFO - Iter:    10 | Cost: 0.6467947 | Best Cost: 0.6467947
2025-02-22 02:33:44 - INFO - Iter:    11 | Cost: 0.6926019 | Best Cost: 0.6467947
2025-02-22 02:33:45 - INFO - Iter:    12 | Cost: 0.5960527 | Best Cost: 0.5960527
2025-02-22 02:33:45 - INFO - Iter:    13 | Cost: 0.6005980 | Best Cost: 0.5960527
2025-02-22 02:33:46 - INFO - Iter:    14 | Cost: 0.6709565 | Best Cost: 0.5960527
2025-02-22 02:33:47 - INFO - Iter:    15 | Cost: 0.6716050 | Best Cost: 0.5960527
2025-02-22 02:33:48 - INFO - Iter:    16 | Cost: 0.7055437 | Best Cost: 0.5960527
2025-02-22 02:33:49 - INFO - Iter:    17 | Cost: 0.6128618 | Best Cost: 0.5960527
2025-02-22 02:33:49 - INFO - Iter:    18 | Cost: 0.5979523 | Best Cost: 0.5960527
2025-02-22 02:33:50 - INFO - Iter:    19 | Cost: 0.6566500 | Best Cost: 0.5960527
2025-02-22 02:33:50 - INFO - Iter:    20 | Cost: 0.6309802 | Best Cost: 0.5960527
2025-02-22 02:33:51 - INFO - Iter:    21 | Cost: 0.7176947 | Best Cost: 0.5960527
2025-02-22 02:33:53 - INFO - Iter:    22 | Cost: 0.6757550 | Best Cost: 0.5960527
2025-02-22 02:33:54 - INFO - Iter:    23 | Cost: 0.6807614 | Best Cost: 0.5960527
2025-02-22 02:33:55 - INFO - Iter:    24 | Cost: 0.7177838 | Best Cost: 0.5960527
2025-02-22 02:33:56 - INFO - Iter:    25 | Cost: 0.7100685 | Best Cost: 0.5960527
2025-02-22 02:33:56 - INFO - Iter:    26 | Cost: 0.7315870 | Best Cost: 0.5960527
2025-02-22 02:33:58 - INFO - Iter:    27 | Cost: 0.6530699 | Best Cost: 0.5960527
2025-02-22 02:33:59 - INFO - Iter:    28 | Cost: 0.6522698 | Best Cost: 0.5960527
2025-02-22 02:34:00 - INFO - Iter:    29 | Cost: 0.6465499 | Best Cost: 0.5960527
2025-02-22 02:34:00 - INFO - Iter:    30 | Cost: 0.6918919 | Best Cost: 0.5960527
2025-02-22 02:34:01 - INFO - Iter:    31 | Cost: 0.7168053 | Best Cost: 0.5960527
2025-02-22 02:34:02 - INFO - Iter:    32 | Cost: 0.6279009 | Best Cost: 0.5960527
2025-02-22 02:34:11 - INFO - Custo Final: 0.5960526571665797
2025-02-22 02:34:11 - INFO - Silhouette: 0.35725409507102784
2025-02-22 02:34:11 - INFO - Davies Bouldin: 1.1353548739815076
2025-02-22 02:34:11 - INFO - Calinski Harabasz: 174.62136325976562
2025-02-22 02:34:11 - INFO - 
Melhores Resultados:
2025-02-22 02:34:11 - INFO - Otimizador: SPSAOptimizer
2025-02-22 02:34:11 - INFO - Tipo de Circuito: circuit_type1
2025-02-22 02:34:11 - INFO - Número de Camadas: 2
2025-02-22 02:34:11 - INFO - Custo: 0.5960526571665797
2025-02-22 02:34:11 - INFO - Score Davies: 1.1353548739815076
2025-02-22 02:34:11 - INFO - Score Calinski: 174.62136325976562
2025-02-22 02:34:11 - INFO - Score Silhouette: 0.35725409507102784
2025-02-22 02:34:11 - INFO - [[[-1.1869561684534935, -0.8858592661253464, -1.6674495981489734], [-0.6900879929802146, -1.109123101821524, 2.5427573266650585]], [[-1.7455570542819825, 1.9103136575253374, 2.1565540404898638], [-2.0854775448090246, -2.504765234618855, 0.46319298405488135]]]
2025-02-22 02:35:04 - INFO - Testando: circuit_type1 - SPSAOptimizer - 2 camadas
2025-02-22 02:35:05 - INFO - Iter:     1 | Cost: 0.8202860 | Best Cost: 0.8202860
2025-02-22 02:35:07 - INFO - Iter:     2 | Cost: 0.8598273 | Best Cost: 0.8202860
2025-02-22 02:35:09 - INFO - Iter:     3 | Cost: 0.8183083 | Best Cost: 0.8183083
2025-02-22 02:35:11 - INFO - Iter:     4 | Cost: 0.7732317 | Best Cost: 0.7732317
2025-02-22 02:35:13 - INFO - Iter:     5 | Cost: 0.7458837 | Best Cost: 0.7458837
2025-02-22 02:35:15 - INFO - Iter:     6 | Cost: 0.7430078 | Best Cost: 0.7430078
2025-02-22 02:35:16 - INFO - Iter:     7 | Cost: 0.7693812 | Best Cost: 0.7430078
2025-02-22 02:35:18 - INFO - Iter:     8 | Cost: 0.7256121 | Best Cost: 0.7256121
2025-02-22 02:35:19 - INFO - Iter:     9 | Cost: 0.6978046 | Best Cost: 0.6978046
2025-02-22 02:35:20 - INFO - Iter:    10 | Cost: 0.7329436 | Best Cost: 0.6978046
2025-02-22 02:35:22 - INFO - Iter:    11 | Cost: 0.7640844 | Best Cost: 0.6978046
2025-02-22 02:35:24 - INFO - Iter:    12 | Cost: 0.7903354 | Best Cost: 0.6978046
2025-02-22 02:35:26 - INFO - Iter:    13 | Cost: 0.7566991 | Best Cost: 0.6978046
2025-02-22 02:35:27 - INFO - Iter:    14 | Cost: 0.7200990 | Best Cost: 0.6978046
2025-02-22 02:35:28 - INFO - Iter:    15 | Cost: 0.7136417 | Best Cost: 0.6978046
2025-02-22 02:35:29 - INFO - Iter:    16 | Cost: 0.7295433 | Best Cost: 0.6978046
2025-02-22 02:35:31 - INFO - Iter:    17 | Cost: 0.7441449 | Best Cost: 0.6978046
2025-02-22 02:35:32 - INFO - Iter:    18 | Cost: 0.7246367 | Best Cost: 0.6978046
2025-02-22 02:35:33 - INFO - Iter:    19 | Cost: 0.7787163 | Best Cost: 0.6978046
2025-02-22 02:35:35 - INFO - Iter:    20 | Cost: 0.7330905 | Best Cost: 0.6978046
2025-02-22 02:35:36 - INFO - Iter:    21 | Cost: 0.7486935 | Best Cost: 0.6978046
2025-02-22 02:35:38 - INFO - Iter:    22 | Cost: 0.7557145 | Best Cost: 0.6978046
2025-02-22 02:35:39 - INFO - Iter:    23 | Cost: 0.7639107 | Best Cost: 0.6978046
2025-02-22 02:35:41 - INFO - Iter:    24 | Cost: 0.7192379 | Best Cost: 0.6978046
2025-02-22 02:35:42 - INFO - Iter:    25 | Cost: 0.7034772 | Best Cost: 0.6978046
2025-02-22 02:35:43 - INFO - Iter:    26 | Cost: 0.7007493 | Best Cost: 0.6978046
2025-02-22 02:35:44 - INFO - Iter:    27 | Cost: 0.7253022 | Best Cost: 0.6978046
2025-02-22 02:35:46 - INFO - Iter:    28 | Cost: 0.7410959 | Best Cost: 0.6978046
2025-02-22 02:35:47 - INFO - Iter:    29 | Cost: 0.7360655 | Best Cost: 0.6978046
2025-02-22 02:35:54 - INFO - Custo Final: 0.6978046447979955
2025-02-22 02:35:54 - INFO - Silhouette: 0.203488390461586
2025-02-22 02:35:54 - INFO - Davies Bouldin: 1.1156337503022475
2025-02-22 02:35:54 - INFO - Calinski Harabasz: 55.220852520859964
2025-02-22 02:35:54 - INFO - 
Melhores Resultados:
2025-02-22 02:35:54 - INFO - Otimizador: SPSAOptimizer
2025-02-22 02:35:54 - INFO - Tipo de Circuito: circuit_type1
2025-02-22 02:35:54 - INFO - Número de Camadas: 2
2025-02-22 02:35:54 - INFO - Custo: 0.6978046447979955
2025-02-22 02:35:54 - INFO - Score Davies: 1.1156337503022475
2025-02-22 02:35:54 - INFO - Score Calinski: 55.220852520859964
2025-02-22 02:35:54 - INFO - Score Silhouette: 0.203488390461586
2025-02-22 02:35:54 - INFO - [[[-1.9300244270529028, -1.102543800185086, -1.510252907103387], [-1.624986301820977, 3.1094310011389585, -2.423102781612257]], [[2.912486902604861, -2.5199387337100956, 2.615498965583304], [2.7530722977734787, -2.6056053855997527, -0.1951378733673882]]]
2025-02-22 02:36:26 - INFO - Testando: circuit_type1 - SPSAOptimizer - 2 camadas
2025-02-22 02:36:29 - INFO - Iter:     1 | Cost: 0.7138862 | Best Cost: 0.7138862
2025-02-22 02:36:32 - INFO - Iter:     2 | Cost: 0.6886181 | Best Cost: 0.6886181
2025-02-22 02:36:36 - INFO - Iter:     3 | Cost: 0.7057631 | Best Cost: 0.6886181
2025-02-22 02:36:40 - INFO - Iter:     4 | Cost: 0.6859038 | Best Cost: 0.6859038
2025-02-22 02:36:44 - INFO - Iter:     5 | Cost: 0.7154237 | Best Cost: 0.6859038
2025-02-22 02:36:47 - INFO - Iter:     6 | Cost: 0.6972916 | Best Cost: 0.6859038
2025-02-22 02:36:52 - INFO - Iter:     7 | Cost: 0.6928693 | Best Cost: 0.6859038
2025-02-22 02:36:55 - INFO - Iter:     8 | Cost: 0.6899686 | Best Cost: 0.6859038
2025-02-22 02:36:59 - INFO - Iter:     9 | Cost: 0.6944880 | Best Cost: 0.6859038
2025-02-22 02:37:03 - INFO - Iter:    10 | Cost: 0.6498659 | Best Cost: 0.6498659
2025-02-22 02:37:07 - INFO - Iter:    11 | Cost: 0.6683861 | Best Cost: 0.6498659
2025-02-22 02:37:10 - INFO - Iter:    12 | Cost: 0.6535633 | Best Cost: 0.6498659
2025-02-22 02:37:13 - INFO - Iter:    13 | Cost: 0.6714758 | Best Cost: 0.6498659
2025-02-22 02:37:16 - INFO - Iter:    14 | Cost: 0.6405773 | Best Cost: 0.6405773
2025-02-22 02:37:20 - INFO - Iter:    15 | Cost: 0.6618958 | Best Cost: 0.6405773
2025-02-22 02:37:23 - INFO - Iter:    16 | Cost: 0.6654183 | Best Cost: 0.6405773
2025-02-22 02:37:26 - INFO - Iter:    17 | Cost: 0.6838180 | Best Cost: 0.6405773
2025-02-22 02:37:30 - INFO - Iter:    18 | Cost: 0.6499627 | Best Cost: 0.6405773
2025-02-22 02:37:34 - INFO - Iter:    19 | Cost: 0.6520550 | Best Cost: 0.6405773
2025-02-22 02:37:39 - INFO - Iter:    20 | Cost: 0.6334548 | Best Cost: 0.6334548
2025-02-22 02:37:42 - INFO - Iter:    21 | Cost: 0.6601736 | Best Cost: 0.6334548
2025-02-22 02:37:46 - INFO - Iter:    22 | Cost: 0.6736363 | Best Cost: 0.6334548
2025-02-22 02:37:49 - INFO - Iter:    23 | Cost: 0.7104755 | Best Cost: 0.6334548
2025-02-22 02:37:53 - INFO - Iter:    24 | Cost: 0.6509257 | Best Cost: 0.6334548
2025-02-22 02:37:57 - INFO - Iter:    25 | Cost: 0.6639231 | Best Cost: 0.6334548
2025-02-22 02:38:00 - INFO - Iter:    26 | Cost: 0.6452602 | Best Cost: 0.6334548
2025-02-22 02:38:04 - INFO - Iter:    27 | Cost: 0.6530449 | Best Cost: 0.6334548
2025-02-22 02:38:08 - INFO - Iter:    28 | Cost: 0.6431929 | Best Cost: 0.6334548
2025-02-22 02:38:11 - INFO - Iter:    29 | Cost: 0.6760180 | Best Cost: 0.6334548
2025-02-22 02:38:15 - INFO - Iter:    30 | Cost: 0.6515938 | Best Cost: 0.6334548
2025-02-22 02:38:18 - INFO - Iter:    31 | Cost: 0.6483901 | Best Cost: 0.6334548
2025-02-22 02:38:20 - INFO - Iter:    32 | Cost: 0.6452606 | Best Cost: 0.6334548
2025-02-22 02:38:23 - INFO - Iter:    33 | Cost: 0.6868106 | Best Cost: 0.6334548
2025-02-22 02:38:26 - INFO - Iter:    34 | Cost: 0.6475373 | Best Cost: 0.6334548
2025-02-22 02:38:30 - INFO - Iter:    35 | Cost: 0.6366880 | Best Cost: 0.6334548
2025-02-22 02:38:34 - INFO - Iter:    36 | Cost: 0.6280494 | Best Cost: 0.6280494
2025-02-22 02:38:38 - INFO - Iter:    37 | Cost: 0.6632221 | Best Cost: 0.6280494
2025-02-22 02:38:42 - INFO - Iter:    38 | Cost: 0.6700217 | Best Cost: 0.6280494
2025-02-22 02:38:45 - INFO - Iter:    39 | Cost: 0.6453000 | Best Cost: 0.6280494
2025-02-22 02:38:49 - INFO - Iter:    40 | Cost: 0.6760655 | Best Cost: 0.6280494
2025-02-22 02:38:53 - INFO - Iter:    41 | Cost: 0.6368641 | Best Cost: 0.6280494
2025-02-22 02:38:56 - INFO - Iter:    42 | Cost: 0.6748495 | Best Cost: 0.6280494
2025-02-22 02:39:00 - INFO - Iter:    43 | Cost: 0.6343759 | Best Cost: 0.6280494
2025-02-22 02:39:03 - INFO - Iter:    44 | Cost: 0.6540138 | Best Cost: 0.6280494
2025-02-22 02:39:07 - INFO - Iter:    45 | Cost: 0.6409780 | Best Cost: 0.6280494
2025-02-22 02:39:11 - INFO - Iter:    46 | Cost: 0.6529184 | Best Cost: 0.6280494
2025-02-22 02:39:14 - INFO - Iter:    47 | Cost: 0.6669134 | Best Cost: 0.6280494
2025-02-22 02:39:18 - INFO - Iter:    48 | Cost: 0.6491234 | Best Cost: 0.6280494
2025-02-22 02:39:22 - INFO - Iter:    49 | Cost: 0.6470223 | Best Cost: 0.6280494
2025-02-22 02:39:25 - INFO - Iter:    50 | Cost: 0.6291122 | Best Cost: 0.6280494
2025-02-22 02:39:29 - INFO - Iter:    51 | Cost: 0.6716703 | Best Cost: 0.6280494
2025-02-22 02:39:33 - INFO - Iter:    52 | Cost: 0.6481000 | Best Cost: 0.6280494
2025-02-22 02:39:37 - INFO - Iter:    53 | Cost: 0.6478583 | Best Cost: 0.6280494
2025-02-22 02:39:39 - INFO - Iter:    54 | Cost: 0.6593362 | Best Cost: 0.6280494
2025-02-22 02:39:42 - INFO - Iter:    55 | Cost: 0.6418791 | Best Cost: 0.6280494
2025-02-22 02:39:46 - INFO - Iter:    56 | Cost: 0.6562445 | Best Cost: 0.6280494
2025-02-22 02:39:49 - INFO - Iter:    57 | Cost: 0.6480264 | Best Cost: 0.6280494
2025-02-22 02:39:52 - INFO - Iter:    58 | Cost: 0.6286380 | Best Cost: 0.6280494
2025-02-22 02:39:56 - INFO - Iter:    59 | Cost: 0.6374727 | Best Cost: 0.6280494
2025-02-22 02:39:59 - INFO - Iter:    60 | Cost: 0.6375731 | Best Cost: 0.6280494
2025-02-22 02:40:02 - INFO - Iter:    61 | Cost: 0.6436709 | Best Cost: 0.6280494
2025-02-22 02:40:05 - INFO - Iter:    62 | Cost: 0.6258107 | Best Cost: 0.6258107
2025-02-22 02:40:09 - INFO - Iter:    63 | Cost: 0.6561407 | Best Cost: 0.6258107
2025-02-22 02:40:13 - INFO - Iter:    64 | Cost: 0.6457971 | Best Cost: 0.6258107
2025-02-22 02:40:16 - INFO - Iter:    65 | Cost: 0.6387909 | Best Cost: 0.6258107
2025-02-22 02:40:21 - INFO - Iter:    66 | Cost: 0.6595586 | Best Cost: 0.6258107
2025-02-22 02:40:24 - INFO - Iter:    67 | Cost: 0.6392765 | Best Cost: 0.6258107
2025-02-22 02:40:28 - INFO - Iter:    68 | Cost: 0.6527471 | Best Cost: 0.6258107
2025-02-22 02:40:31 - INFO - Iter:    69 | Cost: 0.6362244 | Best Cost: 0.6258107
2025-02-22 02:40:35 - INFO - Iter:    70 | Cost: 0.6526844 | Best Cost: 0.6258107
2025-02-22 02:40:38 - INFO - Iter:    71 | Cost: 0.6459458 | Best Cost: 0.6258107
2025-02-22 02:40:42 - INFO - Iter:    72 | Cost: 0.6435086 | Best Cost: 0.6258107
2025-02-22 02:40:45 - INFO - Iter:    73 | Cost: 0.6458365 | Best Cost: 0.6258107
2025-02-22 02:40:49 - INFO - Iter:    74 | Cost: 0.6543698 | Best Cost: 0.6258107
2025-02-22 02:40:52 - INFO - Iter:    75 | Cost: 0.6590194 | Best Cost: 0.6258107
2025-02-22 02:40:56 - INFO - Iter:    76 | Cost: 0.6432325 | Best Cost: 0.6258107
2025-02-22 02:40:59 - INFO - Iter:    77 | Cost: 0.6427888 | Best Cost: 0.6258107
2025-02-22 02:41:02 - INFO - Iter:    78 | Cost: 0.6416463 | Best Cost: 0.6258107
2025-02-22 02:41:05 - INFO - Iter:    79 | Cost: 0.6535545 | Best Cost: 0.6258107
2025-02-22 02:41:09 - INFO - Iter:    80 | Cost: 0.6519442 | Best Cost: 0.6258107
2025-02-22 02:41:12 - INFO - Iter:    81 | Cost: 0.6455496 | Best Cost: 0.6258107
2025-02-22 02:41:16 - INFO - Iter:    82 | Cost: 0.6425979 | Best Cost: 0.6258107
2025-02-22 02:41:19 - INFO - Iter:    83 | Cost: 0.6483256 | Best Cost: 0.6258107
2025-02-22 02:41:23 - INFO - Iter:    84 | Cost: 0.6536232 | Best Cost: 0.6258107
2025-02-22 02:41:26 - INFO - Iter:    85 | Cost: 0.6497889 | Best Cost: 0.6258107
2025-02-22 02:41:30 - INFO - Iter:    86 | Cost: 0.6212769 | Best Cost: 0.6212769
2025-02-22 02:41:33 - INFO - Iter:    87 | Cost: 0.6591863 | Best Cost: 0.6212769
2025-02-22 02:41:37 - INFO - Iter:    88 | Cost: 0.6441052 | Best Cost: 0.6212769
2025-02-22 02:41:40 - INFO - Iter:    89 | Cost: 0.6442200 | Best Cost: 0.6212769
2025-02-22 02:41:44 - INFO - Iter:    90 | Cost: 0.6705546 | Best Cost: 0.6212769
2025-02-22 02:41:47 - INFO - Iter:    91 | Cost: 0.6445691 | Best Cost: 0.6212769
2025-02-22 02:41:51 - INFO - Iter:    92 | Cost: 0.6550311 | Best Cost: 0.6212769
2025-02-22 02:41:54 - INFO - Iter:    93 | Cost: 0.6670363 | Best Cost: 0.6212769
2025-02-22 02:41:57 - INFO - Iter:    94 | Cost: 0.6377104 | Best Cost: 0.6212769
2025-02-22 02:42:01 - INFO - Iter:    95 | Cost: 0.6436525 | Best Cost: 0.6212769
2025-02-22 02:42:05 - INFO - Iter:    96 | Cost: 0.6624201 | Best Cost: 0.6212769
2025-02-22 02:42:07 - INFO - Iter:    97 | Cost: 0.6593851 | Best Cost: 0.6212769
2025-02-22 02:42:10 - INFO - Iter:    98 | Cost: 0.6501709 | Best Cost: 0.6212769
2025-02-22 02:42:14 - INFO - Iter:    99 | Cost: 0.6698148 | Best Cost: 0.6212769
2025-02-22 02:42:17 - INFO - Iter:   100 | Cost: 0.6619576 | Best Cost: 0.6212769
2025-02-22 02:42:24 - INFO - Custo Final: 0.6212769186527731
2025-02-22 02:42:24 - INFO - Silhouette: 0.31973959129302093
2025-02-22 02:42:24 - INFO - Davies Bouldin: 1.2971805462807504
2025-02-22 02:42:24 - INFO - Calinski Harabasz: 144.35451244969596
2025-02-22 02:42:24 - INFO - 
Melhores Resultados:
2025-02-22 02:42:24 - INFO - Otimizador: SPSAOptimizer
2025-02-22 02:42:24 - INFO - Tipo de Circuito: circuit_type1
2025-02-22 02:42:24 - INFO - Número de Camadas: 2
2025-02-22 02:42:24 - INFO - Custo: 0.6212769186527731
2025-02-22 02:42:24 - INFO - Score Davies: 1.2971805462807504
2025-02-22 02:42:24 - INFO - Score Calinski: 144.35451244969596
2025-02-22 02:42:24 - INFO - Score Silhouette: 0.31973959129302093
2025-02-22 02:42:24 - INFO - [[[-1.0642327042633817, -2.3768060230075223, 1.9951553104902762], [2.3662378310420005, -0.34072379827936056, 1.7938925876132534]], [[1.6716567634495363, -0.6159803636288278, 1.981964340913102], [-2.0007412157885076, -1.938992082935478, -0.15692207108406878]]]
2025-02-22 02:43:49 - INFO - Testando: circuit_type1 - SPSAOptimizer - 2 camadas
2025-02-22 02:43:51 - INFO - Iter:     1 | Cost: 0.8743616 | Best Cost: 0.8743616
2025-02-22 02:43:52 - INFO - Iter:     2 | Cost: 0.5176465 | Best Cost: 0.5176465
2025-02-22 02:43:54 - INFO - Iter:     3 | Cost: 0.2263926 | Best Cost: 0.2263926
2025-02-22 02:43:55 - INFO - Iter:     4 | Cost: 0.1888982 | Best Cost: 0.1888982
2025-02-22 02:43:56 - INFO - Iter:     5 | Cost: 0.2027992 | Best Cost: 0.1888982
2025-02-22 02:43:58 - INFO - Iter:     6 | Cost: 0.1872188 | Best Cost: 0.1872188
2025-02-22 02:43:59 - INFO - Iter:     7 | Cost: 0.1807653 | Best Cost: 0.1807653
2025-02-22 02:44:00 - INFO - Iter:     8 | Cost: 0.1917512 | Best Cost: 0.1807653
2025-02-22 02:44:02 - INFO - Iter:     9 | Cost: 0.1693821 | Best Cost: 0.1693821
2025-02-22 02:44:03 - INFO - Iter:    10 | Cost: 0.1601631 | Best Cost: 0.1601631
2025-02-22 02:44:04 - INFO - Iter:    11 | Cost: 0.1718194 | Best Cost: 0.1601631
2025-02-22 02:44:05 - INFO - Iter:    12 | Cost: 0.1605575 | Best Cost: 0.1601631
2025-02-22 02:44:07 - INFO - Iter:    13 | Cost: 0.1788652 | Best Cost: 0.1601631
2025-02-22 02:44:08 - INFO - Iter:    14 | Cost: 0.1719693 | Best Cost: 0.1601631
2025-02-22 02:44:09 - INFO - Iter:    15 | Cost: 0.1791822 | Best Cost: 0.1601631
2025-02-22 02:44:11 - INFO - Iter:    16 | Cost: 0.1744089 | Best Cost: 0.1601631
2025-02-22 02:44:12 - INFO - Iter:    17 | Cost: 0.1704000 | Best Cost: 0.1601631
2025-02-22 02:44:14 - INFO - Iter:    18 | Cost: 0.1637195 | Best Cost: 0.1601631
2025-02-22 02:44:15 - INFO - Iter:    19 | Cost: 0.1788520 | Best Cost: 0.1601631
2025-02-22 02:44:17 - INFO - Iter:    20 | Cost: 0.1727969 | Best Cost: 0.1601631
2025-02-22 02:44:18 - INFO - Iter:    21 | Cost: 0.1623949 | Best Cost: 0.1601631
2025-02-22 02:44:20 - INFO - Iter:    22 | Cost: 0.1707745 | Best Cost: 0.1601631
2025-02-22 02:44:21 - INFO - Iter:    23 | Cost: 0.1624243 | Best Cost: 0.1601631
2025-02-22 02:44:23 - INFO - Iter:    24 | Cost: 0.1687404 | Best Cost: 0.1601631
2025-02-22 02:44:24 - INFO - Iter:    25 | Cost: 0.1684512 | Best Cost: 0.1601631
2025-02-22 02:44:25 - INFO - Iter:    26 | Cost: 0.1798048 | Best Cost: 0.1601631
2025-02-22 02:44:26 - INFO - Iter:    27 | Cost: 0.1733676 | Best Cost: 0.1601631
2025-02-22 02:44:28 - INFO - Iter:    28 | Cost: 0.1626329 | Best Cost: 0.1601631
2025-02-22 02:44:29 - INFO - Iter:    29 | Cost: 0.1814196 | Best Cost: 0.1601631
2025-02-22 02:44:30 - INFO - Iter:    30 | Cost: 0.1813476 | Best Cost: 0.1601631
2025-02-22 02:44:34 - INFO - Custo Final: 0.16016313641938573
2025-02-22 02:44:34 - INFO - Silhouette: 0.8236914617561262
2025-02-22 02:44:34 - INFO - Davies Bouldin: 0.24611524814219152
2025-02-22 02:44:34 - INFO - Calinski Harabasz: 1520.2651293681783
2025-02-22 02:44:34 - INFO - 
Melhores Resultados:
2025-02-22 02:44:34 - INFO - Otimizador: SPSAOptimizer
2025-02-22 02:44:34 - INFO - Tipo de Circuito: circuit_type1
2025-02-22 02:44:34 - INFO - Número de Camadas: 2
2025-02-22 02:44:34 - INFO - Custo: 0.16016313641938573
2025-02-22 02:44:34 - INFO - Score Davies: 0.24611524814219152
2025-02-22 02:44:34 - INFO - Score Calinski: 1520.2651293681783
2025-02-22 02:44:34 - INFO - Score Silhouette: 0.8236914617561262
2025-02-22 02:44:34 - INFO - [[[0.4662294722923131, -1.0807895515325403, 2.4070999885628472], [2.976818331349932, 1.1323868072291567, -2.4276403882689817]], [[-0.9125638570955498, -0.6068915782261062, -2.7983610158513117], [1.5623276612724775, 0.6771527883086982, -0.43098808099923364]]]
2025-02-22 02:54:04 - INFO - Testando: circuit_type1 - SPSAOptimizer - 2 camadas
2025-02-22 02:54:06 - INFO - Iter:     1 | Cost: 0.2713726 | Best Cost: 0.2713726
2025-02-22 02:54:08 - INFO - Iter:     2 | Cost: 0.1701542 | Best Cost: 0.1701542
2025-02-22 02:54:09 - INFO - Iter:     3 | Cost: 0.1780650 | Best Cost: 0.1701542
2025-02-22 02:54:10 - INFO - Iter:     4 | Cost: 0.1662488 | Best Cost: 0.1662488
2025-02-22 02:54:12 - INFO - Iter:     5 | Cost: 0.1767785 | Best Cost: 0.1662488
2025-02-22 02:54:13 - INFO - Iter:     6 | Cost: 0.1739295 | Best Cost: 0.1662488
2025-02-22 02:54:14 - INFO - Iter:     7 | Cost: 0.1788156 | Best Cost: 0.1662488
2025-02-22 02:54:16 - INFO - Iter:     8 | Cost: 0.1688256 | Best Cost: 0.1662488
2025-02-22 02:54:17 - INFO - Iter:     9 | Cost: 0.1726401 | Best Cost: 0.1662488
2025-02-22 02:54:19 - INFO - Iter:    10 | Cost: 0.1759018 | Best Cost: 0.1662488
2025-02-22 02:54:20 - INFO - Iter:    11 | Cost: 0.1793307 | Best Cost: 0.1662488
2025-02-22 02:54:22 - INFO - Iter:    12 | Cost: 0.1674886 | Best Cost: 0.1662488
2025-02-22 02:54:24 - INFO - Iter:    13 | Cost: 0.1775204 | Best Cost: 0.1662488
2025-02-22 02:54:25 - INFO - Iter:    14 | Cost: 0.1705451 | Best Cost: 0.1662488
2025-02-22 02:54:27 - INFO - Iter:    15 | Cost: 0.1786775 | Best Cost: 0.1662488
2025-02-22 02:54:29 - INFO - Iter:    16 | Cost: 0.1696375 | Best Cost: 0.1662488
2025-02-22 02:54:31 - INFO - Iter:    17 | Cost: 0.1798213 | Best Cost: 0.1662488
2025-02-22 02:54:33 - INFO - Iter:    18 | Cost: 0.1713346 | Best Cost: 0.1662488
2025-02-22 02:54:34 - INFO - Iter:    19 | Cost: 0.1736665 | Best Cost: 0.1662488
2025-02-22 02:54:35 - INFO - Iter:    20 | Cost: 0.1719211 | Best Cost: 0.1662488
2025-02-22 02:54:37 - INFO - Iter:    21 | Cost: 0.1646377 | Best Cost: 0.1646377
2025-02-22 02:54:38 - INFO - Iter:    22 | Cost: 0.1659762 | Best Cost: 0.1646377
2025-02-22 02:54:40 - INFO - Iter:    23 | Cost: 0.1712312 | Best Cost: 0.1646377
2025-02-22 02:54:41 - INFO - Iter:    24 | Cost: 0.1776045 | Best Cost: 0.1646377
2025-02-22 02:54:42 - INFO - Iter:    25 | Cost: 0.1683949 | Best Cost: 0.1646377
2025-02-22 02:54:43 - INFO - Iter:    26 | Cost: 0.1727699 | Best Cost: 0.1646377
2025-02-22 02:54:45 - INFO - Iter:    27 | Cost: 0.1754243 | Best Cost: 0.1646377
2025-02-22 02:54:46 - INFO - Iter:    28 | Cost: 0.1727246 | Best Cost: 0.1646377
2025-02-22 02:54:48 - INFO - Iter:    29 | Cost: 0.1746425 | Best Cost: 0.1646377
2025-02-22 02:54:49 - INFO - Iter:    30 | Cost: 0.1811865 | Best Cost: 0.1646377
2025-02-22 02:54:51 - INFO - Iter:    31 | Cost: 0.1785952 | Best Cost: 0.1646377
2025-02-22 02:54:52 - INFO - Iter:    32 | Cost: 0.1762112 | Best Cost: 0.1646377
2025-02-22 02:54:53 - INFO - Iter:    33 | Cost: 0.1731087 | Best Cost: 0.1646377
2025-02-22 02:54:54 - INFO - Iter:    34 | Cost: 0.1790460 | Best Cost: 0.1646377
2025-02-22 02:54:56 - INFO - Iter:    35 | Cost: 0.1657081 | Best Cost: 0.1646377
2025-02-22 02:54:57 - INFO - Iter:    36 | Cost: 0.1681974 | Best Cost: 0.1646377
2025-02-22 02:54:58 - INFO - Iter:    37 | Cost: 0.1757458 | Best Cost: 0.1646377
2025-02-22 02:54:59 - INFO - Iter:    38 | Cost: 0.1695159 | Best Cost: 0.1646377
2025-02-22 02:55:00 - INFO - Iter:    39 | Cost: 0.1774924 | Best Cost: 0.1646377
2025-02-22 02:55:02 - INFO - Iter:    40 | Cost: 0.1671502 | Best Cost: 0.1646377
2025-02-22 02:55:03 - INFO - Iter:    41 | Cost: 0.1823070 | Best Cost: 0.1646377
2025-02-22 02:55:07 - INFO - Custo Final: 0.1646376531896191
2025-02-22 02:55:07 - INFO - Silhouette: 0.8236914617561262
2025-02-22 02:55:07 - INFO - Davies Bouldin: 0.24611524814219152
2025-02-22 02:55:07 - INFO - Calinski Harabasz: 1520.2651293681783
2025-02-22 02:55:07 - INFO - 
Melhores Resultados:
2025-02-22 02:55:07 - INFO - Otimizador: SPSAOptimizer
2025-02-22 02:55:07 - INFO - Tipo de Circuito: circuit_type1
2025-02-22 02:55:07 - INFO - Número de Camadas: 2
2025-02-22 02:55:07 - INFO - Custo: 0.1646376531896191
2025-02-22 02:55:07 - INFO - Score Davies: 0.24611524814219152
2025-02-22 02:55:07 - INFO - Score Calinski: 1520.2651293681783
2025-02-22 02:55:07 - INFO - Score Silhouette: 0.8236914617561262
2025-02-22 02:55:07 - INFO - [[[0.8667203373039117, -2.5878522564016726, 1.739554958639978], [2.032682317170974, -2.2712612730812665, -2.051773772833279]], [[-2.3198260289765567, 2.717415721393317, -2.6710610224138067], [-0.7676419970965856, 0.6674186426681396, 1.9057328426058855]]]
2025-02-22 02:55:33 - INFO - Testando: circuit_type1 - SPSAOptimizer - 2 camadas
2025-02-22 02:55:35 - INFO - Iter:     1 | Cost: 0.7755441 | Best Cost: 0.7755441
2025-02-22 02:55:39 - INFO - Testando: circuit_type1 - SPSAOptimizer - 2 camadas
2025-02-22 02:55:40 - INFO - Iter:     1 | Cost: 0.6466528 | Best Cost: 0.6466528
2025-02-22 02:55:42 - INFO - Iter:     2 | Cost: 0.6876733 | Best Cost: 0.6466528
2025-02-22 02:55:43 - INFO - Iter:     3 | Cost: 0.7231499 | Best Cost: 0.6466528
2025-02-22 02:55:45 - INFO - Iter:     4 | Cost: 0.6133016 | Best Cost: 0.6133016
2025-02-22 02:55:46 - INFO - Iter:     5 | Cost: 0.6556876 | Best Cost: 0.6133016
2025-02-22 02:55:48 - INFO - Iter:     6 | Cost: 0.6514954 | Best Cost: 0.6133016
2025-02-22 02:55:49 - INFO - Iter:     7 | Cost: 0.6518904 | Best Cost: 0.6133016
2025-02-22 02:55:50 - INFO - Iter:     8 | Cost: 0.6015930 | Best Cost: 0.6015930
2025-02-22 02:55:51 - INFO - Iter:     9 | Cost: 0.6310996 | Best Cost: 0.6015930
2025-02-22 02:55:53 - INFO - Iter:    10 | Cost: 0.6096993 | Best Cost: 0.6015930
2025-02-22 02:55:54 - INFO - Iter:    11 | Cost: 0.6680008 | Best Cost: 0.6015930
2025-02-22 02:55:56 - INFO - Iter:    12 | Cost: 0.6267276 | Best Cost: 0.6015930
2025-02-22 02:55:57 - INFO - Iter:    13 | Cost: 0.6307135 | Best Cost: 0.6015930
2025-02-22 02:55:58 - INFO - Iter:    14 | Cost: 0.6447157 | Best Cost: 0.6015930
2025-02-22 02:56:00 - INFO - Iter:    15 | Cost: 0.6436723 | Best Cost: 0.6015930
2025-02-22 02:56:02 - INFO - Iter:    16 | Cost: 0.6406662 | Best Cost: 0.6015930
2025-02-22 02:56:03 - INFO - Iter:    17 | Cost: 0.6291514 | Best Cost: 0.6015930
2025-02-22 02:56:05 - INFO - Iter:    18 | Cost: 0.6314803 | Best Cost: 0.6015930
2025-02-22 02:56:08 - INFO - Iter:    19 | Cost: 0.6394838 | Best Cost: 0.6015930
2025-02-22 02:56:10 - INFO - Iter:    20 | Cost: 0.6227430 | Best Cost: 0.6015930
2025-02-22 02:56:12 - INFO - Iter:    21 | Cost: 0.6483786 | Best Cost: 0.6015930
2025-02-22 02:56:14 - INFO - Iter:    22 | Cost: 0.6702045 | Best Cost: 0.6015930
2025-02-22 02:56:16 - INFO - Iter:    23 | Cost: 0.6060107 | Best Cost: 0.6015930
2025-02-22 02:56:18 - INFO - Iter:    24 | Cost: 0.6496716 | Best Cost: 0.6015930
2025-02-22 02:56:20 - INFO - Iter:    25 | Cost: 0.6209425 | Best Cost: 0.6015930
2025-02-22 02:56:21 - INFO - Iter:    26 | Cost: 0.6612484 | Best Cost: 0.6015930
2025-02-22 02:56:23 - INFO - Iter:    27 | Cost: 0.5909370 | Best Cost: 0.5909370
2025-02-22 02:56:24 - INFO - Iter:    28 | Cost: 0.6675006 | Best Cost: 0.5909370
2025-02-22 02:56:26 - INFO - Iter:    29 | Cost: 0.6320728 | Best Cost: 0.5909370
2025-02-22 02:56:27 - INFO - Iter:    30 | Cost: 0.6431081 | Best Cost: 0.5909370
2025-02-22 02:56:28 - INFO - Iter:    31 | Cost: 0.6193019 | Best Cost: 0.5909370
2025-02-22 02:56:30 - INFO - Iter:    32 | Cost: 0.6565655 | Best Cost: 0.5909370
2025-02-22 02:56:32 - INFO - Iter:    33 | Cost: 0.6471916 | Best Cost: 0.5909370
2025-02-22 02:56:33 - INFO - Iter:    34 | Cost: 0.6620657 | Best Cost: 0.5909370
2025-02-22 02:56:35 - INFO - Iter:    35 | Cost: 0.6648741 | Best Cost: 0.5909370
2025-02-22 02:56:36 - INFO - Iter:    36 | Cost: 0.6301495 | Best Cost: 0.5909370
2025-02-22 02:56:37 - INFO - Iter:    37 | Cost: 0.7014196 | Best Cost: 0.5909370
2025-02-22 02:56:39 - INFO - Iter:    38 | Cost: 0.6459173 | Best Cost: 0.5909370
2025-02-22 02:56:40 - INFO - Iter:    39 | Cost: 0.6506096 | Best Cost: 0.5909370
2025-02-22 02:56:41 - INFO - Iter:    40 | Cost: 0.6575663 | Best Cost: 0.5909370
2025-02-22 02:56:43 - INFO - Iter:    41 | Cost: 0.6544250 | Best Cost: 0.5909370
2025-02-22 02:56:45 - INFO - Iter:    42 | Cost: 0.6479292 | Best Cost: 0.5909370
2025-02-22 02:56:46 - INFO - Iter:    43 | Cost: 0.6288076 | Best Cost: 0.5909370
2025-02-22 02:56:47 - INFO - Iter:    44 | Cost: 0.6426103 | Best Cost: 0.5909370
2025-02-22 02:56:49 - INFO - Iter:    45 | Cost: 0.6241184 | Best Cost: 0.5909370
2025-02-22 02:56:50 - INFO - Iter:    46 | Cost: 0.6225295 | Best Cost: 0.5909370
2025-02-22 02:56:52 - INFO - Iter:    47 | Cost: 0.6126528 | Best Cost: 0.5909370
2025-02-22 02:57:01 - INFO - Custo Final: 0.5909370121955667
2025-02-22 02:57:01 - INFO - Silhouette: 0.33047602741331694
2025-02-22 02:57:01 - INFO - Davies Bouldin: 1.268741719454906
2025-02-22 02:57:01 - INFO - Calinski Harabasz: 151.86226449275122
2025-02-22 02:57:01 - INFO - 
Melhores Resultados:
2025-02-22 02:57:01 - INFO - Otimizador: SPSAOptimizer
2025-02-22 02:57:01 - INFO - Tipo de Circuito: circuit_type1
2025-02-22 02:57:01 - INFO - Número de Camadas: 2
2025-02-22 02:57:01 - INFO - Custo: 0.5909370121955667
2025-02-22 02:57:01 - INFO - Score Davies: 1.268741719454906
2025-02-22 02:57:01 - INFO - Score Calinski: 151.86226449275122
2025-02-22 02:57:01 - INFO - Score Silhouette: 0.33047602741331694
2025-02-22 02:57:01 - INFO - [[[1.2841365072640527, 3.0955021837974552, -3.185904695756038], [0.9479737063314406, 2.9728761085317856, 1.306874044939574]], [[-3.0380353820574766, 2.5258045404911478, 1.937700611358153], [-0.3239283438527835, 2.2852448284404696, 0.6881286621831875]]]
2025-02-22 03:06:49 - INFO - Testando: circuit_type1 - SPSAOptimizer - 2 camadas
2025-02-22 03:06:51 - INFO - Iter:     1 | Cost: 0.4345643 | Best Cost: 0.4345643
2025-02-22 03:06:52 - INFO - Iter:     2 | Cost: 0.4259885 | Best Cost: 0.4259885
2025-02-22 03:06:54 - INFO - Iter:     3 | Cost: 0.4383584 | Best Cost: 0.4259885
2025-02-22 03:06:56 - INFO - Iter:     4 | Cost: 0.4147323 | Best Cost: 0.4147323
2025-02-22 03:06:57 - INFO - Iter:     5 | Cost: 0.4176561 | Best Cost: 0.4147323
2025-02-22 03:06:59 - INFO - Iter:     6 | Cost: 0.4329145 | Best Cost: 0.4147323
2025-02-22 03:07:01 - INFO - Iter:     7 | Cost: 0.4222484 | Best Cost: 0.4147323
2025-02-22 03:07:02 - INFO - Iter:     8 | Cost: 0.4143264 | Best Cost: 0.4143264
2025-02-22 03:07:04 - INFO - Iter:     9 | Cost: 0.3386386 | Best Cost: 0.3386386
2025-02-22 03:07:05 - INFO - Iter:    10 | Cost: 0.3197888 | Best Cost: 0.3197888
2025-02-22 03:07:07 - INFO - Iter:    11 | Cost: 0.2906463 | Best Cost: 0.2906463
2025-02-22 03:07:08 - INFO - Iter:    12 | Cost: 0.3322352 | Best Cost: 0.2906463
2025-02-22 03:07:10 - INFO - Iter:    13 | Cost: 0.3249720 | Best Cost: 0.2906463
2025-02-22 03:07:11 - INFO - Iter:    14 | Cost: 0.2138384 | Best Cost: 0.2138384
2025-02-22 03:07:13 - INFO - Iter:    15 | Cost: 0.2202286 | Best Cost: 0.2138384
2025-02-22 03:07:14 - INFO - Iter:    16 | Cost: 0.2894046 | Best Cost: 0.2138384
2025-02-22 03:07:16 - INFO - Iter:    17 | Cost: 0.1584833 | Best Cost: 0.1584833
2025-02-22 03:07:17 - INFO - Iter:    18 | Cost: 0.1166283 | Best Cost: 0.1166283
2025-02-22 03:07:18 - INFO - Iter:    19 | Cost: 0.1773112 | Best Cost: 0.1166283
2025-02-22 03:07:20 - INFO - Iter:    20 | Cost: 0.0492674 | Best Cost: 0.0492674
2025-02-22 03:07:21 - INFO - Iter:    21 | Cost: 0.0858052 | Best Cost: 0.0492674
2025-02-22 03:07:23 - INFO - Iter:    22 | Cost: -0.0170680 | Best Cost: -0.0170680
2025-02-22 03:07:24 - INFO - Iter:    23 | Cost: -0.0027152 | Best Cost: -0.0170680
2025-02-22 03:07:26 - INFO - Iter:    24 | Cost: -0.1665922 | Best Cost: -0.1665922
2025-02-22 03:07:27 - INFO - Iter:    25 | Cost: -0.0006732 | Best Cost: -0.1665922
2025-02-22 03:07:28 - INFO - Iter:    26 | Cost: -0.1010789 | Best Cost: -0.1665922
2025-02-22 03:07:29 - INFO - Iter:    27 | Cost: -0.0781716 | Best Cost: -0.1665922
2025-02-22 03:07:30 - INFO - Iter:    28 | Cost: -0.0570137 | Best Cost: -0.1665922
2025-02-22 03:07:32 - INFO - Iter:    29 | Cost: -0.1541596 | Best Cost: -0.1665922
2025-02-22 03:07:33 - INFO - Iter:    30 | Cost: -0.1477512 | Best Cost: -0.1665922
2025-02-22 03:07:34 - INFO - Iter:    31 | Cost: -0.0455907 | Best Cost: -0.1665922
2025-02-22 03:07:35 - INFO - Iter:    32 | Cost: -0.1231411 | Best Cost: -0.1665922
2025-02-22 03:07:37 - INFO - Iter:    33 | Cost: -0.0856276 | Best Cost: -0.1665922
2025-02-22 03:07:38 - INFO - Iter:    34 | Cost: -0.1082174 | Best Cost: -0.1665922
2025-02-22 03:07:39 - INFO - Iter:    35 | Cost: -0.1716579 | Best Cost: -0.1716579
2025-02-22 03:07:41 - INFO - Iter:    36 | Cost: -0.1268825 | Best Cost: -0.1716579
2025-02-22 03:07:42 - INFO - Iter:    37 | Cost: -0.1540406 | Best Cost: -0.1716579
2025-02-22 03:07:43 - INFO - Iter:    38 | Cost: -0.1397848 | Best Cost: -0.1716579
2025-02-22 03:07:45 - INFO - Iter:    39 | Cost: -0.1908203 | Best Cost: -0.1908203
2025-02-22 03:07:46 - INFO - Iter:    40 | Cost: -0.1124350 | Best Cost: -0.1908203
2025-02-22 03:07:47 - INFO - Iter:    41 | Cost: -0.1323029 | Best Cost: -0.1908203
2025-02-22 03:07:49 - INFO - Iter:    42 | Cost: -0.0860907 | Best Cost: -0.1908203
2025-02-22 03:07:50 - INFO - Iter:    43 | Cost: -0.0910275 | Best Cost: -0.1908203
2025-02-22 03:07:52 - INFO - Iter:    44 | Cost: -0.0805604 | Best Cost: -0.1908203
2025-02-22 03:07:53 - INFO - Iter:    45 | Cost: -0.1727179 | Best Cost: -0.1908203
2025-02-22 03:07:54 - INFO - Iter:    46 | Cost: -0.1203484 | Best Cost: -0.1908203
2025-02-22 03:07:56 - INFO - Iter:    47 | Cost: -0.1108760 | Best Cost: -0.1908203
2025-02-22 03:07:57 - INFO - Iter:    48 | Cost: -0.1332987 | Best Cost: -0.1908203
2025-02-22 03:07:58 - INFO - Iter:    49 | Cost: -0.0882906 | Best Cost: -0.1908203
2025-02-22 03:08:00 - INFO - Iter:    50 | Cost: -0.0863824 | Best Cost: -0.1908203
2025-02-22 03:08:01 - INFO - Iter:    51 | Cost: -0.1122085 | Best Cost: -0.1908203
2025-02-22 03:08:02 - INFO - Iter:    52 | Cost: -0.1654115 | Best Cost: -0.1908203
2025-02-22 03:08:04 - INFO - Iter:    53 | Cost: -0.0831041 | Best Cost: -0.1908203
2025-02-22 03:08:05 - INFO - Iter:    54 | Cost: -0.1602405 | Best Cost: -0.1908203
2025-02-22 03:08:06 - INFO - Iter:    55 | Cost: -0.1377086 | Best Cost: -0.1908203
2025-02-22 03:08:07 - INFO - Iter:    56 | Cost: -0.1373426 | Best Cost: -0.1908203
2025-02-22 03:08:09 - INFO - Iter:    57 | Cost: -0.0743379 | Best Cost: -0.1908203
2025-02-22 03:08:10 - INFO - Iter:    58 | Cost: -0.0921056 | Best Cost: -0.1908203
2025-02-22 03:08:11 - INFO - Iter:    59 | Cost: -0.1451143 | Best Cost: -0.1908203
2025-02-22 03:08:15 - INFO - Custo Final: -0.1908203140996636
2025-02-22 03:08:15 - INFO - Silhouette: 0.8236914617561262
2025-02-22 03:08:15 - INFO - Davies Bouldin: 0.24611524814219152
2025-02-22 03:08:15 - INFO - Calinski Harabasz: 1520.2651293681783
2025-02-22 03:08:15 - INFO - 
Melhores Resultados:
2025-02-22 03:08:15 - INFO - Otimizador: SPSAOptimizer
2025-02-22 03:08:15 - INFO - Tipo de Circuito: circuit_type1
2025-02-22 03:08:15 - INFO - Número de Camadas: 2
2025-02-22 03:08:15 - INFO - Custo: -0.1908203140996636
2025-02-22 03:08:15 - INFO - Score Davies: 0.24611524814219152
2025-02-22 03:08:15 - INFO - Score Calinski: 1520.2651293681783
2025-02-22 03:08:15 - INFO - Score Silhouette: 0.8236914617561262
2025-02-22 03:08:15 - INFO - [[[-2.4497132214973814, -0.9650770732334403, -1.3735336143157628], [-0.8462348315636503, -2.5953199471178, -1.739020240437898]], [[-2.1946848347259222, 1.0598752550373725, 0.9571434747519448], [1.1937162456336976, 2.4681352787823236, 2.7968366208698807]]]
2025-02-22 03:08:30 - INFO - Testando: circuit_type1 - SPSAOptimizer - 2 camadas
2025-02-22 03:08:32 - INFO - Iter:     1 | Cost: 0.4501219 | Best Cost: 0.4501219
2025-02-22 03:08:33 - INFO - Iter:     2 | Cost: 0.4126932 | Best Cost: 0.4126932
2025-02-22 03:08:35 - INFO - Iter:     3 | Cost: 0.4353247 | Best Cost: 0.4126932
2025-02-22 03:08:36 - INFO - Iter:     4 | Cost: 0.4357328 | Best Cost: 0.4126932
2025-02-22 03:08:38 - INFO - Iter:     5 | Cost: 0.4170087 | Best Cost: 0.4126932
2025-02-22 03:08:40 - INFO - Iter:     6 | Cost: 0.4129259 | Best Cost: 0.4126932
2025-02-22 03:08:41 - INFO - Iter:     7 | Cost: 0.4215016 | Best Cost: 0.4126932
2025-02-22 03:08:43 - INFO - Iter:     8 | Cost: 0.4324316 | Best Cost: 0.4126932
2025-02-22 03:08:44 - INFO - Iter:     9 | Cost: 0.4175234 | Best Cost: 0.4126932
2025-02-22 03:08:46 - INFO - Iter:    10 | Cost: 0.4338183 | Best Cost: 0.4126932
2025-02-22 03:08:47 - INFO - Iter:    11 | Cost: 0.4057662 | Best Cost: 0.4057662
2025-02-22 03:08:49 - INFO - Iter:    12 | Cost: 0.4521568 | Best Cost: 0.4057662
2025-02-22 03:08:51 - INFO - Iter:    13 | Cost: 0.4398820 | Best Cost: 0.4057662
2025-02-22 03:08:52 - INFO - Iter:    14 | Cost: 0.4576897 | Best Cost: 0.4057662
2025-02-22 03:08:53 - INFO - Iter:    15 | Cost: 0.4192212 | Best Cost: 0.4057662
2025-02-22 03:08:55 - INFO - Iter:    16 | Cost: 0.4062331 | Best Cost: 0.4057662
2025-02-22 03:08:56 - INFO - Iter:    17 | Cost: 0.4389888 | Best Cost: 0.4057662
2025-02-22 03:08:58 - INFO - Iter:    18 | Cost: 0.4241559 | Best Cost: 0.4057662
2025-02-22 03:09:00 - INFO - Iter:    19 | Cost: 0.4278320 | Best Cost: 0.4057662
2025-02-22 03:09:01 - INFO - Iter:    20 | Cost: 0.4282583 | Best Cost: 0.4057662
2025-02-22 03:09:03 - INFO - Iter:    21 | Cost: 0.4103931 | Best Cost: 0.4057662
2025-02-22 03:09:04 - INFO - Iter:    22 | Cost: 0.4087711 | Best Cost: 0.4057662
2025-02-22 03:09:05 - INFO - Iter:    23 | Cost: 0.4176199 | Best Cost: 0.4057662
2025-02-22 03:09:07 - INFO - Iter:    24 | Cost: 0.4312252 | Best Cost: 0.4057662
2025-02-22 03:09:08 - INFO - Iter:    25 | Cost: 0.4193413 | Best Cost: 0.4057662
2025-02-22 03:09:09 - INFO - Iter:    26 | Cost: 0.4389185 | Best Cost: 0.4057662
2025-02-22 03:09:11 - INFO - Iter:    27 | Cost: 0.4175357 | Best Cost: 0.4057662
2025-02-22 03:09:12 - INFO - Iter:    28 | Cost: 0.4250424 | Best Cost: 0.4057662
2025-02-22 03:09:13 - INFO - Iter:    29 | Cost: 0.4292361 | Best Cost: 0.4057662
2025-02-22 03:09:15 - INFO - Iter:    30 | Cost: 0.4276165 | Best Cost: 0.4057662
2025-02-22 03:09:16 - INFO - Iter:    31 | Cost: 0.4469894 | Best Cost: 0.4057662
2025-02-22 03:09:23 - INFO - Custo Final: 0.4057661675942561
2025-02-22 03:09:23 - INFO - Silhouette: 0.32992519482579513
2025-02-22 03:09:23 - INFO - Davies Bouldin: 1.270840333642895
2025-02-22 03:09:23 - INFO - Calinski Harabasz: 151.972391320325
2025-02-22 03:09:23 - INFO - 
Melhores Resultados:
2025-02-22 03:09:23 - INFO - Otimizador: SPSAOptimizer
2025-02-22 03:09:23 - INFO - Tipo de Circuito: circuit_type1
2025-02-22 03:09:23 - INFO - Número de Camadas: 2
2025-02-22 03:09:23 - INFO - Custo: 0.4057661675942561
2025-02-22 03:09:23 - INFO - Score Davies: 1.270840333642895
2025-02-22 03:09:23 - INFO - Score Calinski: 151.972391320325
2025-02-22 03:09:23 - INFO - Score Silhouette: 0.32992519482579513
2025-02-22 03:09:23 - INFO - [[[0.015595812314431917, 2.10201782231895, 1.7181110650753129], [1.5594659284027779, 2.864651815387032, 0.8792963255563068]], [[0.9250896492827781, -0.06137438805895788, -2.174854721953742], [0.2445003708515246, -2.600822712510703, 2.9130158656440424]]]
2025-02-22 03:10:10 - INFO - Testando: circuit_type1 - SPSAOptimizer - 2 camadas
2025-02-22 03:10:12 - INFO - Iter:     1 | Cost: 0.6877447 | Best Cost: 0.6877447
2025-02-22 03:10:13 - INFO - Iter:     2 | Cost: 0.7485626 | Best Cost: 0.6877447
2025-02-22 03:10:15 - INFO - Iter:     3 | Cost: 0.7037057 | Best Cost: 0.6877447
2025-02-22 03:10:16 - INFO - Iter:     4 | Cost: 0.6924436 | Best Cost: 0.6877447
2025-02-22 03:10:18 - INFO - Iter:     5 | Cost: 0.7352488 | Best Cost: 0.6877447
2025-02-22 03:10:19 - INFO - Iter:     6 | Cost: 0.6711931 | Best Cost: 0.6711931
2025-02-22 03:10:20 - INFO - Iter:     7 | Cost: 0.6835313 | Best Cost: 0.6711931
2025-02-22 03:10:22 - INFO - Iter:     8 | Cost: 0.6783140 | Best Cost: 0.6711931
2025-02-22 03:10:23 - INFO - Iter:     9 | Cost: 0.6238016 | Best Cost: 0.6238016
2025-02-22 03:10:25 - INFO - Iter:    10 | Cost: 0.7010606 | Best Cost: 0.6238016
2025-02-22 03:10:26 - INFO - Iter:    11 | Cost: 0.6355861 | Best Cost: 0.6238016
2025-02-22 03:10:28 - INFO - Iter:    12 | Cost: 0.6017310 | Best Cost: 0.6017310
2025-02-22 03:10:29 - INFO - Iter:    13 | Cost: 0.6720032 | Best Cost: 0.6017310
2025-02-22 03:10:30 - INFO - Iter:    14 | Cost: 0.6378532 | Best Cost: 0.6017310
2025-02-22 03:10:32 - INFO - Iter:    15 | Cost: 0.6313472 | Best Cost: 0.6017310
2025-02-22 03:10:33 - INFO - Iter:    16 | Cost: 0.6775138 | Best Cost: 0.6017310
2025-02-22 03:10:35 - INFO - Iter:    17 | Cost: 0.6168872 | Best Cost: 0.6017310
2025-02-22 03:10:37 - INFO - Iter:    18 | Cost: 0.6351547 | Best Cost: 0.6017310
2025-02-22 03:10:38 - INFO - Iter:    19 | Cost: 0.6661694 | Best Cost: 0.6017310
2025-02-22 03:10:40 - INFO - Iter:    20 | Cost: 0.6465487 | Best Cost: 0.6017310
2025-02-22 03:10:41 - INFO - Iter:    21 | Cost: 0.6635188 | Best Cost: 0.6017310
2025-02-22 03:10:43 - INFO - Iter:    22 | Cost: 0.6224005 | Best Cost: 0.6017310
2025-02-22 03:10:44 - INFO - Iter:    23 | Cost: 0.6846956 | Best Cost: 0.6017310
2025-02-22 03:10:45 - INFO - Iter:    24 | Cost: 0.6569005 | Best Cost: 0.6017310
2025-02-22 03:10:47 - INFO - Iter:    25 | Cost: 0.6814374 | Best Cost: 0.6017310
2025-02-22 03:10:48 - INFO - Iter:    26 | Cost: 0.6243940 | Best Cost: 0.6017310
2025-02-22 03:10:50 - INFO - Iter:    27 | Cost: 0.6685412 | Best Cost: 0.6017310
2025-02-22 03:10:51 - INFO - Iter:    28 | Cost: 0.6775005 | Best Cost: 0.6017310
2025-02-22 03:10:53 - INFO - Iter:    29 | Cost: 0.6435534 | Best Cost: 0.6017310
2025-02-22 03:10:54 - INFO - Iter:    30 | Cost: 0.5982333 | Best Cost: 0.5982333
2025-02-22 03:10:56 - INFO - Iter:    31 | Cost: 0.6514941 | Best Cost: 0.5982333
2025-02-22 03:10:58 - INFO - Iter:    32 | Cost: 0.6397554 | Best Cost: 0.5982333
2025-02-22 03:10:59 - INFO - Iter:    33 | Cost: 0.6782822 | Best Cost: 0.5982333
2025-02-22 03:11:01 - INFO - Iter:    34 | Cost: 0.6369770 | Best Cost: 0.5982333
2025-02-22 03:11:02 - INFO - Iter:    35 | Cost: 0.6219465 | Best Cost: 0.5982333
2025-02-22 03:11:04 - INFO - Iter:    36 | Cost: 0.6202275 | Best Cost: 0.5982333
2025-02-22 03:11:05 - INFO - Iter:    37 | Cost: 0.6502980 | Best Cost: 0.5982333
2025-02-22 03:11:07 - INFO - Iter:    38 | Cost: 0.6183577 | Best Cost: 0.5982333
2025-02-22 03:11:09 - INFO - Iter:    39 | Cost: 0.6611681 | Best Cost: 0.5982333
2025-02-22 03:11:10 - INFO - Iter:    40 | Cost: 0.6524461 | Best Cost: 0.5982333
2025-02-22 03:11:12 - INFO - Iter:    41 | Cost: 0.6199724 | Best Cost: 0.5982333
2025-02-22 03:11:14 - INFO - Iter:    42 | Cost: 0.6483513 | Best Cost: 0.5982333
2025-02-22 03:11:15 - INFO - Iter:    43 | Cost: 0.6747354 | Best Cost: 0.5982333
2025-02-22 03:11:17 - INFO - Iter:    44 | Cost: 0.6221950 | Best Cost: 0.5982333
2025-02-22 03:11:19 - INFO - Iter:    45 | Cost: 0.6122232 | Best Cost: 0.5982333
2025-02-22 03:11:20 - INFO - Iter:    46 | Cost: 0.6478080 | Best Cost: 0.5982333
2025-02-22 03:11:22 - INFO - Iter:    47 | Cost: 0.6371609 | Best Cost: 0.5982333
2025-02-22 03:11:23 - INFO - Iter:    48 | Cost: 0.5755378 | Best Cost: 0.5755378
2025-02-22 03:11:24 - INFO - Iter:    49 | Cost: 0.6339118 | Best Cost: 0.5755378
2025-02-22 03:11:26 - INFO - Iter:    50 | Cost: 0.6119687 | Best Cost: 0.5755378
2025-02-22 03:11:27 - INFO - Iter:    51 | Cost: 0.6191135 | Best Cost: 0.5755378
2025-02-22 03:11:29 - INFO - Iter:    52 | Cost: 0.6679044 | Best Cost: 0.5755378
2025-02-22 03:11:30 - INFO - Iter:    53 | Cost: 0.6151150 | Best Cost: 0.5755378
2025-02-22 03:11:32 - INFO - Iter:    54 | Cost: 0.6113116 | Best Cost: 0.5755378
2025-02-22 03:11:33 - INFO - Iter:    55 | Cost: 0.6633055 | Best Cost: 0.5755378
2025-02-22 03:11:34 - INFO - Iter:    56 | Cost: 0.6314811 | Best Cost: 0.5755378
2025-02-22 03:11:36 - INFO - Iter:    57 | Cost: 0.5962540 | Best Cost: 0.5755378
2025-02-22 03:11:37 - INFO - Iter:    58 | Cost: 0.6152362 | Best Cost: 0.5755378
2025-02-22 03:11:39 - INFO - Iter:    59 | Cost: 0.5873087 | Best Cost: 0.5755378
2025-02-22 03:11:41 - INFO - Iter:    60 | Cost: 0.6562900 | Best Cost: 0.5755378
2025-02-22 03:11:42 - INFO - Iter:    61 | Cost: 0.6319287 | Best Cost: 0.5755378
2025-02-22 03:11:44 - INFO - Iter:    62 | Cost: 0.6302610 | Best Cost: 0.5755378
2025-02-22 03:11:45 - INFO - Iter:    63 | Cost: 0.6359447 | Best Cost: 0.5755378
2025-02-22 03:11:47 - INFO - Iter:    64 | Cost: 0.6645900 | Best Cost: 0.5755378
2025-02-22 03:11:48 - INFO - Iter:    65 | Cost: 0.6477579 | Best Cost: 0.5755378
2025-02-22 03:11:50 - INFO - Iter:    66 | Cost: 0.6173596 | Best Cost: 0.5755378
2025-02-22 03:11:51 - INFO - Iter:    67 | Cost: 0.6035082 | Best Cost: 0.5755378
2025-02-22 03:11:53 - INFO - Iter:    68 | Cost: 0.6238834 | Best Cost: 0.5755378
2025-02-22 03:11:59 - INFO - Custo Final: 0.5755378457428169
2025-02-22 03:11:59 - INFO - Silhouette: 0.32553495495252766
2025-02-22 03:11:59 - INFO - Davies Bouldin: 1.286058820627555
2025-02-22 03:11:59 - INFO - Calinski Harabasz: 148.4298660399048
2025-02-22 03:11:59 - INFO - 
Melhores Resultados:
2025-02-22 03:11:59 - INFO - Otimizador: SPSAOptimizer
2025-02-22 03:11:59 - INFO - Tipo de Circuito: circuit_type1
2025-02-22 03:11:59 - INFO - Número de Camadas: 2
2025-02-22 03:11:59 - INFO - Custo: 0.5755378457428169
2025-02-22 03:11:59 - INFO - Score Davies: 1.286058820627555
2025-02-22 03:11:59 - INFO - Score Calinski: 148.4298660399048
2025-02-22 03:11:59 - INFO - Score Silhouette: 0.32553495495252766
2025-02-22 03:11:59 - INFO - [[[0.12429743596703376, 1.2190412893071794, -1.309173574257513], [-0.6212231694308059, 0.3658451255107052, -2.024832688939839]], [[-2.2284368722767276, -0.5252812961922035, 0.06366185989019235], [-0.26909493888070746, 2.2110366299176314, -1.3308201856600115]]]
